Log file open, 08/21/14 17:32:11
LogInit:Display: Running engine for game: TP_BPFirstPersonRift
LogInit: Version: 4.3.0-2215663+++depot+UE4-Releases+4.3
LogInit: API Version: 2215663
LogInit: Compiled (64-bit): Jul 14 2014 22:23:33
LogInit: Build Configuration: Development
LogInit: Branch Name: ++depot+UE4-Releases+4.3
LogInit: Command line:  /Temp/Autosaves/Game/Maps/UEDPCExample_Map -game -PIEVIACONSOLE -ResX=1280 -ResY=720  -Multiprocess 
LogInit: Base directory: I:/Unreal/4.3/Engine/Binaries/Win64/
LogInit: Rocket: 1
[2014.08.21-07.32.11:102][  0]LogTaskGraph: Started task graph with 3 named threads and 4 total threads.
[2014.08.21-07.32.11:132][  0]LogOnline:Warning: No default platform service specified for OnlineSubsystem
[2014.08.21-07.32.11:141][  0]LogInit: Presizing for 0 objects not considered by GC, pre-allocating 0 bytes.
[2014.08.21-07.32.11:149][  0]LogInit: Object subsystem initialized
[2014.08.21-07.32.11:150][  0]LogInit: Selected Device Profile: [Windows]
[2014.08.21-07.32.11:150][  0]LogInit: Applying CVar settings loaded from the selected device profile: [Windows]
[2014.08.21-07.32.11:154][  0]LogInit: Computer: HOME
[2014.08.21-07.32.11:155][  0]LogInit: User: McCaffrey
[2014.08.21-07.32.11:156][  0]LogInit: CPU Page size=4096, Cores=4
[2014.08.21-07.32.11:156][  0]LogInit: High frequency timer resolution =3.410077 MHz
[2014.08.21-07.32.11:156][  0]LogMemory: Memory total: Physical=15.9GB (16GB approx) Virtual=131072.0GB
[2014.08.21-07.32.11:157][  0]LogMemory: Platform Memory Stats for Windows
[2014.08.21-07.32.11:157][  0]LogMemory: Process Physical Memory: 59.09 MB used, 59.09 MB peak
[2014.08.21-07.32.11:157][  0]LogMemory: Process Virtual Memory: 35.84 MB used, 35.84 MB peak
[2014.08.21-07.32.11:157][  0]LogMemory: Physical Memory: 4015.27 MB used, 16268.46 MB total
[2014.08.21-07.32.11:157][  0]LogMemory: Virtual Memory: 252.38 MB used, 134217728.00 MB total
[2014.08.21-07.32.11:332][  0]LogD3D11RHI: Found D3D11 adapter 0: NVIDIA GeForce GTX 770 (Feature Level 11_0)
[2014.08.21-07.32.11:332][  0]LogD3D11RHI: Adapter has 1985MB of dedicated video memory, 0MB of dedicated system memory, and 2048MB of shared system memory, 3 output[s]
[2014.08.21-07.32.11:338][  0]LogD3D11RHI: Found D3D11 adapter 1: Intel(R) HD Graphics 4600 (Feature Level 11_0)
[2014.08.21-07.32.11:338][  0]LogD3D11RHI: Adapter has 32MB of dedicated video memory, 0MB of dedicated system memory, and 1760MB of shared system memory, 0 output[s]
[2014.08.21-07.32.11:339][  0]LogD3D11RHI: Found D3D11 adapter 2: Microsoft Basic Render Driver (Feature Level 11_0)
[2014.08.21-07.32.11:339][  0]LogD3D11RHI: Adapter has 0MB of dedicated video memory, 0MB of dedicated system memory, and 256MB of shared system memory, 0 output[s]
[2014.08.21-07.32.11:339][  0]LogD3D11RHI: Chosen D3D11 Adapter Id = 0
[2014.08.21-07.32.11:344][  0]LogRHI: Texture pool is 1361 MB (70% of 1945 MB)
[2014.08.21-07.32.11:355][  0]LogD3D11RHI: Async texture creation enabled
[2014.08.21-07.32.11:476][  0]LogContentStreaming: Texture pool size is 1000.000000MB
[2014.08.21-07.32.12:067][  0]LogTargetPlatformManager:Display: Building Assets For Windows
[2014.08.21-07.32.12:180][  0]LogTargetPlatformManager:Display: Building Assets For Windows
[2014.08.21-07.32.12:215][  0]LogDerivedDataCache:Display: Max Cache Size: 512 MB
[2014.08.21-07.32.12:252][  0]LogDerivedDataCache: Loaded boot cache 0.04s 39MB C:/Users/McCaffrey/AppData/Local/UnrealEngine/4.3/DerivedDataCache/Boot.ddc.
[2014.08.21-07.32.12:252][  0]LogDerivedDataCache:Display: Loaded Boot cache: C:/Users/McCaffrey/AppData/Local/UnrealEngine/4.3/DerivedDataCache/Boot.ddc
[2014.08.21-07.32.12:252][  0]LogDerivedDataCache: FDerivedDataBackendGraph:  Pak pak cache file F:/Unreal/GitHub/TP_BPFirstPersonRift/DerivedDataCache/DDC.ddp not found, will not use a pak cache.
[2014.08.21-07.32.12:252][  0]LogDerivedDataCache: Unable to find inner node Pak for hierarchical cache Hierarchy.
[2014.08.21-07.32.12:267][  0]LogDerivedDataCache:Display: Pak cache opened for reading ../../../Engine/DerivedDataCache/DDC.ddp.
[2014.08.21-07.32.12:279][  0]LogDerivedDataCache: Using Local data cache path C:/Users/McCaffrey/AppData/Local/UnrealEngine/4.3/DerivedDataCache: Writable
[2014.08.21-07.32.12:404][  0]LogMeshUtilities: No automatic mesh reduction module available
[2014.08.21-07.32.12:404][  0]LogMeshUtilities: No automatic mesh merging module available
[2014.08.21-07.32.12:675][  0]LogInit: WinSock: version 1.1 (2.2), MaxSocks=32767, MaxUdp=65467
[2014.08.21-07.32.13:356][  0]LogWindowsMoviePlayer: Unable to load movie: F:/Unreal/GitHub/TP_BPFirstPersonRift/Content/Movies/Default_Startup.mp4
[2014.08.21-07.32.13:395][  0]LogLinker:Warning: Asset '../../../Engine/Plugins/Experimental/Paper2D/Content/DefaultPaperTerrainMaterial.uasset' has been saved with empty engine version. The asset will be loaded but may be incompatible.
[2014.08.21-07.32.13:395][  0]LogLinker:Warning: Asset '../../../Engine/Plugins/Experimental/Paper2D/Content/DummySprite.uasset' has been saved with empty engine version. The asset will be loaded but may be incompatible.
[2014.08.21-07.32.13:419][  0]SourceControl: Info Source control is disabled
[2014.08.21-07.32.13:419][  0]SourceControl: Info Source control is disabled
[2014.08.21-07.32.13:424][  0]SourceControl: Info Source control is disabled
[2014.08.21-07.32.13:433][  0]LogObj: 19766 objects as part of root set at end of initial load.
[2014.08.21-07.32.13:433][  0]LogUObjectAllocator: 3752232 out of 0 bytes used by permanent object pool.
[2014.08.21-07.32.13:574][  0]LogAutomationTest:Warning: ERR: Transient text cannot be serialized "Testing Transient serialization detection".
[2014.08.21-07.32.13:574][  0]LogEngine: Initializing Engine...
[2014.08.21-07.32.13:622][  0]OCULUS: *** SensorFusion Startup: TimeSeconds = 0.000000
[2014.08.21-07.32.13:829][  0]OCULUS: 
[2014.08.21-07.32.13:829][  0]OCULUS: OVR::SensorDevice - Closed '\\?\hid#vid_2833&pid_0021#8&150667f&0&0000#{4d1e55b2-f16f-11cf-88cb-001111000030}'
[2014.08.21-07.32.13:829][  0]OCULUS: OVR::Win32::HIDDevice - Closed '\\?\hid#vid_2833&pid_0021#8&150667f&0&0000#{4d1e55b2-f16f-11cf-88cb-001111000030}'
[2014.08.21-07.32.13:829][  0]OCULUS: 
[2014.08.21-07.32.13:829][  0]OCULUS: OVR::SensorDevice - Closed '\\?\hid#vid_2833&pid_0021#8&150667f&0&0000#{4d1e55b2-f16f-11cf-88cb-001111000030}'
[2014.08.21-07.32.13:829][  0]OCULUS: OVR::Win32::HIDDevice - Closed '\\?\hid#vid_2833&pid_0021#8&150667f&0&0000#{4d1e55b2-f16f-11cf-88cb-001111000030}'
[2014.08.21-07.32.13:829][  0]LogHMD:Warning: HMD Oculus Rift DK2, Monitor \\.\DISPLAY3\Monitor0, res = 1920 x 1080, windowPos = {-1920, 0}
[2014.08.21-07.32.13:829][  0]LogHMD: Oculus initialized.
[2014.08.21-07.32.13:947][  0]OCULUS: 
[2014.08.21-07.32.13:947][  0]OCULUS: Sensor created.
[2014.08.21-07.32.13:948][  0]OCULUS: SyncBox: NOT using box!
[2014.08.21-07.32.13:985][  0]OCULUS: IOCTL_OCUSBVID_EXECUTE_VIDEO_STREAMING_REQUEST commit SET_CUR succeeded
[2014.08.21-07.32.13:985][  0]OCULUS: Sensor Pose tracker created.
[2014.08.21-07.32.14:075][  0]LogInit: XAudio2 using 'Speakers (Realtek High Definition Audio)' : 2 channels at 48 kHz using 32 bits per sample (channel mask 0x3)
[2014.08.21-07.32.14:085][  0]LogInit: FAudioDevice initialized.
[2014.08.21-07.32.14:088][  0]LogInit: Texture streaming: Enabled
[2014.08.21-07.32.14:136][  0]LogConsoleResponse:Display: 
[2014.08.21-07.32.14:137][  0]LogNet: Browse: /Temp/Autosaves/Game/Maps/UEDPCExample_Map?Name=Player
[2014.08.21-07.32.14:137][  0]LogLoad: LoadMap: /Temp/Autosaves/Game/Maps/UEDPCExample_Map?Name=Player
[2014.08.21-07.32.14:151][  0]LogMemory: Platform Memory Stats for Windows
[2014.08.21-07.32.14:151][  0]LogMemory: Process Physical Memory: 271.46 MB used, 300.01 MB peak
[2014.08.21-07.32.14:151][  0]LogMemory: Process Virtual Memory: 224.40 MB used, 256.87 MB peak
[2014.08.21-07.32.14:151][  0]LogMemory: Physical Memory: 4200.01 MB used, 16268.46 MB total
[2014.08.21-07.32.14:151][  0]LogMemory: Virtual Memory: 624.64 MB used, 134217728.00 MB total
[2014.08.21-07.32.14:151][  0]LogMemory: 
[2014.08.21-07.32.14:151][  0]Allocator Stats for TBB: (not implemented)
[2014.08.21-07.32.15:306][  0]OCULUS: Skipped 313841 frames
[2014.08.21-07.32.15:306][  0]OCULUS: Skipped 3 frames
[2014.08.21-07.32.15:306][  0]OCULUS: modulation start failed!
[2014.08.21-07.32.15:344][  0]LogWorld: Game class is 'VRGameMode_C'
[2014.08.21-07.32.15:359][  0]LogAIModule: Creating AISystem for world Example_Map
[2014.08.21-07.32.15:364][  0]LogWorld: Bringing World /Temp/Autosaves/Game/Maps/UEDPCExample_Map.Example_Map up for play (max tick rate 0) at 2014.08.21-17.32.15
[2014.08.21-07.32.15:465][  0]LogWorld: Bringing up level for play took: 0.106072
[2014.08.21-07.32.15:489][  0]LogPlayerController: Spawned spectator SpectatorPawn_0 [server:1]
[2014.08.21-07.32.15:489][  0]LogGameMode: RestartPlayer Player
[2014.08.21-07.32.15:602][  0]LogPlayerController: ClientRestart_Implementation ExplorationCharacter_C_0
[2014.08.21-07.32.15:602][  0]LogPlayerController: ServerAcknowledgePossession_Implementation ExplorationCharacter_C_0
[2014.08.21-07.32.15:667][  0]Command not recognized:  hmdwarp 1=1 
[2014.08.21-07.32.15:667][  0]Command not recognized:  hmdwarp s=1.3 
[2014.08.21-07.32.15:667][  0]LogInit:Display: Game Engine Initialized.
[2014.08.21-07.32.15:876][  0]LogLoad: Full Startup: 5.53 seconds (BP compile: 0.72 seconds)
[2014.08.21-07.32.16:039][  0]LogRenderer:Warning: Reallocating scene render targets to support 1280x720.
[2014.08.21-07.32.19:232][205]LogSlate: SRTH: 0000007D4DEC81C0, 1280 x 720
[2014.08.21-07.32.20:976][271]OCULUS: cameraToHMDoffset: -271786
[2014.08.21-07.32.20:977][271]LogHMD:Warning: Vision Tracking Acquired
[2014.08.21-07.32.21:009][273]OCULUS: TrackPose: Obs2PredMatcher failed
[2014.08.21-07.32.21:069][275]LogHMD:Warning: Lost Vision Tracking
[2014.08.21-07.32.21:177][280]OCULUS: Ransac failed - Not enough points (3)
[2014.08.21-07.32.21:209][280]OCULUS: cameraToHMDoffset: -271786
[2014.08.21-07.32.21:209][280]LogHMD:Warning: Vision Tracking Acquired
[2014.08.21-07.32.21:225][281]OCULUS: TrackPose: Obs2PredMatcher failed
[2014.08.21-07.32.21:283][283]LogHMD:Warning: Lost Vision Tracking
[2014.08.21-07.32.21:395][287]OCULUS: Ransac failed - Not enough points (3)
[2014.08.21-07.32.21:410][288]OCULUS: cameraToHMDoffset: -271786
[2014.08.21-07.32.21:423][288]LogHMD:Warning: Vision Tracking Acquired
[2014.08.21-07.32.21:443][290]OCULUS: TrackPose: Obs2PredMatcher failed
[2014.08.21-07.32.21:508][292]LogHMD:Warning: Lost Vision Tracking
[2014.08.21-07.32.21:610][297]OCULUS: Ransac failed - Not enough points (3)
[2014.08.21-07.32.21:629][298]OCULUS: cameraToHMDoffset: -271786
[2014.08.21-07.32.21:640][298]LogHMD:Warning: Vision Tracking Acquired
[2014.08.21-07.32.22:125][319]OCULUS: Initial vision latency: 1.00 frames
[2014.08.21-07.32.33:349][765]Closing by request
[2014.08.21-07.32.33:349][765]LogWindows: FPlatformMisc::RequestExit(0)
[2014.08.21-07.32.33:420][766]LogWindowsTextInputMethodSystem:Error: Terminating failed while unadvising the language notification sink from the TSF source.
[2014.08.21-07.32.33:440][766]LogExit: Preparing to exit.
[2014.08.21-07.32.33:588][766]LogExit: Game engine shut down
[2014.08.21-07.32.33:588][766]LogParticles: Destroying 0 GPU particle simulations for FXSystem 0x0000007D480D1C60
[2014.08.21-07.32.33:742][766]OCULUS: TrackPose: Obs2PredMatcher failed
[2014.08.21-07.32.33:928][766]OCULUS: Skipped 0 frames
[2014.08.21-07.32.33:933][766]OCULUS: Sensor Pose tracker destroyed.
[2014.08.21-07.32.33:933][766]OCULUS: StopSensor succeeded.
[2014.08.21-07.32.33:933][766]OCULUS: OVR::SensorDevice - Closed '\\?\hid#vid_2833&pid_0021#8&150667f&0&0000#{4d1e55b2-f16f-11cf-88cb-001111000030}'
[2014.08.21-07.32.33:933][766]OCULUS: OVR::Win32::HIDDevice - Closed '\\?\hid#vid_2833&pid_0021#8&150667f&0&0000#{4d1e55b2-f16f-11cf-88cb-001111000030}'
[2014.08.21-07.32.33:933][766]OCULUS: OVR::DeviceManager - shutting down.
[2014.08.21-07.32.33:933][766]OCULUS: OVR::DeviceManagerThread - exiting (ThreadId=0x2AEC).
[2014.08.21-07.32.33:933][766]LogHMD: Oculus shutdown.
[2014.08.21-07.32.33:963][766]LogExit: Object subsystem successfully closed.
[2014.08.21-07.32.33:980][766]LogModuleManager: Shutting down and abandoning module HTTP (107)
[2014.08.21-07.32.33:980][766]LogModuleManager: Shutting down and abandoning module AndroidDeviceDetection (106)
[2014.08.21-07.32.33:980][766]LogModuleManager: Shutting down and abandoning module AutomationWorker (105)
[2014.08.21-07.32.33:980][766]LogModuleManager: Shutting down and abandoning module GameplayDebugger (104)
[2014.08.21-07.32.33:980][766]LogModuleManager: Shutting down and abandoning module AIModule (103)
[2014.08.21-07.32.33:980][766]LogModuleManager: Shutting down and abandoning module GameLiveStreaming (102)
[2014.08.21-07.32.33:980][766]LogModuleManager: Shutting down and abandoning module StreamingPauseRendering (101)
[2014.08.21-07.32.33:980][766]LogModuleManager: Shutting down and abandoning module AnalyticsET (100)
[2014.08.21-07.32.33:980][766]LogModuleManager: Shutting down and abandoning module Analytics (99)
[2014.08.21-07.32.33:980][766]LogModuleManager: Shutting down and abandoning module ProfilerService (98)
[2014.08.21-07.32.34:216][766]LogModuleManager: Shutting down and abandoning module TaskGraph (97)
[2014.08.21-07.32.34:216][766]LogModuleManager: Shutting down and abandoning module SourceControl (96)
[2014.08.21-07.32.34:216][766]LogModuleManager: Shutting down and abandoning module ImageWrapper (95)
[2014.08.21-07.32.34:216][766]LogModuleManager: Shutting down and abandoning module OnlineBlueprintSupport (94)
[2014.08.21-07.32.34:216][766]LogModuleManager: Shutting down and abandoning module FunctionalTesting (93)
[2014.08.21-07.32.34:216][766]LogModuleManager: Shutting down and abandoning module CollisionAnalyzer (92)
[2014.08.21-07.32.34:216][766]LogModuleManager: Shutting down and abandoning module WorkspaceMenuStructure (91)
[2014.08.21-07.32.34:216][766]LogModuleManager: Shutting down and abandoning module MessageLog (90)
[2014.08.21-07.32.34:216][766]LogModuleManager: Shutting down and abandoning module Slate (89)
[2014.08.21-07.32.34:216][766]LogModuleManager: Shutting down and abandoning module EditorStyle (88)
[2014.08.21-07.32.34:217][766]LogModuleManager: Shutting down and abandoning module SessionServices (87)
[2014.08.21-07.32.34:217][766]LogModuleManager: Shutting down and abandoning module SourceCodeAccess (86)
[2014.08.21-07.32.34:217][766]LogModuleManager: Shutting down and abandoning module HeadMountedDisplay (85)
[2014.08.21-07.32.34:217][766]LogModuleManager: Shutting down and abandoning module XAudio2 (84)
[2014.08.21-07.32.34:217][766]LogModuleManager: Shutting down and abandoning module Networking (82)
[2014.08.21-07.32.34:217][766]LogModuleManager: Shutting down and abandoning module Core (81)
[2014.08.21-07.32.34:217][766]LogModuleManager: Shutting down and abandoning module KismetCompiler (80)
[2014.08.21-07.32.34:217][766]LogModuleManager: Shutting down and abandoning module PhysXFormats (79)
[2014.08.21-07.32.34:217][766]LogModuleManager: Shutting down and abandoning module MeshUtilities (78)
[2014.08.21-07.32.34:217][766]LogModuleManager: Shutting down and abandoning module DerivedDataCache (77)
[2014.08.21-07.32.34:285][766]LogDerivedDataCache: Shutdown
[2014.08.21-07.32.34:285][766]LogModuleManager: Shutting down and abandoning module ShaderFormatOpenGL (76)
[2014.08.21-07.32.34:285][766]LogModuleManager: Shutting down and abandoning module ShaderFormatD3D (75)
[2014.08.21-07.32.34:285][766]LogModuleManager: Shutting down and abandoning module MetalShaderFormat (74)
[2014.08.21-07.32.34:285][766]LogModuleManager: Shutting down and abandoning module TextureFormatUncompressed (73)
[2014.08.21-07.32.34:285][766]LogModuleManager: Shutting down and abandoning module TextureFormatPVR (72)
[2014.08.21-07.32.34:285][766]LogModuleManager: Shutting down and abandoning module TextureFormatDXT (71)
[2014.08.21-07.32.34:285][766]LogModuleManager: Shutting down and abandoning module TextureFormatAndroid (70)
[2014.08.21-07.32.34:285][766]LogModuleManager: Shutting down and abandoning module AudioFormatOpus (69)
[2014.08.21-07.32.34:285][766]LogModuleManager: Shutting down and abandoning module AudioFormatOgg (68)
[2014.08.21-07.32.34:285][766]LogModuleManager: Shutting down and abandoning module AudioFormatADPCM (67)
[2014.08.21-07.32.34:285][766]LogModuleManager: Shutting down and abandoning module Messaging (66)
[2014.08.21-07.32.34:285][766]LogModuleManager: Shutting down and abandoning module IOSTargetPlatform (65)
[2014.08.21-07.32.34:285][766]LogModuleManager: Shutting down and abandoning module Android_PVRTCTargetPlatform (64)
[2014.08.21-07.32.34:285][766]LogModuleManager: Shutting down and abandoning module Android_ETC2TargetPlatform (63)
[2014.08.21-07.32.34:285][766]LogModuleManager: Shutting down and abandoning module Android_ETC1TargetPlatform (62)
[2014.08.21-07.32.34:285][766]LogModuleManager: Shutting down and abandoning module Android_DXTTargetPlatform (61)
[2014.08.21-07.32.34:285][766]LogModuleManager: Shutting down and abandoning module Android_ATCTargetPlatform (60)
[2014.08.21-07.32.34:285][766]LogModuleManager: Shutting down and abandoning module AndroidTargetPlatform (59)
[2014.08.21-07.32.34:285][766]LogModuleManager: Shutting down and abandoning module WindowsTargetPlatform (58)
[2014.08.21-07.32.34:285][766]LogModuleManager: Shutting down and abandoning module WindowsServerTargetPlatform (57)
[2014.08.21-07.32.34:285][766]LogModuleManager: Shutting down and abandoning module WindowsNoEditorTargetPlatform (56)
[2014.08.21-07.32.34:285][766]LogModuleManager: Shutting down and abandoning module WindowsClientTargetPlatform (55)
[2014.08.21-07.32.34:285][766]LogModuleManager: Shutting down and abandoning module TargetPlatform (54)
[2014.08.21-07.32.34:285][766]LogModuleManager: Shutting down and abandoning module InputCore (53)
[2014.08.21-07.32.34:285][766]LogModuleManager: Shutting down and abandoning module Settings (52)
[2014.08.21-07.32.34:285][766]LogModuleManager: Shutting down and abandoning module TextureCompressor (49)
[2014.08.21-07.32.34:285][766]LogModuleManager: Shutting down and abandoning module ShaderCore (48)
[2014.08.21-07.32.34:285][766]LogModuleManager: Shutting down and abandoning module OpenGLDrv (47)
[2014.08.21-07.32.34:285][766]LogModuleManager: Shutting down and abandoning module D3D11RHI (46)
[2014.08.21-07.32.34:285][766]LogModuleManager: Shutting down and abandoning module SlateRHIRenderer (45)
[2014.08.21-07.32.34:285][766]LogModuleManager: Shutting down and abandoning module Renderer (44)
[2014.08.21-07.32.34:285][766]LogModuleManager: Shutting down and abandoning module Engine (43)
[2014.08.21-07.32.34:285][766]LogModuleManager: Shutting down and abandoning module SlateRemote (42)
[2014.08.21-07.32.34:285][766]LogModuleManager: Shutting down and abandoning module ScriptPlugin (41)
[2014.08.21-07.32.34:285][766]LogModuleManager: Shutting down and abandoning module WindowsMoviePlayer (38)
[2014.08.21-07.32.34:286][766]LogModuleManager: Shutting down and abandoning module ExampleDeviceProfileSelector (31)
[2014.08.21-07.32.34:286][766]LogModuleManager: Shutting down and abandoning module CustomMeshComponent (30)
[2014.08.21-07.32.34:286][766]LogModuleManager: Shutting down and abandoning module CableComponent (29)
[2014.08.21-07.32.34:286][766]LogModuleManager: Shutting down and abandoning module OculusRift (25)
[2014.08.21-07.32.34:286][766]LogModuleManager: Shutting down and abandoning module UdpMessaging (24)
[2014.08.21-07.32.34:286][766]LogModuleManager: Shutting down and abandoning module Paper2D (18)
[2014.08.21-07.32.34:286][766]LogModuleManager: Shutting down and abandoning module VisualStudioSourceCodeAccess (10)
[2014.08.21-07.32.34:286][766]LogModuleManager: Shutting down and abandoning module UObjectPlugin (9)
[2014.08.21-07.32.34:286][766]LogModuleManager: Shutting down and abandoning module SubversionSourceControl (8)
[2014.08.21-07.32.34:286][766]LogModuleManager: Shutting down and abandoning module PerforceSourceControl (7)
[2014.08.21-07.32.34:286][766]LogModuleManager: Shutting down and abandoning module BlankPlugin (6)
[2014.08.21-07.32.34:286][766]LogModuleManager: Shutting down and abandoning module CoreUObject (5)
[2014.08.21-07.32.34:286][766]LogModuleManager: Shutting down and abandoning module NetworkFile (4)
[2014.08.21-07.32.34:286][766]LogModuleManager: Shutting down and abandoning module StreamingFile (3)
[2014.08.21-07.32.34:286][766]LogModuleManager: Shutting down and abandoning module SandboxFile (2)
[2014.08.21-07.32.34:286][766]LogModuleManager: Shutting down and abandoning module PakFile (1)
[2014.08.21-07.32.34:286][766]LogExit: Exiting.
[2014.08.21-07.32.34:287][766]Log file closed, 08/21/14 17:32:34
