Log file open, 08/21/14 17:26:49
LogInit:Display: Running engine for game: TP_BPFirstPersonRift
LogInit: Version: 4.3.0-2215663+++depot+UE4-Releases+4.3
LogInit: API Version: 2215663
LogInit: Compiled (64-bit): Jul 14 2014 22:23:33
LogInit: Build Configuration: Development
LogInit: Branch Name: ++depot+UE4-Releases+4.3
LogInit: Command line:  
LogInit: Base directory: I:/Unreal/4.3/Engine/Binaries/Win64/
LogInit: Rocket: 1
[2014.08.21-07.26.49:248][  0]LogTaskGraph: Started task graph with 3 named threads and 4 total threads.
[2014.08.21-07.26.49:275][  0]LogOnline:Warning: No default platform service specified for OnlineSubsystem
[2014.08.21-07.26.49:282][  0]LogInit: Presizing for 0 objects not considered by GC, pre-allocating 0 bytes.
[2014.08.21-07.26.49:286][  0]LogInit: Object subsystem initialized
[2014.08.21-07.26.49:287][  0]LogInit: Selected Device Profile: [Windows]
[2014.08.21-07.26.49:287][  0]LogInit: Applying CVar settings loaded from the selected device profile: [Windows]
[2014.08.21-07.26.49:292][  0]LogInit: Computer: HOME
[2014.08.21-07.26.49:292][  0]LogInit: User: McCaffrey
[2014.08.21-07.26.49:293][  0]LogInit: CPU Page size=4096, Cores=4
[2014.08.21-07.26.49:293][  0]LogInit: High frequency timer resolution =3.410077 MHz
[2014.08.21-07.26.49:293][  0]LogMemory: Memory total: Physical=15.9GB (16GB approx) Virtual=131072.0GB
[2014.08.21-07.26.49:293][  0]LogMemory: Platform Memory Stats for Windows
[2014.08.21-07.26.49:293][  0]LogMemory: Process Physical Memory: 59.08 MB used, 59.08 MB peak
[2014.08.21-07.26.49:293][  0]LogMemory: Process Virtual Memory: 35.84 MB used, 35.84 MB peak
[2014.08.21-07.26.49:293][  0]LogMemory: Physical Memory: 3324.66 MB used, 16268.46 MB total
[2014.08.21-07.26.49:293][  0]LogMemory: Virtual Memory: 252.38 MB used, 134217728.00 MB total
[2014.08.21-07.26.49:330][  0]LogD3D11RHI: Found D3D11 adapter 0: NVIDIA GeForce GTX 770 (Feature Level 11_0)
[2014.08.21-07.26.49:330][  0]LogD3D11RHI: Adapter has 1985MB of dedicated video memory, 0MB of dedicated system memory, and 2048MB of shared system memory, 3 output[s]
[2014.08.21-07.26.49:337][  0]LogD3D11RHI: Found D3D11 adapter 1: Intel(R) HD Graphics 4600 (Feature Level 11_0)
[2014.08.21-07.26.49:337][  0]LogD3D11RHI: Adapter has 32MB of dedicated video memory, 0MB of dedicated system memory, and 1760MB of shared system memory, 0 output[s]
[2014.08.21-07.26.49:338][  0]LogD3D11RHI: Found D3D11 adapter 2: Microsoft Basic Render Driver (Feature Level 11_0)
[2014.08.21-07.26.49:338][  0]LogD3D11RHI: Adapter has 0MB of dedicated video memory, 0MB of dedicated system memory, and 256MB of shared system memory, 0 output[s]
[2014.08.21-07.26.49:338][  0]LogD3D11RHI: Chosen D3D11 Adapter Id = 0
[2014.08.21-07.26.49:342][  0]LogRHI: Texture pool is 1361 MB (70% of 1945 MB)
[2014.08.21-07.26.49:354][  0]LogD3D11RHI: Async texture creation enabled
[2014.08.21-07.26.49:462][  0]LogContentStreaming: Texture pool size is 0.000000MB
[2014.08.21-07.26.50:013][  0]LogTargetPlatformManager:Display: Building Assets For Windows
[2014.08.21-07.26.50:104][  0]LogTargetPlatformManager:Display: Building Assets For Windows
[2014.08.21-07.26.50:135][  0]LogDerivedDataCache:Display: Max Cache Size: 512 MB
[2014.08.21-07.26.50:170][  0]LogDerivedDataCache: Loaded boot cache 0.03s 39MB C:/Users/McCaffrey/AppData/Local/UnrealEngine/4.3/DerivedDataCache/Boot.ddc.
[2014.08.21-07.26.50:170][  0]LogDerivedDataCache:Display: Loaded Boot cache: C:/Users/McCaffrey/AppData/Local/UnrealEngine/4.3/DerivedDataCache/Boot.ddc
[2014.08.21-07.26.50:170][  0]LogDerivedDataCache: FDerivedDataBackendGraph:  Pak pak cache file F:/Unreal/GitHub/TP_BPFirstPersonRift/DerivedDataCache/DDC.ddp not found, will not use a pak cache.
[2014.08.21-07.26.50:170][  0]LogDerivedDataCache: Unable to find inner node Pak for hierarchical cache Hierarchy.
[2014.08.21-07.26.50:183][  0]LogDerivedDataCache:Display: Pak cache opened for reading ../../../Engine/DerivedDataCache/DDC.ddp.
[2014.08.21-07.26.50:195][  0]LogDerivedDataCache: Using Local data cache path C:/Users/McCaffrey/AppData/Local/UnrealEngine/4.3/DerivedDataCache: Writable
[2014.08.21-07.26.50:311][  0]LogMeshUtilities: No automatic mesh reduction module available
[2014.08.21-07.26.50:311][  0]LogMeshUtilities: No automatic mesh merging module available
[2014.08.21-07.26.50:599][  0]LogInit: WinSock: version 1.1 (2.2), MaxSocks=32767, MaxUdp=65467
[2014.08.21-07.26.51:132][  0]LogLinker:Warning: Asset '../../../Engine/Plugins/Experimental/Paper2D/Content/DefaultPaperTerrainMaterial.uasset' has been saved with empty engine version. The asset will be loaded but may be incompatible.
[2014.08.21-07.26.51:132][  0]LogLinker:Warning: Asset '../../../Engine/Plugins/Experimental/Paper2D/Content/DummySprite.uasset' has been saved with empty engine version. The asset will be loaded but may be incompatible.
[2014.08.21-07.26.51:133][  0]UdpMessaging: Initializing bridge on interface 0.0.0.0:0 to multicast group 230.0.0.1:6666.
[2014.08.21-07.26.51:212][  0]SourceControl: Info Source control is disabled
[2014.08.21-07.26.51:212][  0]SourceControl: Info Source control is disabled
[2014.08.21-07.26.51:217][  0]SourceControl: Info Source control is disabled
[2014.08.21-07.26.51:318][  0]BlueprintLog: New page: Editor Load
[2014.08.21-07.26.51:353][  0]LogObj: 20191 objects as part of root set at end of initial load.
[2014.08.21-07.26.51:353][  0]LogUObjectAllocator: 3997440 out of 0 bytes used by permanent object pool.
[2014.08.21-07.26.51:480][  0]LogEngine: Initializing Engine...
[2014.08.21-07.26.51:559][  0]LogInit: XAudio2 using 'Speakers (Realtek High Definition Audio)' : 2 channels at 48 kHz using 32 bits per sample (channel mask 0x3)
[2014.08.21-07.26.51:569][  0]LogInit: FAudioDevice initialized.
[2014.08.21-07.26.51:582][  0]LogAIModule: Creating AISystem for world NewWorld
[2014.08.21-07.26.51:603][  0]LogDerivedDataCache: Saved boot cache 0.02s 39MB C:/Users/McCaffrey/AppData/Local/UnrealEngine/4.3/DerivedDataCache/Boot.ddc.
[2014.08.21-07.26.51:606][  0]LogInit: Texture streaming: Enabled
[2014.08.21-07.26.51:629][  0]LogInit: Transaction tracking system initialized
[2014.08.21-07.26.51:708][  0]LogAssetRegistry: FAssetRegistry took 0.0106 seconds to start up
[2014.08.21-07.26.51:839][  0]LogTargetPlatformManager:Display: Building Assets For Windows
[2014.08.21-07.26.51:871][  0]LogTargetPlatformManager:Display: Building Assets For Windows
[2014.08.21-07.26.51:962][  0]LogConsoleResponse:Display: 
[2014.08.21-07.26.52:088][  0]SourceControl: Info Source control is disabled
[2014.08.21-07.26.52:088][  0]Cmd: MAP LOAD FILE="F:/Unreal/GitHub/TP_BPFirstPersonRift/Content/Maps/Example_Map.umap" TEMPLATE=0 SHOWPROGRESS=1
[2014.08.21-07.26.52:088][  0]LightingResults: New page: Lighting Build
[2014.08.21-07.26.52:094][  0]MapCheck: New page: Map Check
[2014.08.21-07.26.52:094][  0]LightingResults: New page: Lighting Build
[2014.08.21-07.26.52:105][  0]LogParticles: Destroying 0 GPU particle simulations for FXSystem 0x000000AF83734220
[2014.08.21-07.26.53:229][  0]LogEditorServer: Finished looking for orphan Actors (0.000 secs)
[2014.08.21-07.26.53:230][  0]LogAIModule: Creating AISystem for world Example_Map
[2014.08.21-07.26.53:230][  0]Cmd: MAP CHECKDEP
[2014.08.21-07.26.53:230][  0]MapCheck: New page: Example_Map - 22 Aug 2014 3:26:53 am
[2014.08.21-07.26.53:271][  0]MapCheck: Info ========== Map Check: 0 Error(s), 0 Warning(s), [40.71ms] ==========
[2014.08.21-07.26.53:271][  0]LogFileHelpers: Loading map 'Example_Map' took 1.184
[2014.08.21-07.26.53:435][  0]LogCollectionManager: Loaded 0 collections in 0.001148 seconds
[2014.08.21-07.26.53:597][  0]LogCrashTracker: Crashtracker disabled due to settings.
[2014.08.21-07.26.53:639][  0]LogLoad: Full Startup: 5.08 seconds (BP compile: 0.62 seconds)
[2014.08.21-07.26.53:655][  0]LogContentBrowser:Verbose: The content browser source was changed by the sources view to '/Game/Blueprints'
[2014.08.21-07.26.53:749][  0]LogRenderer:Warning: Reallocating scene render targets to support 512x512.
[2014.08.21-07.26.53:752][  0]LogSlate: SRTH: 000000AF9332EA40, 1320 x 1255
[2014.08.21-07.26.53:826][  0]LogRenderer:Warning: Reallocating scene render targets to support 1320x1256.
[2014.08.21-07.26.53:876][  1]LogEpicStorage:Warning: EnumerateFiles request failed. Invalid response. code=403 error=<?xml version="1.0" encoding="UTF-8"?>
<Error><Code>AccessDenied</Code><Message>Access Denied</Message><RequestId>31CC603BB1591AE2</RequestId><HostId>qzo1SSUPhPHIXeaEsV1pN1I0g4RSRDQPZZQgvfP18ikfZ7ksND7hSXNwcfUCb+DeXQZYBDH/Qvw=</HostId></Error>
[2014.08.21-07.26.53:887][  1]LogAssetRegistry: Asset discovery search completed in 2.1892 seconds
[2014.08.21-07.26.53:956][  2]LogEpicSurvey:Warning: EnumerateFiles request failed. Invalid response. code=403 error=<?xml version="1.0" encoding="UTF-8"?>
<Error><Code>AccessDenied</Code><Message>Access Denied</Message><RequestId>FFB31DBD7CABD3CE</RequestId><HostId>IE5vVwM6SVSZAWuW8OfPANmOU208wBo/gsvYnVX1e/tXIhA6m36PgP8oxVH/ysbt</HostId></Error>
[2014.08.21-07.26.54:079][  3]LogEpicStorage:Warning: EnumerateFiles request failed. Invalid response. code=403 error=<?xml version="1.0" encoding="UTF-8"?>
<Error><Code>AccessDenied</Code><Message>Access Denied</Message><RequestId>20E5C1939AA7AFD5</RequestId><HostId>DzHqZKHPcYPiEv6QLQ84ezMFM1dOhwFxzFzZF229Qs+D9IP+YhH/XCmPsClLSiyNlQP0kfp3tv0=</HostId></Error>
[2014.08.21-07.26.54:091][  4]LogEpicSurvey:Warning: EnumerateFiles request failed. Invalid response. code=403 error=<?xml version="1.0" encoding="UTF-8"?>
<Error><Code>AccessDenied</Code><Message>Access Denied</Message><RequestId>DE3BA55F2A3B320A</RequestId><HostId>vvNhgtSB4TldonE6f4cU94nl6U5oYDsjXKj422XUIcbHlnqiMug1Bc6Whuc0soJQ</HostId></Error>
[2014.08.21-07.26.54:224][  9]LogEpicStorage:Warning: ReadFile request failed. File request already pending for filename=http://cdn.unrealengine.com/newsfeed/blueprint_icon_b.png
[2014.08.21-07.26.54:230][  9]LogEpicStorage:Warning: ReadFile request failed. File request already pending for filename=http://cdn.unrealengine.com/newsfeed/blueprint_icon_b.png
[2014.08.21-07.27.10:676][976]LogContentBrowser:Verbose: The content browser source was changed by the sources view to '/Game/Character'
[2014.08.21-07.27.12:161][ 13]LogSlate: SRTH: 000000AF96EF3DC0, 400 x 381
[2014.08.21-07.32.09:719][345]LogActorComponent: UnregisterComponent: (/Engine/Transient.CharacterMovementComponent_0) Not registered. Aborting.
[2014.08.21-07.32.10:299][345]LogSavePackage: Save=389.907623ms
[2014.08.21-07.32.10:299][345]LogSavePackage: Moving 'F:/Unreal/GitHub/TP_BPFirstPersonRift/Saved/UEDPCExample_Map7E1491864C2D98792F95B19B90354FC1.tmp' to 'F:/Unreal/GitHub/TP_BPFirstPersonRift/Saved/Autosaves/Game/Maps/UEDPCExample_Map.umap'
[2014.08.21-07.36.54:290][283]LogEpicStorage:Warning: EnumerateFiles request failed. Invalid response. code=403 error=<?xml version="1.0" encoding="UTF-8"?>
<Error><Code>AccessDenied</Code><Message>Access Denied</Message><RequestId>446361AB88C30FC6</RequestId><HostId>fmCYwqj1jJQ9efrncXX868qzfbhw4g+cRppMc4dGnvb2tDwouG6uPDy7DxPkebhM</HostId></Error>
[2014.08.21-07.36.54:350][286]LogEpicStorage:Warning: EnumerateFiles request failed. Invalid response. code=403 error=<?xml version="1.0" encoding="UTF-8"?>
<Error><Code>AccessDenied</Code><Message>Access Denied</Message><RequestId>337E3C6C99AF3221</RequestId><HostId>V39+fNIHO8qeC20p1zGMbKXSALyUkzDBGqiCvAYCD9eJmCUAbiOr2LBuaQprpLHR</HostId></Error>
[2014.08.21-07.36.54:472][292]LogEpicStorage:Warning: ReadFile request failed. File request already pending for filename=http://cdn.unrealengine.com/newsfeed/blueprint_icon_b.png
[2014.08.21-07.36.54:475][292]LogEpicStorage:Warning: ReadFile request failed. File request already pending for filename=http://cdn.unrealengine.com/newsfeed/blueprint_icon_b.png
[2014.08.21-07.51.53:834][432]LogEpicStorage:Warning: ReadFile request failed. File request already pending for filename=http://cdn.unrealengine.com/newsfeed/blueprint_icon_b.png
[2014.08.21-07.51.53:837][432]LogEpicStorage:Warning: ReadFile request failed. File request already pending for filename=http://cdn.unrealengine.com/newsfeed/blueprint_icon_b.png
[2014.08.21-07.57.31:267][189]LogParticles: Destroying 0 GPU particle simulations for FXSystem 0x000000AF88C83E20
[2014.08.21-07.57.31:467][190]Cmd: QUIT_EDITOR
[2014.08.21-07.57.31:508][190]LogWindowsTextInputMethodSystem:Error: Terminating failed while unadvising the language notification sink from the TSF source.
[2014.08.21-07.57.31:509][190]LogExit: Preparing to exit.
[2014.08.21-07.57.32:436][190]LogExit: Editor shut down
[2014.08.21-07.57.32:436][190]LogExit: Transaction tracking system shut down
[2014.08.21-07.57.32:438][190]LogParticles: Destroying 0 GPU particle simulations for FXSystem 0x000000AF892DB600
[2014.08.21-07.57.32:438][190]LogParticles: Destroying 0 GPU particle simulations for FXSystem 0x000000AF88BDC5E0
[2014.08.21-07.57.32:438][190]LogParticles: Destroying 0 GPU particle simulations for FXSystem 0x000000AF88C83EC0
[2014.08.21-07.57.32:438][190]LogParticles: Destroying 0 GPU particle simulations for FXSystem 0x000000AF88C83D80
[2014.08.21-07.57.32:463][190]LogParticles: Destroying 0 GPU particle simulations for FXSystem 0x000000AF931E7240
[2014.08.21-07.57.32:463][190]LogExit: Object subsystem successfully closed.
[2014.08.21-07.57.32:487][190]LogModuleManager: Shutting down and abandoning module AndroidDeviceDetection (172)
[2014.08.21-07.57.32:487][190]LogModuleManager: Shutting down and abandoning module GameLiveStreaming (171)
[2014.08.21-07.57.32:487][190]LogModuleManager: Shutting down and abandoning module CrashTracker (170)
[2014.08.21-07.57.32:487][190]LogModuleManager: Shutting down and abandoning module HTTP (169)
[2014.08.21-07.57.32:487][190]LogModuleManager: Shutting down and abandoning module NewsFeed (168)
[2014.08.21-07.57.32:487][190]LogModuleManager: Shutting down and abandoning module SceneOutliner (167)
[2014.08.21-07.57.32:487][190]LogModuleManager: Shutting down and abandoning module EditorWidgets (166)
[2014.08.21-07.57.32:487][190]LogModuleManager: Shutting down and abandoning module CollectionManager (165)
[2014.08.21-07.57.32:488][190]LogModuleManager: Shutting down and abandoning module StatsViewer (164)
[2014.08.21-07.57.32:488][190]LogModuleManager: Shutting down and abandoning module FoliageEdit (163)
[2014.08.21-07.57.32:488][190]LogModuleManager: Shutting down and abandoning module LandscapeEditor (162)
[2014.08.21-07.57.32:488][190]LogModuleManager: Shutting down and abandoning module MeshPaint (161)
[2014.08.21-07.57.32:488][190]LogModuleManager: Shutting down and abandoning module ActorPickerMode (160)
[2014.08.21-07.57.32:488][190]LogModuleManager: Shutting down and abandoning module GeometryMode (159)
[2014.08.21-07.57.32:488][190]LogModuleManager: Shutting down and abandoning module TextureAlignMode (158)
[2014.08.21-07.57.32:488][190]LogModuleManager: Shutting down and abandoning module BspMode (157)
[2014.08.21-07.57.32:488][190]LogModuleManager: Shutting down and abandoning module PlacementMode (156)
[2014.08.21-07.57.32:488][190]LogModuleManager: Shutting down and abandoning module DesktopPlatform (155)
[2014.08.21-07.57.32:488][190]LogModuleManager: Shutting down and abandoning module AutomationWorker (154)
[2014.08.21-07.57.32:488][190]LogModuleManager: Shutting down and abandoning module EditorLiveStreaming (153)
[2014.08.21-07.57.32:488][190]LogModuleManager: Shutting down and abandoning module DeviceProfileEditor (152)
[2014.08.21-07.57.32:488][190]LogModuleManager: Shutting down and abandoning module UndoHistory (151)
[2014.08.21-07.57.32:488][190]LogModuleManager: Shutting down and abandoning module GameplayTagsEditor (150)
[2014.08.21-07.57.32:488][190]LogModuleManager: Shutting down and abandoning module UserFeedback (149)
[2014.08.21-07.57.32:488][190]LogModuleManager: Shutting down and abandoning module XmlParser (148)
[2014.08.21-07.57.32:488][190]LogModuleManager: Shutting down and abandoning module Blutility (147)
[2014.08.21-07.57.32:488][190]LogModuleManager: Shutting down and abandoning module IOSPlatformEditor (146)
[2014.08.21-07.57.32:488][190]LogModuleManager: Shutting down and abandoning module IOSRuntimeSettings (145)
[2014.08.21-07.57.32:488][190]LogModuleManager: Shutting down and abandoning module AndroidPlatformEditor (144)
[2014.08.21-07.57.32:488][190]LogModuleManager: Shutting down and abandoning module AndroidRuntimeSettings (143)
[2014.08.21-07.57.32:488][190]LogModuleManager: Shutting down and abandoning module ProjectTargetPlatformEditor (142)
[2014.08.21-07.57.32:488][190]LogModuleManager: Shutting down and abandoning module ProjectSettingsViewer (141)
[2014.08.21-07.57.32:488][190]LogModuleManager: Shutting down and abandoning module InputBindingEditor (140)
[2014.08.21-07.57.32:488][190]LogModuleManager: Shutting down and abandoning module EditorSettingsViewer (139)
[2014.08.21-07.57.32:488][190]LogModuleManager: Shutting down and abandoning module SettingsEditor (138)
[2014.08.21-07.57.32:488][190]LogModuleManager: Shutting down and abandoning module SessionLauncher (137)
[2014.08.21-07.57.32:488][190]LogModuleManager: Shutting down and abandoning module SessionFrontend (136)
[2014.08.21-07.57.32:488][190]LogModuleManager: Shutting down and abandoning module ProfilerClient (135)
[2014.08.21-07.57.32:488][190]LogModuleManager: Shutting down and abandoning module TargetDeviceServices (134)
[2014.08.21-07.57.32:488][190]LogModuleManager: Shutting down and abandoning module DeviceManager (133)
[2014.08.21-07.57.32:488][190]LogModuleManager: Shutting down and abandoning module AutomationController (132)
[2014.08.21-07.57.32:488][190]LogModuleManager: Shutting down and abandoning module AutomationWindow (131)
[2014.08.21-07.57.32:488][190]LogModuleManager: Shutting down and abandoning module Layers (130)
[2014.08.21-07.57.32:488][190]LogModuleManager: Shutting down and abandoning module ComponentVisualizers (129)
[2014.08.21-07.57.32:488][190]LogModuleManager: Shutting down and abandoning module DetailCustomizations (128)
[2014.08.21-07.57.32:488][190]LogModuleManager: Shutting down and abandoning module PackagesDialog (127)
[2014.08.21-07.57.32:488][190]LogModuleManager: Shutting down and abandoning module DirectoryWatcher (126)
[2014.08.21-07.57.32:488][190]LogModuleManager: Shutting down and abandoning module AssetRegistry (125)
[2014.08.21-07.57.32:541][190]LogModuleManager: Shutting down and abandoning module Persona (124)
[2014.08.21-07.57.32:541][190]LogModuleManager: Shutting down and abandoning module GraphEditor (123)
[2014.08.21-07.57.32:541][190]LogModuleManager: Shutting down and abandoning module ClassViewer (122)
[2014.08.21-07.57.32:541][190]LogModuleManager: Shutting down and abandoning module Toolbox (121)
[2014.08.21-07.57.32:541][190]LogModuleManager: Shutting down and abandoning module ModuleUI (120)
[2014.08.21-07.57.32:541][190]LogModuleManager: Shutting down and abandoning module Sequencer (119)
[2014.08.21-07.57.32:541][190]LogModuleManager: Shutting down and abandoning module MovieSceneTools (118)
[2014.08.21-07.57.32:541][190]LogModuleManager: Shutting down and abandoning module OutputLog (117)
[2014.08.21-07.57.32:541][190]LogModuleManager: Shutting down and abandoning module GammaUI (116)
[2014.08.21-07.57.32:541][190]LogModuleManager: Shutting down and abandoning module Documentation (115)
[2014.08.21-07.57.32:541][190]LogModuleManager: Shutting down and abandoning module StreamingPauseRendering (114)
[2014.08.21-07.57.32:541][190]LogModuleManager: Shutting down and abandoning module AnalyticsET (113)
[2014.08.21-07.57.32:541][190]LogModuleManager: Shutting down and abandoning module Analytics (112)
[2014.08.21-07.57.32:541][190]LogModuleManager: Shutting down and abandoning module GameplayDebugger (111)
[2014.08.21-07.57.32:541][190]LogModuleManager: Shutting down and abandoning module AIModule (110)
[2014.08.21-07.57.32:541][190]LogModuleManager: Shutting down and abandoning module ProfilerService (109)
[2014.08.21-07.57.32:680][190]LogModuleManager: Shutting down and abandoning module TaskGraph (108)
[2014.08.21-07.57.32:680][190]LogModuleManager: Shutting down and abandoning module ViewportSnapping (107)
[2014.08.21-07.57.32:680][190]LogModuleManager: Shutting down and abandoning module GameProjectGeneration (106)
[2014.08.21-07.57.32:680][190]LogModuleManager: Shutting down and abandoning module Matinee (105)
[2014.08.21-07.57.32:680][190]LogModuleManager: Shutting down and abandoning module Kismet (104)
[2014.08.21-07.57.32:680][190]LogModuleManager: Shutting down and abandoning module SlateReflector (103)
[2014.08.21-07.57.32:680][190]LogModuleManager: Shutting down and abandoning module LevelEditor (102)
[2014.08.21-07.57.32:681][190]LogModuleManager: Shutting down and abandoning module IntroTutorials (101)
[2014.08.21-07.57.32:681][190]LogModuleManager: Shutting down and abandoning module ContentBrowser (100)
[2014.08.21-07.57.32:681][190]LogModuleManager: Shutting down and abandoning module PropertyEditor (99)
[2014.08.21-07.57.32:681][190]LogModuleManager: Shutting down and abandoning module AssetTools (98)
[2014.08.21-07.57.32:681][190]LogModuleManager: Shutting down and abandoning module MainFrame (97)
[2014.08.21-07.57.32:681][190]LogModuleManager: Shutting down and abandoning module SourceControl (96)
[2014.08.21-07.57.32:681][190]LogModuleManager: Shutting down and abandoning module ImageWrapper (95)
[2014.08.21-07.57.32:681][190]LogModuleManager: Shutting down and abandoning module OnlineBlueprintSupport (94)
[2014.08.21-07.57.32:681][190]LogModuleManager: Shutting down and abandoning module FunctionalTesting (93)
[2014.08.21-07.57.32:681][190]LogModuleManager: Shutting down and abandoning module CollisionAnalyzer (92)
[2014.08.21-07.57.32:681][190]LogModuleManager: Shutting down and abandoning module WorkspaceMenuStructure (91)
[2014.08.21-07.57.32:681][190]LogModuleManager: Shutting down and abandoning module MessageLog (90)
[2014.08.21-07.57.32:681][190]LogModuleManager: Shutting down and abandoning module Slate (89)
[2014.08.21-07.57.32:681][190]LogModuleManager: Shutting down and abandoning module EditorStyle (88)
[2014.08.21-07.57.32:682][190]LogModuleManager: Shutting down and abandoning module SessionServices (87)
[2014.08.21-07.57.32:682][190]LogModuleManager: Shutting down and abandoning module SourceCodeAccess (86)
[2014.08.21-07.57.32:682][190]LogModuleManager: Shutting down and abandoning module HeadMountedDisplay (85)
[2014.08.21-07.57.32:682][190]LogModuleManager: Shutting down and abandoning module XAudio2 (84)
[2014.08.21-07.57.32:682][190]LogModuleManager: Shutting down and abandoning module Networking (82)
[2014.08.21-07.57.32:682][190]LogModuleManager: Shutting down and abandoning module Core (81)
[2014.08.21-07.57.32:682][190]LogModuleManager: Shutting down and abandoning module KismetCompiler (80)
[2014.08.21-07.57.32:682][190]LogModuleManager: Shutting down and abandoning module PhysXFormats (79)
[2014.08.21-07.57.32:682][190]LogModuleManager: Shutting down and abandoning module MeshUtilities (78)
[2014.08.21-07.57.32:682][190]LogModuleManager: Shutting down and abandoning module DerivedDataCache (77)
[2014.08.21-07.57.32:733][190]LogDerivedDataCache: Shutdown
[2014.08.21-07.57.32:733][190]LogModuleManager: Shutting down and abandoning module ShaderFormatOpenGL (76)
[2014.08.21-07.57.32:733][190]LogModuleManager: Shutting down and abandoning module ShaderFormatD3D (75)
[2014.08.21-07.57.32:733][190]LogModuleManager: Shutting down and abandoning module MetalShaderFormat (74)
[2014.08.21-07.57.32:733][190]LogModuleManager: Shutting down and abandoning module TextureFormatUncompressed (73)
[2014.08.21-07.57.32:733][190]LogModuleManager: Shutting down and abandoning module TextureFormatPVR (72)
[2014.08.21-07.57.32:733][190]LogModuleManager: Shutting down and abandoning module TextureFormatDXT (71)
[2014.08.21-07.57.32:733][190]LogModuleManager: Shutting down and abandoning module TextureFormatAndroid (70)
[2014.08.21-07.57.32:733][190]LogModuleManager: Shutting down and abandoning module AudioFormatOpus (69)
[2014.08.21-07.57.32:733][190]LogModuleManager: Shutting down and abandoning module AudioFormatOgg (68)
[2014.08.21-07.57.32:733][190]LogModuleManager: Shutting down and abandoning module AudioFormatADPCM (67)
[2014.08.21-07.57.32:733][190]LogModuleManager: Shutting down and abandoning module Messaging (66)
[2014.08.21-07.57.32:733][190]LogModuleManager: Shutting down and abandoning module IOSTargetPlatform (65)
[2014.08.21-07.57.32:733][190]LogModuleManager: Shutting down and abandoning module Android_PVRTCTargetPlatform (64)
[2014.08.21-07.57.32:733][190]LogModuleManager: Shutting down and abandoning module Android_ETC2TargetPlatform (63)
[2014.08.21-07.57.32:733][190]LogModuleManager: Shutting down and abandoning module Android_ETC1TargetPlatform (62)
[2014.08.21-07.57.32:733][190]LogModuleManager: Shutting down and abandoning module Android_DXTTargetPlatform (61)
[2014.08.21-07.57.32:733][190]LogModuleManager: Shutting down and abandoning module Android_ATCTargetPlatform (60)
[2014.08.21-07.57.32:733][190]LogModuleManager: Shutting down and abandoning module AndroidTargetPlatform (59)
[2014.08.21-07.57.32:733][190]LogModuleManager: Shutting down and abandoning module WindowsTargetPlatform (58)
[2014.08.21-07.57.32:733][190]LogModuleManager: Shutting down and abandoning module WindowsServerTargetPlatform (57)
[2014.08.21-07.57.32:733][190]LogModuleManager: Shutting down and abandoning module WindowsNoEditorTargetPlatform (56)
[2014.08.21-07.57.32:733][190]LogModuleManager: Shutting down and abandoning module WindowsClientTargetPlatform (55)
[2014.08.21-07.57.32:733][190]LogModuleManager: Shutting down and abandoning module TargetPlatform (54)
[2014.08.21-07.57.32:733][190]LogModuleManager: Shutting down and abandoning module InputCore (53)
[2014.08.21-07.57.32:733][190]LogModuleManager: Shutting down and abandoning module Settings (52)
[2014.08.21-07.57.32:733][190]LogModuleManager: Shutting down and abandoning module TextureCompressor (49)
[2014.08.21-07.57.32:733][190]LogModuleManager: Shutting down and abandoning module ShaderCore (48)
[2014.08.21-07.57.32:733][190]LogModuleManager: Shutting down and abandoning module OpenGLDrv (47)
[2014.08.21-07.57.32:733][190]LogModuleManager: Shutting down and abandoning module D3D11RHI (46)
[2014.08.21-07.57.32:733][190]LogModuleManager: Shutting down and abandoning module SlateRHIRenderer (45)
[2014.08.21-07.57.32:733][190]LogModuleManager: Shutting down and abandoning module Renderer (44)
[2014.08.21-07.57.32:733][190]LogModuleManager: Shutting down and abandoning module Engine (43)
[2014.08.21-07.57.32:733][190]LogModuleManager: Shutting down and abandoning module SlateRemote (42)
[2014.08.21-07.57.32:733][190]LogModuleManager: Shutting down and abandoning module ScriptPlugin (41)
[2014.08.21-07.57.32:733][190]LogModuleManager: Shutting down and abandoning module ScriptEditorPlugin (39)
[2014.08.21-07.57.32:733][190]LogModuleManager: Shutting down and abandoning module WindowsMoviePlayer (38)
[2014.08.21-07.57.32:736][190]LogModuleManager: Shutting down and abandoning module ExampleDeviceProfileSelector (31)
[2014.08.21-07.57.32:736][190]LogModuleManager: Shutting down and abandoning module CustomMeshComponent (30)
[2014.08.21-07.57.32:736][190]LogModuleManager: Shutting down and abandoning module CableComponent (29)
[2014.08.21-07.57.32:736][190]LogModuleManager: Shutting down and abandoning module OculusRift (25)
[2014.08.21-07.57.32:736][190]LogModuleManager: Shutting down and abandoning module UdpMessaging (24)
[2014.08.21-07.57.32:837][190]LogModuleManager: Shutting down and abandoning module MessagingDebugger (23)
[2014.08.21-07.57.32:837][190]LogModuleManager: Shutting down and abandoning module SmartSnapping (21)
[2014.08.21-07.57.32:837][190]LogModuleManager: Shutting down and abandoning module PaperJsonImporter (20)
[2014.08.21-07.57.32:837][190]LogModuleManager: Shutting down and abandoning module Paper2DEditor (19)
[2014.08.21-07.57.32:837][190]LogModuleManager: Shutting down and abandoning module Paper2D (18)
[2014.08.21-07.57.32:837][190]LogModuleManager: Shutting down and abandoning module SpeedTreeImporter (14)
[2014.08.21-07.57.32:837][190]LogModuleManager: Shutting down and abandoning module PluginsEditor (13)
[2014.08.21-07.57.32:837][190]LogModuleManager: Shutting down and abandoning module EpicSurvey (12)
[2014.08.21-07.57.32:837][190]LogModuleManager: Shutting down and abandoning module VisualStudioSourceCodeAccess (10)
[2014.08.21-07.57.32:837][190]LogModuleManager: Shutting down and abandoning module UObjectPlugin (9)
[2014.08.21-07.57.32:837][190]LogModuleManager: Shutting down and abandoning module SubversionSourceControl (8)
[2014.08.21-07.57.32:837][190]LogModuleManager: Shutting down and abandoning module PerforceSourceControl (7)
[2014.08.21-07.57.32:837][190]LogModuleManager: Shutting down and abandoning module BlankPlugin (6)
[2014.08.21-07.57.32:837][190]LogModuleManager: Shutting down and abandoning module CoreUObject (5)
[2014.08.21-07.57.32:837][190]LogModuleManager: Shutting down and abandoning module NetworkFile (4)
[2014.08.21-07.57.32:837][190]LogModuleManager: Shutting down and abandoning module StreamingFile (3)
[2014.08.21-07.57.32:837][190]LogModuleManager: Shutting down and abandoning module SandboxFile (2)
[2014.08.21-07.57.32:837][190]LogModuleManager: Shutting down and abandoning module PakFile (1)
[2014.08.21-07.57.32:837][190]LogExit: Exiting.
[2014.08.21-07.57.32:839][190]Log file closed, 08/21/14 17:57:32
