Log file open, 08/23/14 08:52:42
LogInit:Display: Running engine for game: TP_BPFirstPersonRift
LogInit: Version: 4.4.1-2265359+++depot+UE4-Releases+4.4
LogInit: API Version: 2255576
LogInit: Compiled (64-bit): Aug 20 2014 22:16:55
LogInit: Build Configuration: Development
LogInit: Branch Name: ++depot+UE4-Releases+4.4
LogInit: Command line:  /Temp/Autosaves/Game/Maps/UEDPCExample_Map -game -PIEVIACONSOLE -ResX=1280 -ResY=720  -Multiprocess 
LogInit: Base directory: C:/Program Files/Unreal Engine/4.4/Engine/Binaries/Win64/
LogInit: Rocket: 1
[2014.08.22-22.52.42:613][  0]LogTaskGraph: Started task graph with 3 named threads and 4 total threads.
[2014.08.22-22.52.42:642][  0]LogOnline:Warning: No default platform service specified for OnlineSubsystem
[2014.08.22-22.52.42:651][  0]LogInit: Presizing for 0 objects not considered by GC, pre-allocating 0 bytes.
[2014.08.22-22.52.42:657][  0]LogInit: Object subsystem initialized
[2014.08.22-22.52.42:658][  0]LogInit: Selected Device Profile: [Windows]
[2014.08.22-22.52.42:658][  0]LogInit: Applying CVar settings loaded from the selected device profile: [Windows]
[2014.08.22-22.52.42:662][  0]LogInit: Computer: HOME
[2014.08.22-22.52.42:662][  0]LogInit: User: McCaffrey
[2014.08.22-22.52.42:663][  0]LogInit: CPU Page size=4096, Cores=4
[2014.08.22-22.52.42:663][  0]LogInit: High frequency timer resolution =3.410077 MHz
[2014.08.22-22.52.42:663][  0]LogMemory: Memory total: Physical=15.9GB (16GB approx) Virtual=131072.0GB
[2014.08.22-22.52.42:664][  0]LogMemory: Platform Memory Stats for Windows
[2014.08.22-22.52.42:664][  0]LogMemory: Process Physical Memory: 60.35 MB used, 60.35 MB peak
[2014.08.22-22.52.42:664][  0]LogMemory: Process Virtual Memory: 36.35 MB used, 36.35 MB peak
[2014.08.22-22.52.42:664][  0]LogMemory: Physical Memory: 4303.76 MB used, 16268.46 MB total
[2014.08.22-22.52.42:664][  0]LogMemory: Virtual Memory: 268.03 MB used, 134217728.00 MB total
[2014.08.22-22.52.42:726][  0]LogD3D11RHI: Found D3D11 adapter 0: NVIDIA GeForce GTX 770 (Feature Level 11_0)
[2014.08.22-22.52.42:726][  0]LogD3D11RHI: Adapter has 1985MB of dedicated video memory, 0MB of dedicated system memory, and 2048MB of shared system memory, 2 output[s]
[2014.08.22-22.52.42:747][  0]LogD3D11RHI: Found D3D11 adapter 1: Intel(R) HD Graphics 4600 (Feature Level 11_0)
[2014.08.22-22.52.42:747][  0]LogD3D11RHI: Adapter has 32MB of dedicated video memory, 0MB of dedicated system memory, and 1760MB of shared system memory, 0 output[s]
[2014.08.22-22.52.42:749][  0]LogD3D11RHI: Found D3D11 adapter 2: Microsoft Basic Render Driver (Feature Level 11_0)
[2014.08.22-22.52.42:749][  0]LogD3D11RHI: Adapter has 0MB of dedicated video memory, 0MB of dedicated system memory, and 256MB of shared system memory, 0 output[s]
[2014.08.22-22.52.42:749][  0]LogD3D11RHI: Chosen D3D11 Adapter Id = 0
[2014.08.22-22.52.42:769][  0]LogRHI: Texture pool is 1361 MB (70% of 1945 MB)
[2014.08.22-22.52.42:792][  0]LogD3D11RHI: Async texture creation enabled
[2014.08.22-22.52.42:887][  0]LogContentStreaming: Texture pool size is 1000.000000MB
[2014.08.22-22.52.44:059][  0]LogTargetPlatformManager:Display: Building Assets For Windows
[2014.08.22-22.52.44:443][  0]LogTargetPlatformManager:Display: Building Assets For Windows
[2014.08.22-22.52.44:479][  0]LogDerivedDataCache:Display: Max Cache Size: 512 MB
[2014.08.22-22.52.44:514][  0]LogDerivedDataCache: Loaded boot cache 0.03s 39MB C:/Users/McCaffrey/AppData/Local/UnrealEngine/4.4/DerivedDataCache/Boot.ddc.
[2014.08.22-22.52.44:514][  0]LogDerivedDataCache:Display: Loaded Boot cache: C:/Users/McCaffrey/AppData/Local/UnrealEngine/4.4/DerivedDataCache/Boot.ddc
[2014.08.22-22.52.44:514][  0]LogDerivedDataCache: FDerivedDataBackendGraph:  Pak pak cache file F:/Unreal/GitHub/TP_BPFirstPersonRift/DerivedDataCache/DDC.ddp not found, will not use a pak cache.
[2014.08.22-22.52.44:514][  0]LogDerivedDataCache: Unable to find inner node Pak for hierarchical cache Hierarchy.
[2014.08.22-22.52.44:527][  0]LogDerivedDataCache:Display: Pak cache opened for reading ../../../Engine/DerivedDataCache/DDC.ddp.
[2014.08.22-22.52.44:539][  0]LogDerivedDataCache: Using Local data cache path C:/Users/McCaffrey/AppData/Local/UnrealEngine/4.4/DerivedDataCache: Writable
[2014.08.22-22.52.44:674][  0]LogMeshUtilities: No automatic mesh reduction module available
[2014.08.22-22.52.44:674][  0]LogMeshUtilities: No automatic mesh merging module available
[2014.08.22-22.52.44:950][  0]LogInit: WinSock: version 1.1 (2.2), MaxSocks=32767, MaxUdp=65467
[2014.08.22-22.52.45:661][  0]LogWindowsMoviePlayer: Unable to load movie: F:/Unreal/GitHub/TP_BPFirstPersonRift/Content/Movies/Default_Startup.mp4
[2014.08.22-22.52.45:765][  0]LogStats:Warning: MetaData mismatch. Did you assign a stat to two groups? New //STATGROUP_Threads//FMonitoredProcess///Thread_24c0_0///////STATCAT_Advanced//// old //STATGROUP_Threads//FMonitoredProcess///Thread_257c_0///////STATCAT_Advanced////
[2014.08.22-22.52.45:765][  0]SourceControl: Info Source control is disabled
[2014.08.22-22.52.45:765][  0]SourceControl: Info Source control is disabled
[2014.08.22-22.52.45:771][  0]SourceControl: Info Source control is disabled
[2014.08.22-22.52.45:808][  0]LogObj: 20996 objects as part of root set at end of initial load.
[2014.08.22-22.52.45:808][  0]LogUObjectAllocator: 3965960 out of 0 bytes used by permanent object pool.
[2014.08.22-22.52.45:993][  0]LogAutomationTest:Warning: ERR: Transient text cannot be serialized "Testing Transient serialization detection".
[2014.08.22-22.52.45:993][  0]LogEngine: Initializing Engine...
[2014.08.22-22.52.45:994][  0]LogHMD:Warning: HMD Oculus Rift DK2, Monitor , res = 1920 x 1080, windowPos = {0, 0}
[2014.08.22-22.52.45:994][  0]LogHMD: Oculus initialized.
[2014.08.22-22.52.46:072][  0]LogInit: XAudio2 using 'Speakers (Realtek High Definition Audio)' : 2 channels at 48 kHz using 32 bits per sample (channel mask 0x3)
[2014.08.22-22.52.46:082][  0]LogInit: FAudioDevice initialized.
[2014.08.22-22.52.46:085][  0]LogInit: Texture streaming: Enabled
[2014.08.22-22.52.46:137][  0]LogConsoleResponse:Display: 
[2014.08.22-22.52.46:138][  0]LogNet: Browse: /Temp/Autosaves/Game/Maps/UEDPCExample_Map?Name=Player
[2014.08.22-22.52.46:138][  0]LogLoad: LoadMap: /Temp/Autosaves/Game/Maps/UEDPCExample_Map?Name=Player
[2014.08.22-22.52.46:151][  0]LogMemory: Platform Memory Stats for Windows
[2014.08.22-22.52.46:151][  0]LogMemory: Process Physical Memory: 278.11 MB used, 319.29 MB peak
[2014.08.22-22.52.46:151][  0]LogMemory: Process Virtual Memory: 236.05 MB used, 281.45 MB peak
[2014.08.22-22.52.46:151][  0]LogMemory: Physical Memory: 4485.04 MB used, 16268.46 MB total
[2014.08.22-22.52.46:151][  0]LogMemory: Virtual Memory: 670.20 MB used, 134217728.00 MB total
[2014.08.22-22.52.46:151][  0]LogMemory: 
[2014.08.22-22.52.46:151][  0]Allocator Stats for TBB: (not implemented)
[2014.08.22-22.52.47:185][  0]LogWorld: Game class is 'VRGameMode_C'
[2014.08.22-22.52.47:203][  0]LogAIModule: Creating AISystem for world Example_Map
[2014.08.22-22.52.47:207][  0]LogWorld: Bringing World /Temp/Autosaves/Game/Maps/UEDPCExample_Map.Example_Map up for play (max tick rate 0) at 2014.08.23-08.52.47
[2014.08.22-22.52.47:208][  0]LogWorld: Bringing up level for play took: 0.004351
[2014.08.22-22.52.47:211][  0]LogInit:Display: Game Engine Initialized.
[2014.08.22-22.52.47:423][  0]LogLoad: Full Startup: 5.48 seconds (BP compile: 0.62 seconds)
[2014.08.22-22.52.47:492][  2]LogRenderer:Warning: Reallocating scene render targets to support 1280x720.
[2014.08.22-22.52.48:413][ 94]LogHMD:Warning: Vision Tracking Acquired
[2014.08.22-22.52.48:663][ 94]LogWindows:Error: appError called: Rendering thread exception:
Fatal error!

Address = 0xa7e61f0  (filename not found) [in C:\Program Files\Unreal Engine\4.4\Engine\Binaries\Win64\UE4Editor-RHI.dll]
Address = 0xf72d04d4 (filename not found) [in C:\Program Files\Unreal Engine\4.4\Engine\Binaries\Win64\UE4Editor-Renderer.dll]
Address = 0xf71d7829 (filename not found) [in C:\Program Files\Unreal Engine\4.4\Engine\Binaries\Win64\UE4Editor-Renderer.dll]
Address = 0xf7086538 (filename not found) [in C:\Program Files\Unreal Engine\4.4\Engine\Binaries\Win64\UE4Editor-Renderer.dll]
Address = 0xf7200834 (filename not found) [in C:\Program Files\Unreal Engine\4.4\Engine\Binaries\Win64\UE4Editor-Renderer.dll]
Address = 0xf71d6972 (filename not found) [in C:\Program Files\Unreal Engine\4.4\Engine\Binaries\Win64\UE4Editor-Renderer.dll]
Address = 0x3c87002  (filename not found) [in C:\Program Files\Unreal Engine\4.4\Engine\Binaries\Win64\UE4Editor-Core.dll]
Address = 0x3c8718d  (filename not found) [in C:\Program Files\Unreal Engine\4.4\Engine\Binaries\Win64\UE4Editor-Core.dll]
Address = 0xb18c353  (filename not found) [in C:\Program Files\Unreal Engine\4.4\Engine\Binaries\Win64\UE4Editor-RenderCore.dll]
Address = 0xb18c7e9  (filename not found) [in C:\Program Files\Unreal Engine\4.4\Engine\Binaries\Win64\UE4Editor-RenderCore.dll]
Address = 0x3ec2ca6  (filename not found) [in C:\Program Files\Unreal Engine\4.4\Engine\Binaries\Win64\UE4Editor-Core.dll]
Address = 0x3ebc26d  (filename not found) [in C:\Program Files\Unreal Engine\4.4\Engine\Binaries\Win64\UE4Editor-Core.dll]
Address = 0x1a7516ad (filename not found) [in C:\WINDOWS\system32\KERNEL32.DLL]
Address = 0x1d7934a5 (filename not found) [in C:\WINDOWS\SYSTEM32\ntdll.dll]
Address = 0x1d7934a5 (filename not found) [in C:\WINDOWS\SYSTEM32\ntdll.dll]

[2014.08.22-22.52.48:663][ 94]LogWindows:Error: Windows GetLastError: The operation completed successfully. (0)
[2014.08.22-22.52.48:663][ 94]LogWindows: === Critical error: ===
Unhandled Exception: EXCEPTION_ACCESS_VIOLATION reading address 0x00000040

[2014.08.22-22.52.48:663][ 94]LogWindows: Rendering thread exception:
Fatal error!

Address = 0xa7e61f0  (filename not found) [in C:\Program Files\Unreal Engine\4.4\Engine\Binaries\Win64\UE4Editor-RHI.dll]
Address = 0xf72d04d4 (filename not found) [in C:\Program Files\Unreal Engine\4.4\Engine\Binaries\Win64\UE4Editor-Renderer.dll]
Address = 0xf71d7829 (filename not found) [in C:\Program Files\Unreal Engine\4.4\Engine\Binaries\Win64\UE4Editor-Renderer.dll]
Address = 0xf7086538 (filename not found) [in C:\Program Files\Unreal Engine\4.4\Engine\Binaries\Win64\UE4Editor-Renderer.dll]
Address = 0xf7200834 (filename not found) [in C:\Program Files\Unreal Engine\4.4\Engine\Binaries\Win64\UE4Editor-Renderer.dll]
Address = 0xf71d6972 (filename not found) [in C:\Program Files\Unreal Engine\4.4\Engine\Binaries\Win64\UE4Editor-Renderer.dll]
Address = 0x3c87002  (filename not found) [in C:\Program Files\Unreal Engine\4.4\Engine\Binaries\Win64\UE4Editor-Core.dll]
Address = 0x3c8718d  (filename not found) [in C:\Program Files\Unreal Engine\4.4\Engine\Binaries\Win64\UE4Editor-Core.dll]
Address = 0xb18c353  (filename not found) [in C:\Program Files\Unreal Engine\4.4\Engine\Binaries\Win64\UE4Editor-RenderCore.dll]
Address = 0xb18c7e9  (filename not found) [in C:\Program Files\Unreal Engine\4.4\Engine\Binaries\Win64\UE4Editor-RenderCore.dll]
Address = 0x3ec2ca6  (filename not found) [in C:\Program Files\Unreal Engine\4.4\Engine\Binaries\Win64\UE4Editor-Core.dll]
Address = 0x3ebc26d  (filename not found) [in C:\Program Files\Unreal Engine\4.4\Engine\Binaries\Win64\UE4Editor-Core.dll]
Address = 0x1a7516ad (filename not found) [in C:\WINDOWS\system32\KERNEL32.DLL]
Address = 0x1d7934a5 (filename not found) [in C:\WINDOWS\SYSTEM32\ntdll.dll]
Address = 0x1d7934a5 (filename not found) [in C:\WINDOWS\SYSTEM32\ntdll.dll]



[2014.08.22-22.52.48:663][ 94]LogExit: Executing StaticShutdownAfterError
[2014.08.22-22.52.48:684][ 94]LogWindows: FPlatformMisc::RequestExit(1)
[2014.08.22-22.52.48:684][ 94]Log file closed, 08/23/14 08:52:48
