Log file open, 08/23/14 08:49:07
LogInit:Display: Running engine for game: TP_BPFirstPersonRift
LogInit: Version: 4.4.1-2265359+++depot+UE4-Releases+4.4
LogInit: API Version: 2255576
LogInit: Compiled (64-bit): Aug 20 2014 22:16:55
LogInit: Build Configuration: Development
LogInit: Branch Name: ++depot+UE4-Releases+4.4
LogInit: Command line: 
LogInit: Base directory: C:/Program Files/Unreal Engine/4.4/Engine/Binaries/Win64/
LogInit: Rocket: 1
[2014.08.22-22.49.07:609][  0]LogTaskGraph: Started task graph with 3 named threads and 4 total threads.
[2014.08.22-22.49.07:639][  0]LogOnline:Warning: No default platform service specified for OnlineSubsystem
[2014.08.22-22.49.07:647][  0]LogInit: Presizing for 0 objects not considered by GC, pre-allocating 0 bytes.
[2014.08.22-22.49.07:652][  0]LogInit: Object subsystem initialized
[2014.08.22-22.49.07:653][  0]LogInit: Selected Device Profile: [Windows]
[2014.08.22-22.49.07:653][  0]LogInit: Applying CVar settings loaded from the selected device profile: [Windows]
[2014.08.22-22.49.07:658][  0]LogInit: Computer: HOME
[2014.08.22-22.49.07:658][  0]LogInit: User: McCaffrey
[2014.08.22-22.49.07:659][  0]LogInit: CPU Page size=4096, Cores=4
[2014.08.22-22.49.07:659][  0]LogInit: High frequency timer resolution =3.410077 MHz
[2014.08.22-22.49.07:660][  0]LogMemory: Memory total: Physical=15.9GB (16GB approx) Virtual=131072.0GB
[2014.08.22-22.49.07:660][  0]LogMemory: Platform Memory Stats for Windows
[2014.08.22-22.49.07:660][  0]LogMemory: Process Physical Memory: 60.31 MB used, 60.31 MB peak
[2014.08.22-22.49.07:660][  0]LogMemory: Process Virtual Memory: 36.32 MB used, 36.32 MB peak
[2014.08.22-22.49.07:660][  0]LogMemory: Physical Memory: 4046.59 MB used, 16268.46 MB total
[2014.08.22-22.49.07:660][  0]LogMemory: Virtual Memory: 268.03 MB used, 134217728.00 MB total
[2014.08.22-22.49.07:710][  0]LogD3D11RHI: Found D3D11 adapter 0: NVIDIA GeForce GTX 770 (Feature Level 11_0)
[2014.08.22-22.49.07:710][  0]LogD3D11RHI: Adapter has 1985MB of dedicated video memory, 0MB of dedicated system memory, and 2048MB of shared system memory, 2 output[s]
[2014.08.22-22.49.07:732][  0]LogD3D11RHI: Found D3D11 adapter 1: Intel(R) HD Graphics 4600 (Feature Level 11_0)
[2014.08.22-22.49.07:732][  0]LogD3D11RHI: Adapter has 32MB of dedicated video memory, 0MB of dedicated system memory, and 1760MB of shared system memory, 0 output[s]
[2014.08.22-22.49.07:735][  0]LogD3D11RHI: Found D3D11 adapter 2: Microsoft Basic Render Driver (Feature Level 11_0)
[2014.08.22-22.49.07:735][  0]LogD3D11RHI: Adapter has 0MB of dedicated video memory, 0MB of dedicated system memory, and 256MB of shared system memory, 0 output[s]
[2014.08.22-22.49.07:735][  0]LogD3D11RHI: Chosen D3D11 Adapter Id = 0
[2014.08.22-22.49.07:753][  0]LogRHI: Texture pool is 1361 MB (70% of 1945 MB)
[2014.08.22-22.49.07:776][  0]LogD3D11RHI: Async texture creation enabled
[2014.08.22-22.49.07:865][  0]LogContentStreaming: Texture pool size is 0.000000MB
[2014.08.22-22.49.09:006][  0]LogTargetPlatformManager:Display: Building Assets For Windows
[2014.08.22-22.49.09:347][  0]LogTargetPlatformManager:Display: Building Assets For Windows
[2014.08.22-22.49.09:380][  0]LogDerivedDataCache:Display: Max Cache Size: 512 MB
[2014.08.22-22.49.09:413][  0]LogDerivedDataCache: Loaded boot cache 0.03s 39MB C:/Users/McCaffrey/AppData/Local/UnrealEngine/4.4/DerivedDataCache/Boot.ddc.
[2014.08.22-22.49.09:413][  0]LogDerivedDataCache:Display: Loaded Boot cache: C:/Users/McCaffrey/AppData/Local/UnrealEngine/4.4/DerivedDataCache/Boot.ddc
[2014.08.22-22.49.09:413][  0]LogDerivedDataCache: FDerivedDataBackendGraph:  Pak pak cache file F:/Unreal/GitHub/TP_BPFirstPersonRift/DerivedDataCache/DDC.ddp not found, will not use a pak cache.
[2014.08.22-22.49.09:413][  0]LogDerivedDataCache: Unable to find inner node Pak for hierarchical cache Hierarchy.
[2014.08.22-22.49.09:425][  0]LogDerivedDataCache:Display: Pak cache opened for reading ../../../Engine/DerivedDataCache/DDC.ddp.
[2014.08.22-22.49.09:438][  0]LogDerivedDataCache: Using Local data cache path C:/Users/McCaffrey/AppData/Local/UnrealEngine/4.4/DerivedDataCache: Writable
[2014.08.22-22.49.09:565][  0]LogMeshUtilities: No automatic mesh reduction module available
[2014.08.22-22.49.09:565][  0]LogMeshUtilities: No automatic mesh merging module available
[2014.08.22-22.49.09:869][  0]LogInit: WinSock: version 1.1 (2.2), MaxSocks=32767, MaxUdp=65467
[2014.08.22-22.49.10:467][  0]LogStats:Warning: MetaData mismatch. Did you assign a stat to two groups? New //STATGROUP_Threads//FMonitoredProcess///Thread_2174_0///////STATCAT_Advanced//// old //STATGROUP_Threads//FMonitoredProcess///Thread_15d4_0///////STATCAT_Advanced////
[2014.08.22-22.49.10:467][  0]UdpMessaging: Initializing bridge on interface 0.0.0.0:0 to multicast group 230.0.0.1:6666.
[2014.08.22-22.49.10:570][  0]SourceControl: Info Source control is disabled
[2014.08.22-22.49.10:570][  0]SourceControl: Info Source control is disabled
[2014.08.22-22.49.10:576][  0]SourceControl: Info Source control is disabled
[2014.08.22-22.49.10:720][  0]BlueprintLog: New page: Editor Load
[2014.08.22-22.49.10:804][  0]LogObj: 21438 objects as part of root set at end of initial load.
[2014.08.22-22.49.10:804][  0]LogUObjectAllocator: 4218656 out of 0 bytes used by permanent object pool.
[2014.08.22-22.49.10:968][  0]LogEngine: Initializing Engine...
[2014.08.22-22.49.11:046][  0]LogInit: XAudio2 using 'Speakers (Realtek High Definition Audio)' : 2 channels at 48 kHz using 32 bits per sample (channel mask 0x3)
[2014.08.22-22.49.11:063][  0]LogInit: FAudioDevice initialized.
[2014.08.22-22.49.11:077][  0]LogAIModule: Creating AISystem for world NewWorld
[2014.08.22-22.49.11:096][  0]LogDerivedDataCache: Saved boot cache 0.02s 39MB C:/Users/McCaffrey/AppData/Local/UnrealEngine/4.4/DerivedDataCache/Boot.ddc.
[2014.08.22-22.49.11:098][  0]LogInit: Texture streaming: Enabled
[2014.08.22-22.49.11:125][  0]LogInit: Transaction tracking system initialized
[2014.08.22-22.49.11:222][  0]LogAssetRegistry: FAssetRegistry took 0.0112 seconds to start up
[2014.08.22-22.49.11:593][  0]LogTargetPlatformManager:Display: Building Assets For Windows
[2014.08.22-22.49.11:851][  0]LogTargetPlatformManager:Display: Building Assets For Windows
[2014.08.22-22.49.11:957][  0]LogConsoleResponse:Display: 
[2014.08.22-22.49.12:100][  0]LogStats:Warning: MetaData mismatch. Did you assign a stat to two groups? New //STATGROUP_Threads//FMonitoredProcess///Thread_2bcc_0///////STATCAT_Advanced//// old //STATGROUP_Threads//FMonitoredProcess///Thread_15d4_0///////STATCAT_Advanced////
[2014.08.22-22.49.12:100][  0]LogStats:Warning: MetaData mismatch. Did you assign a stat to two groups? New //STATGROUP_Threads//FMonitoredProcess///Thread_14e0_0///////STATCAT_Advanced//// old //STATGROUP_Threads//FMonitoredProcess///Thread_15d4_0///////STATCAT_Advanced////
[2014.08.22-22.49.12:100][  0]SourceControl: Info Source control is disabled
[2014.08.22-22.49.12:100][  0]Cmd: MAP LOAD FILE="F:/Unreal/GitHub/TP_BPFirstPersonRift/Content/Maps/Example_Map.umap" TEMPLATE=0 SHOWPROGRESS=1
[2014.08.22-22.49.12:101][  0]LightingResults: New page: Lighting Build
[2014.08.22-22.49.12:108][  0]MapCheck: New page: Map Check
[2014.08.22-22.49.12:108][  0]LightingResults: New page: Lighting Build
[2014.08.22-22.49.12:118][  0]LogParticles: Destroying 0 GPU particle simulations for FXSystem 0x00000059F85311C0
[2014.08.22-22.49.12:839][  0]LogBlueprint:Warning: [compiler] Warning Unable to find function with name 'GetControlledPawn' for  Get Controlled Pawn 
[2014.08.22-22.49.12:839][  0]LogBlueprint:Warning: [compiler] Warning Unable to find function with name 'GetControlledPawn' for  Get Controlled Pawn 
[2014.08.22-22.49.12:854][  0]LogBlueprint:Warning: [compiler] Warning Could not find the function 'GetControlledPawn' called from  Get Controlled Pawn 
[2014.08.22-22.49.12:854][  0]LogBlueprint:Warning: [compiler] Warning Could not find the function 'GetControlledPawn' called from  Get Controlled Pawn 
[2014.08.22-22.49.12:858][  0]LogBlueprint:Warning: [compiler] Warning [0005.93] Compile of VRPlayerController successful, but with 4 Warning(s) [in 27 ms]
[2014.08.22-22.49.13:006][  0]LogBlueprint:Warning: [compiler] Warning Unable to find function with name 'GetControlledPawn' for  Get Controlled Pawn 
[2014.08.22-22.49.13:006][  0]LogBlueprint:Warning: [compiler] Warning Unable to find function with name 'GetControlledPawn' for  Get Controlled Pawn 
[2014.08.22-22.49.13:020][  0]LogBlueprint:Warning: [compiler] Warning Could not find the function 'GetControlledPawn' called from  Get Controlled Pawn 
[2014.08.22-22.49.13:020][  0]LogBlueprint:Warning: [compiler] Warning Could not find the function 'GetControlledPawn' called from  Get Controlled Pawn 
[2014.08.22-22.49.13:024][  0]LogBlueprint:Warning: [compiler] Warning [0006.09] Compile of VRPlayerController successful, but with 4 Warning(s) [in 27 ms]
[2014.08.22-22.49.13:188][  0]LogEditorServer: Finished looking for orphan Actors (0.000 secs)
[2014.08.22-22.49.13:188][  0]LogAIModule: Creating AISystem for world Example_Map
[2014.08.22-22.49.13:188][  0]Cmd: MAP CHECKDEP
[2014.08.22-22.49.13:188][  0]MapCheck: New page: Example_Map - 23 Aug 2014 6:49:13 pm
[2014.08.22-22.49.13:270][  0]MapCheck: Info ========== Map Check: 0 Error(s), 0 Warning(s), [81.72ms] ==========
[2014.08.22-22.49.13:270][  0]LogFileHelpers: Loading map 'Example_Map' took 1.169
[2014.08.22-22.49.13:397][  0]LogCollectionManager: Loaded 0 collections in 0.000739 seconds
[2014.08.22-22.49.13:528][  0]LogCrashTracker: Crashtracker disabled due to settings.
[2014.08.22-22.49.13:566][  0]LogLoad: Full Startup: 6.64 seconds (BP compile: 0.59 seconds)
[2014.08.22-22.49.13:576][  0]LogContentBrowser:Verbose: The content browser source was changed by the sources view to '/Game/Character'
[2014.08.22-22.49.13:655][  0]LogRenderer:Warning: Reallocating scene render targets to support 32x32.
[2014.08.22-22.49.13:733][  0]LogRenderer:Warning: Reallocating scene render targets to support 1320x1256.
[2014.08.22-22.49.13:806][  1]LogAssetRegistry: Asset discovery search completed in 2.5960 seconds
[2014.08.22-22.49.20:988][661]Cmd: OBJ SAVEPACKAGE PACKAGE="/Game/Maps/Example_Map" FILE="F:/Unreal/GitHub/TP_BPFirstPersonRift/Saved/Autosaves/Game/Maps/UEDPCExample_Map.umap" SILENT=true AUTOSAVING=true KEEPDIRTY=true
[2014.08.22-22.49.21:094][661]LogSavePackage: Save=96.617172ms
[2014.08.22-22.49.21:094][661]LogSavePackage: Moving 'F:/Unreal/GitHub/TP_BPFirstPersonRift/Saved/UEDPCExample_Map9FEB66A14812F6F99463ABBF9AB9FD32.tmp' to 'F:/Unreal/GitHub/TP_BPFirstPersonRift/Saved/Autosaves/Game/Maps/UEDPCExample_Map.umap'
[2014.08.22-22.50.39:629][824]LogSkeletalMesh: InitArticulated: Bodies already created (/Engine/Transient.DebugSkelMeshComponent_0) - call TermArticulated first.
[2014.08.22-22.50.54:492][677]LogContentBrowser:Verbose: The content browser source was changed by the sources view to '/Game/Blueprints'
[2014.08.22-22.51.03:285][994]LogRenderer:Warning: Reallocating scene render targets to support 1384x1256.
[2014.08.22-22.51.11:901][389]BlueprintLog: New page: Compile VRPlayerController
[2014.08.22-22.51.12:040][389]LogBlueprint:Warning: [compiler] Warning Unable to find function with name 'GetControlledPawn' for  Get Controlled Pawn 
[2014.08.22-22.51.12:040][389]LogBlueprint:Warning: [compiler] Warning Unable to find function with name 'GetControlledPawn' for  Get Controlled Pawn 
[2014.08.22-22.51.12:055][389]LogBlueprint:Warning: [compiler] Warning Could not find the function 'GetControlledPawn' called from  Get Controlled Pawn 
[2014.08.22-22.51.12:055][389]LogBlueprint:Warning: [compiler] Warning Could not find the function 'GetControlledPawn' called from  Get Controlled Pawn 
[2014.08.22-22.51.12:067][389]LogBlueprint:Warning: [compiler] Warning [0125.14] Compile of VRPlayerController successful, but with 4 Warning(s) [in 36 ms]
[2014.08.22-22.51.12:125][389]LogActorComponent: UnregisterComponent: (/Engine/Transient.CharacterMovementComponent_0) Not registered. Aborting.
[2014.08.22-22.51.12:185][389]BlueprintEditorCompileResults:Warning: Warning Unable to find function with name 'GetControlledPawn' for  Get Controlled Pawn 
[2014.08.22-22.51.12:185][389]BlueprintEditorCompileResults:Warning: Warning Unable to find function with name 'GetControlledPawn' for  Get Controlled Pawn 
[2014.08.22-22.51.12:185][389]BlueprintEditorCompileResults:Warning: Warning Could not find the function 'GetControlledPawn' called from  Get Controlled Pawn 
[2014.08.22-22.51.12:186][389]BlueprintEditorCompileResults:Warning: Warning Could not find the function 'GetControlledPawn' called from  Get Controlled Pawn 
[2014.08.22-22.51.12:186][389]BlueprintEditorCompileResults:Warning: Warning [0125.14] Compile of VRPlayerController successful, but with 4 Warning(s) [in 36 ms]
[2014.08.22-22.51.18:977][613]LogSlate:Warning: GetFontFace failed to load or process 'Roboto-Regular'
[2014.08.22-22.51.18:977][613]LogSlate:Warning: GetFontFace failed to load or process 'Roboto-Regular'
[2014.08.22-22.51.18:980][613]LogSlate:Warning: GetFontFace failed to load or process 'Roboto-Regular'
[2014.08.22-22.51.18:980][613]LogSlate:Warning: GetFontFace failed to load or process 'Roboto-Regular'
[2014.08.22-22.51.18:980][613]LogSlate:Warning: GetFontFace failed to load or process 'Roboto-Regular'
[2014.08.22-22.51.18:980][613]LogSlate:Warning: GetFontFace failed to load or process 'Roboto-Regular'
[2014.08.22-22.51.18:980][613]LogSlate:Warning: GetFontFace failed to load or process 'Roboto-Regular'
[2014.08.22-22.51.18:980][613]LogSlate:Warning: GetFontFace failed to load or process 'Roboto-Regular'
[2014.08.22-22.51.18:981][613]LogSlate:Warning: GetFontFace failed to load or process 'Roboto-Regular'
[2014.08.22-22.51.18:981][613]LogSlate:Warning: GetFontFace failed to load or process 'Roboto-Regular'
[2014.08.22-22.51.18:981][613]LogSlate:Warning: GetFontFace failed to load or process 'Roboto-Regular'
[2014.08.22-22.51.18:981][613]LogSlate:Warning: GetFontFace failed to load or process 'Roboto-Regular'
[2014.08.22-22.51.18:981][613]LogSlate:Warning: GetFontFace failed to load or process 'Roboto-Regular'
[2014.08.22-22.51.18:981][613]LogSlate:Warning: GetFontFace failed to load or process 'Roboto-Regular'
[2014.08.22-22.51.18:981][613]LogSlate:Warning: GetFontFace failed to load or process 'Roboto-Regular'
[2014.08.22-22.51.18:981][613]LogSlate:Warning: GetFontFace failed to load or process 'Roboto-Regular'
[2014.08.22-22.51.18:981][613]LogSlate:Warning: GetFontFace failed to load or process 'Roboto-Regular'
[2014.08.22-22.51.18:982][613]LogSlate:Warning: GetFontFace failed to load or process 'Roboto-Regular'
[2014.08.22-22.51.28:927][943]BlueprintLog: New page: Compile VRPlayerController
[2014.08.22-22.51.29:066][943]LogBlueprint:Warning: [compiler] Warning Unable to find function with name 'GetControlledPawn' for  Get Controlled Pawn 
[2014.08.22-22.51.29:066][943]LogBlueprint:Warning: [compiler] Warning Unable to find function with name 'GetControlledPawn' for  Get Controlled Pawn 
[2014.08.22-22.51.29:080][943]LogBlueprint:Warning: [compiler] Warning Could not find the function 'GetControlledPawn' called from  Get Controlled Pawn 
[2014.08.22-22.51.29:089][943]LogBlueprint:Warning: [compiler] Warning [0142.16] Compile of VRPlayerController successful, but with 3 Warning(s) [in 31 ms]
[2014.08.22-22.51.29:196][943]BlueprintEditorCompileResults:Warning: Warning Unable to find function with name 'GetControlledPawn' for  Get Controlled Pawn 
[2014.08.22-22.51.29:196][943]BlueprintEditorCompileResults:Warning: Warning Unable to find function with name 'GetControlledPawn' for  Get Controlled Pawn 
[2014.08.22-22.51.29:196][943]BlueprintEditorCompileResults:Warning: Warning Could not find the function 'GetControlledPawn' called from  Get Controlled Pawn 
[2014.08.22-22.51.29:196][943]BlueprintEditorCompileResults:Warning: Warning [0142.16] Compile of VRPlayerController successful, but with 3 Warning(s) [in 31 ms]
[2014.08.22-22.51.57:087][863]BlueprintLog: New page: Compile VRPlayerController
[2014.08.22-22.51.57:358][863]BlueprintEditorCompileResults: Info [0170.32] Compile of VRPlayerController successful! [in 33 ms]
[2014.08.22-22.52.00:163][959]Cmd: OBJ SAVEPACKAGE PACKAGE="/Game/Blueprints/VRPlayerController" FILE="F:/Unreal/GitHub/TP_BPFirstPersonRift/Content/Blueprints/VRPlayerController.uasset" SILENT=true
[2014.08.22-22.52.00:294][959]LogSavePackage: Save=121.389931ms
[2014.08.22-22.52.00:294][959]LogSavePackage: Moving 'F:/Unreal/GitHub/TP_BPFirstPersonRift/Saved/VRPlayerControllerA9FE8473498F2D3902E1E2815E7B69F0.tmp' to 'F:/Unreal/GitHub/TP_BPFirstPersonRift/Content/Blueprints/VRPlayerController.uasset'
[2014.08.22-22.52.02:794][ 79]BlueprintLog: New page: Compile ModularTPP_AnimBlueprint
[2014.08.22-22.52.02:917][ 79]BlueprintEditorCompileResults: Info [0175.90] Compile of ModularTPP_AnimBlueprint successful! [in 9 ms]
[2014.08.22-22.52.11:726][469]LogSlate:Warning: GetFontFace failed to load or process 'Roboto-Regular'
[2014.08.22-22.52.11:726][469]LogSlate:Warning: GetFontFace failed to load or process 'Roboto-Regular'
[2014.08.22-22.52.11:726][469]LogSlate:Warning: GetFontFace failed to load or process 'Roboto-Regular'
[2014.08.22-22.52.11:727][469]LogSlate:Warning: GetFontFace failed to load or process 'Roboto-Regular'
[2014.08.22-22.52.31:179][156]Cmd: OBJ SAVEPACKAGE PACKAGE="/Game/Blueprints/HMDWarpChanger" FILE="F:/Unreal/GitHub/TP_BPFirstPersonRift/Content/Blueprints/HMDWarpChanger.uasset" SILENT=true
[2014.08.22-22.52.31:527][156]LogSavePackage: Save=338.563629ms
[2014.08.22-22.52.31:527][156]LogSavePackage: Moving 'F:/Unreal/GitHub/TP_BPFirstPersonRift/Saved/HMDWarpChanger79E644AD47D0455358CAE49482B9A787.tmp' to 'F:/Unreal/GitHub/TP_BPFirstPersonRift/Content/Blueprints/HMDWarpChanger.uasset'
[2014.08.22-22.52.31:533][156]Cmd: OBJ SAVEPACKAGE PACKAGE="/Game/Blueprints/VRPlayerController" FILE="F:/Unreal/GitHub/TP_BPFirstPersonRift/Content/Blueprints/VRPlayerController.uasset" SILENT=true
[2014.08.22-22.52.31:661][156]LogSavePackage: Save=120.833633ms
[2014.08.22-22.52.31:661][156]LogSavePackage: Moving 'F:/Unreal/GitHub/TP_BPFirstPersonRift/Saved/VRPlayerControllerC0D21C1A4C9B43938B9C93B0157D1AF6.tmp' to 'F:/Unreal/GitHub/TP_BPFirstPersonRift/Content/Blueprints/VRPlayerController.uasset'
[2014.08.22-22.52.31:688][156]Cmd: OBJ SAVEPACKAGE PACKAGE="/Game/Blueprints/ContextMenu" FILE="F:/Unreal/GitHub/TP_BPFirstPersonRift/Content/Blueprints/ContextMenu.uasset" SILENT=true
[2014.08.22-22.52.32:182][156]LogSavePackage: Save=483.906677ms
[2014.08.22-22.52.32:182][156]LogSavePackage: Moving 'F:/Unreal/GitHub/TP_BPFirstPersonRift/Saved/ContextMenu9E4D129D48CBC6D462D6698B7857CB4B.tmp' to 'F:/Unreal/GitHub/TP_BPFirstPersonRift/Content/Blueprints/ContextMenu.uasset'
[2014.08.22-22.52.32:201][156]Cmd: OBJ SAVEPACKAGE PACKAGE="/Game/Blueprints/ExplorationCharacter" FILE="F:/Unreal/GitHub/TP_BPFirstPersonRift/Content/Blueprints/ExplorationCharacter.uasset" SILENT=true
[2014.08.22-22.52.32:580][156]LogSavePackage: Save=370.413635ms
[2014.08.22-22.52.32:580][156]LogSavePackage: Moving 'F:/Unreal/GitHub/TP_BPFirstPersonRift/Saved/ExplorationCharacterC349185E4961252A942EF79C98881F32.tmp' to 'F:/Unreal/GitHub/TP_BPFirstPersonRift/Content/Blueprints/ExplorationCharacter.uasset'
[2014.08.22-22.52.32:597][156]Cmd: OBJ SAVEPACKAGE PACKAGE="/Game/Character/ModularTPP_AnimBlueprint" FILE="F:/Unreal/GitHub/TP_BPFirstPersonRift/Content/Character/ModularTPP_AnimBlueprint.uasset" SILENT=true
[2014.08.22-22.52.32:976][156]LogSavePackage: Save=368.560883ms
[2014.08.22-22.52.32:976][156]LogSavePackage: Moving 'F:/Unreal/GitHub/TP_BPFirstPersonRift/Saved/ModularTPP_AnimBlueprint1E12F1ED4DA88BBC79BED6BAE326D4F6.tmp' to 'F:/Unreal/GitHub/TP_BPFirstPersonRift/Content/Character/ModularTPP_AnimBlueprint.uasset'
[2014.08.22-22.52.32:993][156]Cmd: OBJ SAVEPACKAGE PACKAGE="/Game/Blueprints/ScreenPercentageChanger" FILE="F:/Unreal/GitHub/TP_BPFirstPersonRift/Content/Blueprints/ScreenPercentageChanger.uasset" SILENT=true
[2014.08.22-22.52.33:333][156]LogSavePackage: Save=331.265259ms
[2014.08.22-22.52.33:333][156]LogSavePackage: Moving 'F:/Unreal/GitHub/TP_BPFirstPersonRift/Saved/ScreenPercentageChanger6E82ACDB4D2812B3FD9C00B89953E267.tmp' to 'F:/Unreal/GitHub/TP_BPFirstPersonRift/Content/Blueprints/ScreenPercentageChanger.uasset'
[2014.08.22-22.52.41:746][675]LogActorComponent: UnregisterComponent: (/Engine/Transient.CharacterMovementComponent_1) Not registered. Aborting.
[2014.08.22-22.52.41:805][675]Cmd: OBJ SAVEPACKAGE PACKAGE="/Game/Maps/Example_Map" FILE="F:/Unreal/GitHub/TP_BPFirstPersonRift/Saved/Autosaves/Game/Maps/UEDPCExample_Map.umap" SILENT=true AUTOSAVING=true KEEPDIRTY=true
[2014.08.22-22.52.41:909][675]LogSavePackage: Save=80.165642ms
[2014.08.22-22.52.41:909][675]LogSavePackage: Moving 'F:/Unreal/GitHub/TP_BPFirstPersonRift/Saved/UEDPCExample_Map56AF617B485504727D974E81F76BB114.tmp' to 'F:/Unreal/GitHub/TP_BPFirstPersonRift/Saved/Autosaves/Game/Maps/UEDPCExample_Map.umap'
[2014.08.22-22.52.52:096][151]Cmd: OBJ SAVEPACKAGE PACKAGE="/Game/Maps/Example_Map" FILE="F:/Unreal/GitHub/TP_BPFirstPersonRift/Saved/Autosaves/Game/Maps/UEDPCExample_Map.umap" SILENT=true AUTOSAVING=true KEEPDIRTY=true
[2014.08.22-22.52.52:194][151]LogSavePackage: Save=81.543610ms
[2014.08.22-22.52.52:194][151]LogSavePackage: Moving 'F:/Unreal/GitHub/TP_BPFirstPersonRift/Saved/UEDPCExample_Map853C6A394395F9E9DED215A276E2DDDD.tmp' to 'F:/Unreal/GitHub/TP_BPFirstPersonRift/Saved/Autosaves/Game/Maps/UEDPCExample_Map.umap'
[2014.08.22-22.53.27:863][709]BlueprintLog: New page: Compile ModularTPP_AnimBlueprint
[2014.08.22-22.53.27:980][709]BlueprintEditorCompileResults: Info [0260.97] Compile of ModularTPP_AnimBlueprint successful! [in 9 ms]
[2014.08.22-22.53.57:305][815]Cmd: OBJ SAVEPACKAGE PACKAGE="/Game/Blueprints/VRPlayerController" FILE="F:/Unreal/GitHub/TP_BPFirstPersonRift/Content/Blueprints/VRPlayerController.uasset" SILENT=true
[2014.08.22-22.53.57:454][815]LogSavePackage: Save=120.387016ms
[2014.08.22-22.53.57:454][815]LogSavePackage: Moving 'F:/Unreal/GitHub/TP_BPFirstPersonRift/Saved/VRPlayerControllerA0DD8E934A7C5B7CF2E95B96295CEF60.tmp' to 'F:/Unreal/GitHub/TP_BPFirstPersonRift/Content/Blueprints/VRPlayerController.uasset'
[2014.08.22-22.53.57:860][832]BlueprintLog: New page: Compile VRPlayerController
[2014.08.22-22.53.58:133][832]BlueprintEditorCompileResults: Info [0291.09] Compile of VRPlayerController successful! [in 32 ms]
[2014.08.22-22.54.02:376][908]Cmd: OBJ SAVEPACKAGE PACKAGE="/Game/Blueprints/ContextMenu" FILE="F:/Unreal/GitHub/TP_BPFirstPersonRift/Content/Blueprints/ContextMenu.uasset" SILENT=true
[2014.08.22-22.54.02:554][908]LogSavePackage: Save=168.891785ms
[2014.08.22-22.54.02:554][908]LogSavePackage: Moving 'F:/Unreal/GitHub/TP_BPFirstPersonRift/Saved/ContextMenu64A8954643DF98B3AEAEE99E1F1D3343.tmp' to 'F:/Unreal/GitHub/TP_BPFirstPersonRift/Content/Blueprints/ContextMenu.uasset'
[2014.08.22-22.54.02:559][908]Cmd: OBJ SAVEPACKAGE PACKAGE="/Game/Blueprints/ExplorationCharacter" FILE="F:/Unreal/GitHub/TP_BPFirstPersonRift/Content/Blueprints/ExplorationCharacter.uasset" SILENT=true
[2014.08.22-22.54.02:623][908]LogSavePackage: Save=57.016895ms
[2014.08.22-22.54.02:623][908]LogSavePackage: Moving 'F:/Unreal/GitHub/TP_BPFirstPersonRift/Saved/ExplorationCharacter1EF738A34D23B880B2B55ABCE320072D.tmp' to 'F:/Unreal/GitHub/TP_BPFirstPersonRift/Content/Blueprints/ExplorationCharacter.uasset'
[2014.08.22-22.54.02:628][908]Cmd: OBJ SAVEPACKAGE PACKAGE="/Game/Blueprints/HMDWarpChanger" FILE="F:/Unreal/GitHub/TP_BPFirstPersonRift/Content/Blueprints/HMDWarpChanger.uasset" SILENT=true
[2014.08.22-22.54.02:652][908]LogSavePackage: Save=15.926620ms
[2014.08.22-22.54.02:652][908]LogSavePackage: Moving 'F:/Unreal/GitHub/TP_BPFirstPersonRift/Saved/HMDWarpChanger8C1525434B9E64C6034FC38124BAE876.tmp' to 'F:/Unreal/GitHub/TP_BPFirstPersonRift/Content/Blueprints/HMDWarpChanger.uasset'
[2014.08.22-22.54.02:656][908]Cmd: OBJ SAVEPACKAGE PACKAGE="/Game/Blueprints/ScreenPercentageChanger" FILE="F:/Unreal/GitHub/TP_BPFirstPersonRift/Content/Blueprints/ScreenPercentageChanger.uasset" SILENT=true
[2014.08.22-22.54.02:680][908]LogSavePackage: Save=16.403442ms
[2014.08.22-22.54.02:680][908]LogSavePackage: Moving 'F:/Unreal/GitHub/TP_BPFirstPersonRift/Saved/ScreenPercentageChanger3DBF27DA436928C075B67894E0F51EE5.tmp' to 'F:/Unreal/GitHub/TP_BPFirstPersonRift/Content/Blueprints/ScreenPercentageChanger.uasset'
[2014.08.22-22.54.02:724][908]Cmd: OBJ SAVEPACKAGE PACKAGE="/Game/Maps/Example_Map" FILE="F:/Unreal/GitHub/TP_BPFirstPersonRift/Saved/Autosaves/Game/Maps/UEDPCExample_Map.umap" SILENT=true AUTOSAVING=true KEEPDIRTY=true
[2014.08.22-22.54.02:803][908]LogSavePackage: Save=71.016579ms
[2014.08.22-22.54.02:803][908]LogSavePackage: Moving 'F:/Unreal/GitHub/TP_BPFirstPersonRift/Saved/UEDPCExample_Map75226FA8493A2A9D4B1B268CD5FD28FF.tmp' to 'F:/Unreal/GitHub/TP_BPFirstPersonRift/Saved/Autosaves/Game/Maps/UEDPCExample_Map.umap'
[2014.08.22-22.54.20:951][505]Cmd: OBJ SAVEPACKAGE PACKAGE="/Game/Maps/Example_Map" FILE="F:/Unreal/GitHub/TP_BPFirstPersonRift/Saved/Autosaves/Game/Maps/UEDPCExample_Map.umap" SILENT=true AUTOSAVING=true KEEPDIRTY=true
[2014.08.22-22.54.21:040][505]LogSavePackage: Save=78.809074ms
[2014.08.22-22.54.21:040][505]LogSavePackage: Moving 'F:/Unreal/GitHub/TP_BPFirstPersonRift/Saved/UEDPCExample_MapB44BA09843BAD9778108F98A79DEF945.tmp' to 'F:/Unreal/GitHub/TP_BPFirstPersonRift/Saved/Autosaves/Game/Maps/UEDPCExample_Map.umap'
[2014.08.22-22.54.34:972][988]LogActorComponent: UnregisterComponent: (/Engine/Transient.CharacterMovementComponent_2) Not registered. Aborting.
[2014.08.22-22.54.36:704][ 43]Cmd: QUIT_EDITOR
[2014.08.22-22.54.36:794][ 43]LogWindowsTextInputMethodSystem:Error: Terminating failed while unadvising the language notification sink from the TSF source.
[2014.08.22-22.54.36:795][ 43]LogExit: Preparing to exit.
[2014.08.22-22.54.37:781][ 43]LogExit: Editor shut down
[2014.08.22-22.54.37:781][ 43]LogExit: Transaction tracking system shut down
[2014.08.22-22.54.37:782][ 43]LogParticles: Destroying 0 GPU particle simulations for FXSystem 0x0000005981A6DC60
[2014.08.22-22.54.37:782][ 43]LogParticles: Destroying 0 GPU particle simulations for FXSystem 0x0000005989CF2520
[2014.08.22-22.54.37:806][ 43]LogParticles: Destroying 0 GPU particle simulations for FXSystem 0x0000005980BBED40
[2014.08.22-22.54.37:806][ 43]LogParticles: Destroying 0 GPU particle simulations for FXSystem 0x0000005981F63560
[2014.08.22-22.54.37:806][ 43]LogParticles: Destroying 0 GPU particle simulations for FXSystem 0x0000005981F634C0
[2014.08.22-22.54.37:806][ 43]LogParticles: Destroying 0 GPU particle simulations for FXSystem 0x0000005981F631A0
[2014.08.22-22.54.37:806][ 43]LogParticles: Destroying 0 GPU particle simulations for FXSystem 0x00000059F4750860
[2014.08.22-22.54.37:806][ 43]LogParticles: Destroying 0 GPU particle simulations for FXSystem 0x0000005981D27EC0
[2014.08.22-22.54.37:806][ 43]LogParticles: Destroying 0 GPU particle simulations for FXSystem 0x0000005981D27B00
[2014.08.22-22.54.37:806][ 43]LogExit: Object subsystem successfully closed.
[2014.08.22-22.54.37:848][ 43]LogModuleManager: Shutting down and abandoning module AndroidDeviceDetection (161)
[2014.08.22-22.54.37:848][ 43]LogModuleManager: Shutting down and abandoning module HTTP (160)
[2014.08.22-22.54.37:848][ 43]LogModuleManager: Shutting down and abandoning module CrashTracker (159)
[2014.08.22-22.54.37:848][ 43]LogModuleManager: Shutting down and abandoning module SuperSearch (158)
[2014.08.22-22.54.37:848][ 43]LogModuleManager: Shutting down and abandoning module SceneOutliner (157)
[2014.08.22-22.54.37:848][ 43]LogModuleManager: Shutting down and abandoning module EditorWidgets (156)
[2014.08.22-22.54.37:848][ 43]LogModuleManager: Shutting down and abandoning module CollectionManager (155)
[2014.08.22-22.54.37:848][ 43]LogModuleManager: Shutting down and abandoning module StatsViewer (154)
[2014.08.22-22.54.37:848][ 43]LogModuleManager: Shutting down and abandoning module FoliageEdit (153)
[2014.08.22-22.54.37:848][ 43]LogModuleManager: Shutting down and abandoning module LandscapeEditor (152)
[2014.08.22-22.54.37:848][ 43]LogModuleManager: Shutting down and abandoning module MeshPaint (151)
[2014.08.22-22.54.37:848][ 43]LogModuleManager: Shutting down and abandoning module ActorPickerMode (150)
[2014.08.22-22.54.37:848][ 43]LogModuleManager: Shutting down and abandoning module GeometryMode (149)
[2014.08.22-22.54.37:848][ 43]LogModuleManager: Shutting down and abandoning module TextureAlignMode (148)
[2014.08.22-22.54.37:848][ 43]LogModuleManager: Shutting down and abandoning module BspMode (147)
[2014.08.22-22.54.37:848][ 43]LogModuleManager: Shutting down and abandoning module PlacementMode (146)
[2014.08.22-22.54.37:848][ 43]LogModuleManager: Shutting down and abandoning module DesktopPlatform (145)
[2014.08.22-22.54.37:848][ 43]LogModuleManager: Shutting down and abandoning module AutomationWorker (144)
[2014.08.22-22.54.37:848][ 43]LogModuleManager: Shutting down and abandoning module EditorLiveStreaming (143)
[2014.08.22-22.54.37:848][ 43]LogModuleManager: Shutting down and abandoning module BehaviorTreeEditor (142)
[2014.08.22-22.54.37:848][ 43]LogModuleManager: Shutting down and abandoning module DeviceProfileEditor (141)
[2014.08.22-22.54.37:848][ 43]LogModuleManager: Shutting down and abandoning module UndoHistory (140)
[2014.08.22-22.54.37:848][ 43]LogModuleManager: Shutting down and abandoning module GameplayTagsEditor (139)
[2014.08.22-22.54.37:848][ 43]LogModuleManager: Shutting down and abandoning module UserFeedback (138)
[2014.08.22-22.54.37:848][ 43]LogModuleManager: Shutting down and abandoning module XmlParser (137)
[2014.08.22-22.54.37:848][ 43]LogModuleManager: Shutting down and abandoning module Blutility (136)
[2014.08.22-22.54.37:848][ 43]LogModuleManager: Shutting down and abandoning module IOSPlatformEditor (135)
[2014.08.22-22.54.37:848][ 43]LogModuleManager: Shutting down and abandoning module IOSRuntimeSettings (134)
[2014.08.22-22.54.37:848][ 43]LogModuleManager: Shutting down and abandoning module AndroidPlatformEditor (133)
[2014.08.22-22.54.37:848][ 43]LogModuleManager: Shutting down and abandoning module AndroidRuntimeSettings (132)
[2014.08.22-22.54.37:848][ 43]LogModuleManager: Shutting down and abandoning module ProjectTargetPlatformEditor (131)
[2014.08.22-22.54.37:849][ 43]LogModuleManager: Shutting down and abandoning module ProjectSettingsViewer (130)
[2014.08.22-22.54.37:849][ 43]LogModuleManager: Shutting down and abandoning module InputBindingEditor (129)
[2014.08.22-22.54.37:849][ 43]LogModuleManager: Shutting down and abandoning module EditorSettingsViewer (128)
[2014.08.22-22.54.37:849][ 43]LogModuleManager: Shutting down and abandoning module SettingsEditor (127)
[2014.08.22-22.54.37:849][ 43]LogModuleManager: Shutting down and abandoning module SessionLauncher (126)
[2014.08.22-22.54.37:849][ 43]LogModuleManager: Shutting down and abandoning module SessionFrontend (125)
[2014.08.22-22.54.37:849][ 43]LogModuleManager: Shutting down and abandoning module ProfilerClient (124)
[2014.08.22-22.54.37:849][ 43]LogModuleManager: Shutting down and abandoning module TargetDeviceServices (123)
[2014.08.22-22.54.37:849][ 43]LogModuleManager: Shutting down and abandoning module DeviceManager (122)
[2014.08.22-22.54.37:849][ 43]LogModuleManager: Shutting down and abandoning module AutomationController (121)
[2014.08.22-22.54.37:849][ 43]LogModuleManager: Shutting down and abandoning module AutomationWindow (120)
[2014.08.22-22.54.37:849][ 43]LogModuleManager: Shutting down and abandoning module Layers (119)
[2014.08.22-22.54.37:849][ 43]LogModuleManager: Shutting down and abandoning module ComponentVisualizers (118)
[2014.08.22-22.54.37:849][ 43]LogModuleManager: Shutting down and abandoning module DetailCustomizations (117)
[2014.08.22-22.54.37:849][ 43]LogModuleManager: Shutting down and abandoning module PackagesDialog (116)
[2014.08.22-22.54.37:849][ 43]LogModuleManager: Shutting down and abandoning module DirectoryWatcher (115)
[2014.08.22-22.54.37:849][ 43]LogModuleManager: Shutting down and abandoning module AssetRegistry (114)
[2014.08.22-22.54.37:920][ 43]LogModuleManager: Shutting down and abandoning module Persona (113)
[2014.08.22-22.54.37:920][ 43]LogModuleManager: Shutting down and abandoning module GraphEditor (112)
[2014.08.22-22.54.37:920][ 43]LogModuleManager: Shutting down and abandoning module ClassViewer (111)
[2014.08.22-22.54.37:920][ 43]LogModuleManager: Shutting down and abandoning module Toolbox (110)
[2014.08.22-22.54.37:920][ 43]LogModuleManager: Shutting down and abandoning module ModuleUI (109)
[2014.08.22-22.54.37:920][ 43]LogModuleManager: Shutting down and abandoning module Sequencer (108)
[2014.08.22-22.54.37:920][ 43]LogModuleManager: Shutting down and abandoning module MovieSceneTools (107)
[2014.08.22-22.54.37:920][ 43]LogModuleManager: Shutting down and abandoning module OutputLog (106)
[2014.08.22-22.54.37:920][ 43]LogModuleManager: Shutting down and abandoning module GammaUI (105)
[2014.08.22-22.54.37:920][ 43]LogModuleManager: Shutting down and abandoning module Documentation (104)
[2014.08.22-22.54.37:920][ 43]LogModuleManager: Shutting down and abandoning module GameLiveStreaming (103)
[2014.08.22-22.54.37:920][ 43]LogModuleManager: Shutting down and abandoning module StreamingPauseRendering (102)
[2014.08.22-22.54.37:920][ 43]LogModuleManager: Shutting down and abandoning module AnalyticsET (101)
[2014.08.22-22.54.37:920][ 43]LogModuleManager: Shutting down and abandoning module Analytics (100)
[2014.08.22-22.54.37:920][ 43]LogModuleManager: Shutting down and abandoning module GameplayDebugger (99)
[2014.08.22-22.54.37:920][ 43]LogModuleManager: Shutting down and abandoning module AIModule (98)
[2014.08.22-22.54.37:920][ 43]LogModuleManager: Shutting down and abandoning module ProfilerService (97)
[2014.08.22-22.54.37:925][ 43]LogModuleManager: Shutting down and abandoning module TaskGraph (96)
[2014.08.22-22.54.37:925][ 43]LogModuleManager: Shutting down and abandoning module SlateRemote (95)
[2014.08.22-22.54.37:925][ 43]LogModuleManager: Shutting down and abandoning module ScriptEditorPlugin (94)
[2014.08.22-22.54.37:925][ 43]LogModuleManager: Shutting down and abandoning module CustomMeshComponent (93)
[2014.08.22-22.54.37:925][ 43]LogModuleManager: Shutting down and abandoning module CableComponent (92)
[2014.08.22-22.54.37:925][ 43]LogModuleManager: Shutting down and abandoning module MessagingDebugger (91)
[2014.08.22-22.54.37:925][ 43]LogModuleManager: Shutting down and abandoning module ViewportSnapping (90)
[2014.08.22-22.54.37:925][ 43]LogModuleManager: Shutting down and abandoning module SmartSnapping (89)
[2014.08.22-22.54.37:925][ 43]LogModuleManager: Shutting down and abandoning module PaperTiledImporter (88)
[2014.08.22-22.54.37:925][ 43]LogModuleManager: Shutting down and abandoning module PaperJsonImporter (87)
[2014.08.22-22.54.37:925][ 43]LogModuleManager: Shutting down and abandoning module GameProjectGeneration (86)
[2014.08.22-22.54.37:925][ 43]LogModuleManager: Shutting down and abandoning module Matinee (85)
[2014.08.22-22.54.37:925][ 43]LogModuleManager: Shutting down and abandoning module Kismet (84)
[2014.08.22-22.54.37:925][ 43]LogModuleManager: Shutting down and abandoning module SlateReflector (83)
[2014.08.22-22.54.37:925][ 43]LogModuleManager: Shutting down and abandoning module LevelEditor (82)
[2014.08.22-22.54.37:926][ 43]LogModuleManager: Shutting down and abandoning module IntroTutorials (81)
[2014.08.22-22.54.37:926][ 43]LogModuleManager: Shutting down and abandoning module ContentBrowser (80)
[2014.08.22-22.54.37:926][ 43]LogModuleManager: Shutting down and abandoning module PropertyEditor (79)
[2014.08.22-22.54.37:926][ 43]LogModuleManager: Shutting down and abandoning module AssetTools (78)
[2014.08.22-22.54.37:926][ 43]LogModuleManager: Shutting down and abandoning module Paper2DEditor (77)
[2014.08.22-22.54.37:926][ 43]LogModuleManager: Shutting down and abandoning module SpeedTreeImporter (76)
[2014.08.22-22.54.37:926][ 43]LogModuleManager: Shutting down and abandoning module PluginsEditor (75)
[2014.08.22-22.54.37:926][ 43]LogModuleManager: Shutting down and abandoning module MainFrame (74)
[2014.08.22-22.54.37:926][ 43]LogModuleManager: Shutting down and abandoning module EpicSurvey (73)
[2014.08.22-22.54.37:926][ 43]LogModuleManager: Shutting down and abandoning module VisualStudioSourceCodeAccess (72)
[2014.08.22-22.54.37:926][ 43]LogModuleManager: Shutting down and abandoning module UObjectPlugin (71)
[2014.08.22-22.54.37:926][ 43]LogModuleManager: Shutting down and abandoning module SubversionSourceControl (70)
[2014.08.22-22.54.37:926][ 43]LogModuleManager: Shutting down and abandoning module SourceControl (69)
[2014.08.22-22.54.37:926][ 43]LogModuleManager: Shutting down and abandoning module PerforceSourceControl (68)
[2014.08.22-22.54.37:926][ 43]LogModuleManager: Shutting down and abandoning module BlankPlugin (67)
[2014.08.22-22.54.37:926][ 43]LogModuleManager: Shutting down and abandoning module ScriptPlugin (66)
[2014.08.22-22.54.37:926][ 43]LogModuleManager: Shutting down and abandoning module UdpMessaging (65)
[2014.08.22-22.54.38:027][ 43]LogModuleManager: Shutting down and abandoning module Paper2D (64)
[2014.08.22-22.54.38:027][ 43]LogModuleManager: Shutting down and abandoning module WindowsMoviePlayer (63)
[2014.08.22-22.54.38:029][ 43]LogModuleManager: Shutting down and abandoning module ImageWrapper (62)
[2014.08.22-22.54.38:029][ 43]LogModuleManager: Shutting down and abandoning module OnlineBlueprintSupport (61)
[2014.08.22-22.54.38:029][ 43]LogModuleManager: Shutting down and abandoning module FunctionalTesting (60)
[2014.08.22-22.54.38:029][ 43]LogModuleManager: Shutting down and abandoning module CollisionAnalyzer (59)
[2014.08.22-22.54.38:029][ 43]LogModuleManager: Shutting down and abandoning module WorkspaceMenuStructure (58)
[2014.08.22-22.54.38:029][ 43]LogModuleManager: Shutting down and abandoning module MessageLog (57)
[2014.08.22-22.54.38:029][ 43]LogModuleManager: Shutting down and abandoning module UMGEditor (56)
[2014.08.22-22.54.38:029][ 43]LogModuleManager: Shutting down and abandoning module UMG (55)
[2014.08.22-22.54.38:029][ 43]LogModuleManager: Shutting down and abandoning module Slate (54)
[2014.08.22-22.54.38:029][ 43]LogModuleManager: Shutting down and abandoning module EditorStyle (53)
[2014.08.22-22.54.38:031][ 43]LogModuleManager: Shutting down and abandoning module SessionServices (52)
[2014.08.22-22.54.38:031][ 43]LogModuleManager: Shutting down and abandoning module SourceCodeAccess (51)
[2014.08.22-22.54.38:031][ 43]LogModuleManager: Shutting down and abandoning module HeadMountedDisplay (50)
[2014.08.22-22.54.38:031][ 43]LogModuleManager: Shutting down and abandoning module XAudio2 (49)
[2014.08.22-22.54.38:031][ 43]LogModuleManager: Shutting down and abandoning module Networking (47)
[2014.08.22-22.54.38:031][ 43]LogModuleManager: Shutting down and abandoning module Core (46)
[2014.08.22-22.54.38:031][ 43]LogModuleManager: Shutting down and abandoning module KismetCompiler (45)
[2014.08.22-22.54.38:031][ 43]LogModuleManager: Shutting down and abandoning module PhysXFormats (44)
[2014.08.22-22.54.38:031][ 43]LogModuleManager: Shutting down and abandoning module MeshUtilities (43)
[2014.08.22-22.54.38:031][ 43]LogModuleManager: Shutting down and abandoning module DerivedDataCache (42)
[2014.08.22-22.54.38:073][ 43]LogDerivedDataCache: Shutdown
[2014.08.22-22.54.38:073][ 43]LogModuleManager: Shutting down and abandoning module ShaderFormatOpenGL (41)
[2014.08.22-22.54.38:073][ 43]LogModuleManager: Shutting down and abandoning module ShaderFormatD3D (40)
[2014.08.22-22.54.38:073][ 43]LogModuleManager: Shutting down and abandoning module MetalShaderFormat (39)
[2014.08.22-22.54.38:073][ 43]LogModuleManager: Shutting down and abandoning module TextureFormatUncompressed (38)
[2014.08.22-22.54.38:073][ 43]LogModuleManager: Shutting down and abandoning module TextureFormatPVR (37)
[2014.08.22-22.54.38:073][ 43]LogModuleManager: Shutting down and abandoning module TextureFormatDXT (36)
[2014.08.22-22.54.38:073][ 43]LogModuleManager: Shutting down and abandoning module TextureFormatAndroid (35)
[2014.08.22-22.54.38:073][ 43]LogModuleManager: Shutting down and abandoning module AudioFormatOpus (34)
[2014.08.22-22.54.38:073][ 43]LogModuleManager: Shutting down and abandoning module AudioFormatOgg (33)
[2014.08.22-22.54.38:073][ 43]LogModuleManager: Shutting down and abandoning module AudioFormatADPCM (32)
[2014.08.22-22.54.38:073][ 43]LogModuleManager: Shutting down and abandoning module Messaging (31)
[2014.08.22-22.54.38:073][ 43]LogModuleManager: Shutting down and abandoning module IOSTargetPlatform (30)
[2014.08.22-22.54.38:073][ 43]LogModuleManager: Shutting down and abandoning module Android_PVRTCTargetPlatform (29)
[2014.08.22-22.54.38:073][ 43]LogModuleManager: Shutting down and abandoning module Android_ETC2TargetPlatform (28)
[2014.08.22-22.54.38:073][ 43]LogModuleManager: Shutting down and abandoning module Android_ETC1TargetPlatform (27)
[2014.08.22-22.54.38:073][ 43]LogModuleManager: Shutting down and abandoning module Android_DXTTargetPlatform (26)
[2014.08.22-22.54.38:073][ 43]LogModuleManager: Shutting down and abandoning module Android_ATCTargetPlatform (25)
[2014.08.22-22.54.38:073][ 43]LogModuleManager: Shutting down and abandoning module AndroidTargetPlatform (24)
[2014.08.22-22.54.38:073][ 43]LogModuleManager: Shutting down and abandoning module WindowsTargetPlatform (23)
[2014.08.22-22.54.38:073][ 43]LogModuleManager: Shutting down and abandoning module WindowsServerTargetPlatform (22)
[2014.08.22-22.54.38:073][ 43]LogModuleManager: Shutting down and abandoning module WindowsNoEditorTargetPlatform (21)
[2014.08.22-22.54.38:073][ 43]LogModuleManager: Shutting down and abandoning module WindowsClientTargetPlatform (20)
[2014.08.22-22.54.38:073][ 43]LogModuleManager: Shutting down and abandoning module TargetPlatform (19)
[2014.08.22-22.54.38:073][ 43]LogModuleManager: Shutting down and abandoning module InputCore (18)
[2014.08.22-22.54.38:073][ 43]LogModuleManager: Shutting down and abandoning module Settings (17)
[2014.08.22-22.54.38:073][ 43]LogModuleManager: Shutting down and abandoning module ExampleDeviceProfileSelector (14)
[2014.08.22-22.54.38:073][ 43]LogModuleManager: Shutting down and abandoning module OculusRift (13)
[2014.08.22-22.54.38:073][ 43]LogModuleManager: Shutting down and abandoning module TextureCompressor (12)
[2014.08.22-22.54.38:073][ 43]LogModuleManager: Shutting down and abandoning module ShaderCore (11)
[2014.08.22-22.54.38:073][ 43]LogModuleManager: Shutting down and abandoning module OpenGLDrv (10)
[2014.08.22-22.54.38:073][ 43]LogModuleManager: Shutting down and abandoning module D3D11RHI (9)
[2014.08.22-22.54.38:073][ 43]LogModuleManager: Shutting down and abandoning module SlateRHIRenderer (8)
[2014.08.22-22.54.38:073][ 43]LogModuleManager: Shutting down and abandoning module Renderer (7)
[2014.08.22-22.54.38:073][ 43]LogModuleManager: Shutting down and abandoning module Engine (6)
[2014.08.22-22.54.38:073][ 43]LogModuleManager: Shutting down and abandoning module CoreUObject (5)
[2014.08.22-22.54.38:073][ 43]LogModuleManager: Shutting down and abandoning module NetworkFile (4)
[2014.08.22-22.54.38:073][ 43]LogModuleManager: Shutting down and abandoning module StreamingFile (3)
[2014.08.22-22.54.38:073][ 43]LogModuleManager: Shutting down and abandoning module SandboxFile (2)
[2014.08.22-22.54.38:073][ 43]LogModuleManager: Shutting down and abandoning module PakFile (1)
[2014.08.22-22.54.38:074][ 43]LogExit: Exiting.
[2014.08.22-22.54.38:075][ 43]Log file closed, 08/23/14 08:54:38
