Log file open, 08/23/14 08:45:39
LogInit:Display: Running engine for game: TP_BPFirstPersonRift
LogInit: Version: 4.4.1-2265359+++depot+UE4-Releases+4.4
LogInit: API Version: 2255576
LogInit: Compiled (64-bit): Aug 20 2014 22:16:55
LogInit: Build Configuration: Development
LogInit: Branch Name: ++depot+UE4-Releases+4.4
LogInit: Command line:  /Temp/Autosaves/Game/Maps/UEDPCExample_Map -game -PIEVIACONSOLE -ResX=1280 -ResY=720  -Multiprocess 
LogInit: Base directory: C:/Program Files/Unreal Engine/4.4/Engine/Binaries/Win64/
LogInit: Rocket: 1
[2014.08.22-22.45.39:549][  0]LogTaskGraph: Started task graph with 3 named threads and 4 total threads.
[2014.08.22-22.45.39:581][  0]LogOnline:Warning: No default platform service specified for OnlineSubsystem
[2014.08.22-22.45.39:589][  0]LogInit: Presizing for 0 objects not considered by GC, pre-allocating 0 bytes.
[2014.08.22-22.45.39:595][  0]LogInit: Object subsystem initialized
[2014.08.22-22.45.39:596][  0]LogInit: Selected Device Profile: [Windows]
[2014.08.22-22.45.39:596][  0]LogInit: Applying CVar settings loaded from the selected device profile: [Windows]
[2014.08.22-22.45.39:601][  0]LogInit: Computer: HOME
[2014.08.22-22.45.39:601][  0]LogInit: User: McCaffrey
[2014.08.22-22.45.39:603][  0]LogInit: CPU Page size=4096, Cores=4
[2014.08.22-22.45.39:603][  0]LogInit: High frequency timer resolution =3.410077 MHz
[2014.08.22-22.45.39:603][  0]LogMemory: Memory total: Physical=15.9GB (16GB approx) Virtual=131072.0GB
[2014.08.22-22.45.39:603][  0]LogMemory: Platform Memory Stats for Windows
[2014.08.22-22.45.39:603][  0]LogMemory: Process Physical Memory: 59.95 MB used, 59.95 MB peak
[2014.08.22-22.45.39:603][  0]LogMemory: Process Virtual Memory: 36.21 MB used, 36.21 MB peak
[2014.08.22-22.45.39:603][  0]LogMemory: Physical Memory: 4591.43 MB used, 16268.46 MB total
[2014.08.22-22.45.39:603][  0]LogMemory: Virtual Memory: 265.88 MB used, 134217728.00 MB total
[2014.08.22-22.45.39:640][  0]LogD3D11RHI: Found D3D11 adapter 0: NVIDIA GeForce GTX 770 (Feature Level 11_0)
[2014.08.22-22.45.39:640][  0]LogD3D11RHI: Adapter has 1985MB of dedicated video memory, 0MB of dedicated system memory, and 2048MB of shared system memory, 3 output[s]
[2014.08.22-22.45.39:648][  0]LogD3D11RHI: Found D3D11 adapter 1: Intel(R) HD Graphics 4600 (Feature Level 11_0)
[2014.08.22-22.45.39:648][  0]LogD3D11RHI: Adapter has 32MB of dedicated video memory, 0MB of dedicated system memory, and 1760MB of shared system memory, 0 output[s]
[2014.08.22-22.45.39:649][  0]LogD3D11RHI: Found D3D11 adapter 2: Microsoft Basic Render Driver (Feature Level 11_0)
[2014.08.22-22.45.39:649][  0]LogD3D11RHI: Adapter has 0MB of dedicated video memory, 0MB of dedicated system memory, and 256MB of shared system memory, 0 output[s]
[2014.08.22-22.45.39:649][  0]LogD3D11RHI: Chosen D3D11 Adapter Id = 0
[2014.08.22-22.45.39:653][  0]LogRHI: Texture pool is 1361 MB (70% of 1945 MB)
[2014.08.22-22.45.39:663][  0]LogD3D11RHI: Async texture creation enabled
[2014.08.22-22.45.39:764][  0]LogContentStreaming: Texture pool size is 1000.000000MB
[2014.08.22-22.45.41:008][  0]LogTargetPlatformManager:Display: Building Assets For Windows
[2014.08.22-22.45.41:380][  0]LogTargetPlatformManager:Display: Building Assets For Windows
[2014.08.22-22.45.41:417][  0]LogDerivedDataCache:Display: Max Cache Size: 512 MB
[2014.08.22-22.45.41:453][  0]LogDerivedDataCache: Loaded boot cache 0.04s 39MB C:/Users/McCaffrey/AppData/Local/UnrealEngine/4.4/DerivedDataCache/Boot.ddc.
[2014.08.22-22.45.41:453][  0]LogDerivedDataCache:Display: Loaded Boot cache: C:/Users/McCaffrey/AppData/Local/UnrealEngine/4.4/DerivedDataCache/Boot.ddc
[2014.08.22-22.45.41:453][  0]LogDerivedDataCache: FDerivedDataBackendGraph:  Pak pak cache file F:/Unreal/GitHub/TP_BPFirstPersonRift/DerivedDataCache/DDC.ddp not found, will not use a pak cache.
[2014.08.22-22.45.41:453][  0]LogDerivedDataCache: Unable to find inner node Pak for hierarchical cache Hierarchy.
[2014.08.22-22.45.41:467][  0]LogDerivedDataCache:Display: Pak cache opened for reading ../../../Engine/DerivedDataCache/DDC.ddp.
[2014.08.22-22.45.41:479][  0]LogDerivedDataCache: Using Local data cache path C:/Users/McCaffrey/AppData/Local/UnrealEngine/4.4/DerivedDataCache: Writable
[2014.08.22-22.45.41:617][  0]LogMeshUtilities: No automatic mesh reduction module available
[2014.08.22-22.45.41:617][  0]LogMeshUtilities: No automatic mesh merging module available
[2014.08.22-22.45.41:922][  0]LogInit: WinSock: version 1.1 (2.2), MaxSocks=32767, MaxUdp=65467
[2014.08.22-22.45.42:679][  0]LogWindowsMoviePlayer: Unable to load movie: F:/Unreal/GitHub/TP_BPFirstPersonRift/Content/Movies/Default_Startup.mp4
[2014.08.22-22.45.42:791][  0]LogStats:Warning: MetaData mismatch. Did you assign a stat to two groups? New //STATGROUP_Threads//FMonitoredProcess///Thread_1ba8_0///////STATCAT_Advanced//// old //STATGROUP_Threads//FMonitoredProcess///Thread_122c_0///////STATCAT_Advanced////
[2014.08.22-22.45.42:791][  0]SourceControl: Info Source control is disabled
[2014.08.22-22.45.42:791][  0]SourceControl: Info Source control is disabled
[2014.08.22-22.45.42:797][  0]SourceControl: Info Source control is disabled
[2014.08.22-22.45.42:839][  0]LogObj: 20996 objects as part of root set at end of initial load.
[2014.08.22-22.45.42:839][  0]LogUObjectAllocator: 3965960 out of 0 bytes used by permanent object pool.
[2014.08.22-22.45.43:028][  0]LogAutomationTest:Warning: ERR: Transient text cannot be serialized "Testing Transient serialization detection".
[2014.08.22-22.45.43:028][  0]LogEngine: Initializing Engine...
[2014.08.22-22.45.43:029][  0]LogHMD:Warning: HMD Oculus Rift DK2, Monitor \\.\DISPLAY3\Monitor0, res = 1920 x 1080, windowPos = {-1920, 0}
[2014.08.22-22.45.43:029][  0]LogHMD: Oculus initialized.
[2014.08.22-22.45.43:118][  0]LogInit: XAudio2 using 'Speakers (Realtek High Definition Audio)' : 2 channels at 48 kHz using 32 bits per sample (channel mask 0x3)
[2014.08.22-22.45.43:131][  0]LogInit: FAudioDevice initialized.
[2014.08.22-22.45.43:134][  0]LogInit: Texture streaming: Enabled
[2014.08.22-22.45.43:190][  0]LogConsoleResponse:Display: 
[2014.08.22-22.45.43:190][  0]LogNet: Browse: /Temp/Autosaves/Game/Maps/UEDPCExample_Map?Name=Player
[2014.08.22-22.45.43:190][  0]LogLoad: LoadMap: /Temp/Autosaves/Game/Maps/UEDPCExample_Map?Name=Player
[2014.08.22-22.45.43:203][  0]LogMemory: Platform Memory Stats for Windows
[2014.08.22-22.45.43:203][  0]LogMemory: Process Physical Memory: 274.57 MB used, 315.90 MB peak
[2014.08.22-22.45.43:203][  0]LogMemory: Process Virtual Memory: 223.52 MB used, 269.19 MB peak
[2014.08.22-22.45.43:203][  0]LogMemory: Physical Memory: 4413.97 MB used, 16268.46 MB total
[2014.08.22-22.45.43:203][  0]LogMemory: Virtual Memory: 635.75 MB used, 134217728.00 MB total
[2014.08.22-22.45.43:203][  0]LogMemory: 
[2014.08.22-22.45.43:203][  0]Allocator Stats for TBB: (not implemented)
[2014.08.22-22.45.43:819][  0]LogBlueprint:Warning: [compiler] Warning Unable to find function with name 'GetControlledPawn' for  GetControlledPawn 
[2014.08.22-22.45.43:819][  0]LogBlueprint:Warning: [compiler] Warning Unable to find function with name 'GetControlledPawn' for  GetControlledPawn 
[2014.08.22-22.45.43:836][  0]LogBlueprint:Warning: [compiler] Warning Could not find the function 'GetControlledPawn' called from  GetControlledPawn 
[2014.08.22-22.45.43:836][  0]LogBlueprint:Warning: [compiler] Warning Could not find the function 'GetControlledPawn' called from  GetControlledPawn 
[2014.08.22-22.45.43:840][  0]LogBlueprint:Warning: [compiler] Warning [0005.04] Compile of VRPlayerController successful, but with 4 Warning(s) [in 31 ms]
[2014.08.22-22.45.43:897][  0]LogBlueprint:Warning: [compiler] Warning Unable to find function with name 'GetControlledPawn' for  GetControlledPawn 
[2014.08.22-22.45.43:897][  0]LogBlueprint:Warning: [compiler] Warning Unable to find function with name 'GetControlledPawn' for  GetControlledPawn 
[2014.08.22-22.45.43:912][  0]LogBlueprint:Warning: [compiler] Warning Could not find the function 'GetControlledPawn' called from  GetControlledPawn 
[2014.08.22-22.45.43:913][  0]LogBlueprint:Warning: [compiler] Warning Could not find the function 'GetControlledPawn' called from  GetControlledPawn 
[2014.08.22-22.45.43:917][  0]LogBlueprint:Warning: [compiler] Warning [0005.11] Compile of VRPlayerController successful, but with 4 Warning(s) [in 29 ms]
[2014.08.22-22.45.44:287][  0]LogWorld: Game class is 'VRGameMode_C'
[2014.08.22-22.45.44:305][  0]LogAIModule: Creating AISystem for world Example_Map
[2014.08.22-22.45.44:311][  0]LogWorld: Bringing World /Temp/Autosaves/Game/Maps/UEDPCExample_Map.Example_Map up for play (max tick rate 0) at 2014.08.23-08.45.44
[2014.08.22-22.45.44:312][  0]LogWorld: Bringing up level for play took: 0.007363
[2014.08.22-22.45.44:313][  0]LogBlueprintUserMessages: X=0.000 Y=0.000 Z=0.000
[2014.08.22-22.45.44:314][  0]LogBlueprintUserMessages: X=0.000 Y=0.000 Z=0.000
[2014.08.22-22.45.44:314][  0]LogBlueprintUserMessages: X=0.000 Y=0.000 Z=0.000
[2014.08.22-22.45.44:314][  0]LogBlueprintUserMessages: X=0.000 Y=0.000 Z=0.000
[2014.08.22-22.45.44:315][  0]LogInit:Display: Game Engine Initialized.
[2014.08.22-22.45.44:525][  0]LogLoad: Full Startup: 5.72 seconds (BP compile: 0.65 seconds)
[2014.08.22-22.45.44:680][  0]LogRenderer:Warning: Reallocating scene render targets to support 1280x720.
[2014.08.22-22.45.44:684][  1]LogBlueprintUserMessages: X=0.000 Y=0.000 Z=0.000
[2014.08.22-22.45.44:684][  1]LogBlueprintUserMessages: X=0.000 Y=0.000 Z=0.000
[2014.08.22-22.45.44:714][  2]LogBlueprintUserMessages: X=0.000 Y=0.000 Z=0.000
[2014.08.22-22.45.44:714][  2]LogBlueprintUserMessages: X=0.000 Y=0.000 Z=0.000
[2014.08.22-22.45.44:729][  3]LogBlueprintUserMessages: X=0.000 Y=0.000 Z=0.000
[2014.08.22-22.45.44:730][  3]LogBlueprintUserMessages: X=0.000 Y=0.000 Z=0.000
[2014.08.22-22.45.44:746][  4]LogBlueprintUserMessages: X=0.000 Y=0.000 Z=0.000
[2014.08.22-22.45.44:747][  4]LogBlueprintUserMessages: X=0.000 Y=0.000 Z=0.000
[2014.08.22-22.45.44:754][  5]LogBlueprintUserMessages: X=0.000 Y=0.000 Z=0.000
[2014.08.22-22.45.44:754][  5]LogBlueprintUserMessages: X=0.000 Y=0.000 Z=0.000
[2014.08.22-22.45.44:767][  6]LogBlueprintUserMessages: X=0.000 Y=0.000 Z=0.000
[2014.08.22-22.45.44:767][  6]LogBlueprintUserMessages: X=0.000 Y=0.000 Z=0.000
[2014.08.22-22.45.44:780][  7]LogBlueprintUserMessages: X=0.000 Y=0.000 Z=0.000
[2014.08.22-22.45.44:781][  7]LogBlueprintUserMessages: X=0.000 Y=0.000 Z=0.000
[2014.08.22-22.45.44:787][  8]LogBlueprintUserMessages: X=0.000 Y=0.000 Z=0.000
[2014.08.22-22.45.44:787][  8]LogBlueprintUserMessages: X=0.000 Y=0.000 Z=0.000
[2014.08.22-22.45.44:799][  9]LogBlueprintUserMessages: X=0.000 Y=0.000 Z=0.000
[2014.08.22-22.45.44:800][  9]LogBlueprintUserMessages: X=0.000 Y=0.000 Z=0.000
[2014.08.22-22.45.44:809][ 10]LogBlueprintUserMessages: X=0.000 Y=0.000 Z=0.000
[2014.08.22-22.45.44:810][ 10]LogBlueprintUserMessages: X=0.000 Y=0.000 Z=0.000
[2014.08.22-22.45.44:814][ 11]LogBlueprintUserMessages: X=0.000 Y=0.000 Z=0.000
[2014.08.22-22.45.44:814][ 11]LogBlueprintUserMessages: X=0.000 Y=0.000 Z=0.000
[2014.08.22-22.45.44:828][ 12]LogBlueprintUserMessages: X=0.000 Y=0.000 Z=0.000
[2014.08.22-22.45.44:828][ 12]LogBlueprintUserMessages: X=0.000 Y=0.000 Z=0.000
[2014.08.22-22.45.44:843][ 13]LogBlueprintUserMessages: X=0.000 Y=0.000 Z=0.000
[2014.08.22-22.45.44:843][ 13]LogBlueprintUserMessages: X=0.000 Y=0.000 Z=0.000
[2014.08.22-22.45.44:848][ 14]LogBlueprintUserMessages: X=0.000 Y=0.000 Z=0.000
[2014.08.22-22.45.44:848][ 14]LogBlueprintUserMessages: X=0.000 Y=0.000 Z=0.000
[2014.08.22-22.45.44:861][ 15]LogBlueprintUserMessages: X=0.000 Y=0.000 Z=0.000
[2014.08.22-22.45.44:861][ 15]LogBlueprintUserMessages: X=0.000 Y=0.000 Z=0.000
[2014.08.22-22.45.44:866][ 16]LogBlueprintUserMessages: X=0.000 Y=0.000 Z=0.000
[2014.08.22-22.45.44:866][ 16]LogBlueprintUserMessages: X=0.000 Y=0.000 Z=0.000
[2014.08.22-22.45.44:886][ 17]LogBlueprintUserMessages: X=0.000 Y=0.000 Z=0.000
[2014.08.22-22.45.44:886][ 17]LogBlueprintUserMessages: X=0.000 Y=0.000 Z=0.000
[2014.08.22-22.45.44:896][ 18]LogBlueprintUserMessages: X=0.000 Y=0.000 Z=0.000
[2014.08.22-22.45.44:897][ 18]LogBlueprintUserMessages: X=0.000 Y=0.000 Z=0.000
[2014.08.22-22.45.44:901][ 19]LogBlueprintUserMessages: X=0.000 Y=0.000 Z=0.000
[2014.08.22-22.45.44:902][ 19]LogBlueprintUserMessages: X=0.000 Y=0.000 Z=0.000
[2014.08.22-22.45.44:913][ 20]LogBlueprintUserMessages: X=0.000 Y=0.000 Z=0.000
[2014.08.22-22.45.44:913][ 20]LogBlueprintUserMessages: X=0.000 Y=0.000 Z=0.000
[2014.08.22-22.45.44:919][ 21]LogBlueprintUserMessages: X=0.000 Y=0.000 Z=0.000
[2014.08.22-22.45.44:919][ 21]LogBlueprintUserMessages: X=0.000 Y=0.000 Z=0.000
[2014.08.22-22.45.44:931][ 22]LogBlueprintUserMessages: X=0.000 Y=0.000 Z=0.000
[2014.08.22-22.45.44:931][ 22]LogBlueprintUserMessages: X=0.000 Y=0.000 Z=0.000
[2014.08.22-22.45.44:943][ 23]LogBlueprintUserMessages: X=0.000 Y=0.000 Z=0.000
[2014.08.22-22.45.44:943][ 23]LogBlueprintUserMessages: X=0.000 Y=0.000 Z=0.000
[2014.08.22-22.45.44:948][ 24]LogBlueprintUserMessages: X=0.000 Y=0.000 Z=0.000
[2014.08.22-22.45.44:948][ 24]LogBlueprintUserMessages: X=0.000 Y=0.000 Z=0.000
[2014.08.22-22.45.44:960][ 25]LogBlueprintUserMessages: X=0.000 Y=0.000 Z=0.000
[2014.08.22-22.45.44:960][ 25]LogBlueprintUserMessages: X=0.000 Y=0.000 Z=0.000
[2014.08.22-22.45.44:965][ 26]LogBlueprintUserMessages: X=0.000 Y=0.000 Z=0.000
[2014.08.22-22.45.44:965][ 26]LogBlueprintUserMessages: X=0.000 Y=0.000 Z=0.000
[2014.08.22-22.45.44:976][ 27]LogBlueprintUserMessages: X=0.000 Y=0.000 Z=0.000
[2014.08.22-22.45.44:977][ 27]LogBlueprintUserMessages: X=0.000 Y=0.000 Z=0.000
[2014.08.22-22.45.44:992][ 28]LogBlueprintUserMessages: X=0.000 Y=0.000 Z=0.000
[2014.08.22-22.45.44:992][ 28]LogBlueprintUserMessages: X=0.000 Y=0.000 Z=0.000
[2014.08.22-22.45.45:001][ 29]LogBlueprintUserMessages: X=0.000 Y=0.000 Z=0.000
[2014.08.22-22.45.45:001][ 29]LogBlueprintUserMessages: X=0.000 Y=0.000 Z=0.000
[2014.08.22-22.45.45:005][ 30]LogBlueprintUserMessages: X=0.000 Y=0.000 Z=0.000
[2014.08.22-22.45.45:006][ 30]LogBlueprintUserMessages: X=0.000 Y=0.000 Z=0.000
[2014.08.22-22.45.45:017][ 31]LogBlueprintUserMessages: X=0.000 Y=0.000 Z=0.000
[2014.08.22-22.45.45:017][ 31]LogBlueprintUserMessages: X=0.000 Y=0.000 Z=0.000
[2014.08.22-22.45.45:028][ 32]LogBlueprintUserMessages: X=0.000 Y=0.000 Z=0.000
[2014.08.22-22.45.45:028][ 32]LogBlueprintUserMessages: X=0.000 Y=0.000 Z=0.000
[2014.08.22-22.45.45:032][ 33]LogBlueprintUserMessages: X=0.000 Y=0.000 Z=0.000
[2014.08.22-22.45.45:032][ 33]LogBlueprintUserMessages: X=0.000 Y=0.000 Z=0.000
[2014.08.22-22.45.45:043][ 34]LogBlueprintUserMessages: X=0.000 Y=0.000 Z=0.000
[2014.08.22-22.45.45:043][ 34]LogBlueprintUserMessages: X=0.000 Y=0.000 Z=0.000
[2014.08.22-22.45.45:047][ 35]LogBlueprintUserMessages: X=0.000 Y=0.000 Z=0.000
[2014.08.22-22.45.45:047][ 35]LogBlueprintUserMessages: X=0.000 Y=0.000 Z=0.000
[2014.08.22-22.45.45:058][ 36]LogBlueprintUserMessages: X=0.000 Y=0.000 Z=0.000
[2014.08.22-22.45.45:058][ 36]LogBlueprintUserMessages: X=0.000 Y=0.000 Z=0.000
[2014.08.22-22.45.45:062][ 37]LogBlueprintUserMessages: X=0.000 Y=0.000 Z=0.000
[2014.08.22-22.45.45:062][ 37]LogBlueprintUserMessages: X=0.000 Y=0.000 Z=0.000
[2014.08.22-22.45.45:074][ 38]LogBlueprintUserMessages: X=0.000 Y=0.000 Z=0.000
[2014.08.22-22.45.45:074][ 38]LogBlueprintUserMessages: X=0.000 Y=0.000 Z=0.000
[2014.08.22-22.45.45:077][ 39]LogBlueprintUserMessages: X=0.000 Y=0.000 Z=0.000
[2014.08.22-22.45.45:077][ 39]LogBlueprintUserMessages: X=0.000 Y=0.000 Z=0.000
[2014.08.22-22.45.45:089][ 40]LogBlueprintUserMessages: X=0.000 Y=0.000 Z=0.000
[2014.08.22-22.45.45:089][ 40]LogBlueprintUserMessages: X=0.000 Y=0.000 Z=0.000
[2014.08.22-22.45.45:100][ 41]LogBlueprintUserMessages: X=0.000 Y=0.000 Z=0.000
[2014.08.22-22.45.45:100][ 41]LogBlueprintUserMessages: X=0.000 Y=0.000 Z=0.000
[2014.08.22-22.45.45:103][ 42]LogBlueprintUserMessages: X=0.000 Y=0.000 Z=0.000
[2014.08.22-22.45.45:104][ 42]LogBlueprintUserMessages: X=0.000 Y=0.000 Z=0.000
[2014.08.22-22.45.45:115][ 43]LogBlueprintUserMessages: X=0.000 Y=0.000 Z=0.000
[2014.08.22-22.45.45:115][ 43]LogBlueprintUserMessages: X=0.000 Y=0.000 Z=0.000
[2014.08.22-22.45.45:119][ 44]LogBlueprintUserMessages: X=0.000 Y=0.000 Z=0.000
[2014.08.22-22.45.45:119][ 44]LogBlueprintUserMessages: X=0.000 Y=0.000 Z=0.000
[2014.08.22-22.45.45:130][ 45]LogBlueprintUserMessages: X=0.000 Y=0.000 Z=0.000
[2014.08.22-22.45.45:130][ 45]LogBlueprintUserMessages: X=0.000 Y=0.000 Z=0.000
[2014.08.22-22.45.45:134][ 46]LogBlueprintUserMessages: X=0.000 Y=0.000 Z=0.000
[2014.08.22-22.45.45:134][ 46]LogBlueprintUserMessages: X=0.000 Y=0.000 Z=0.000
[2014.08.22-22.45.45:145][ 47]LogBlueprintUserMessages: X=0.000 Y=0.000 Z=0.000
[2014.08.22-22.45.45:145][ 47]LogBlueprintUserMessages: X=0.000 Y=0.000 Z=0.000
[2014.08.22-22.45.45:149][ 48]LogBlueprintUserMessages: X=0.000 Y=0.000 Z=0.000
[2014.08.22-22.45.45:149][ 48]LogBlueprintUserMessages: X=0.000 Y=0.000 Z=0.000
[2014.08.22-22.45.45:160][ 49]LogBlueprintUserMessages: X=0.000 Y=0.000 Z=0.000
[2014.08.22-22.45.45:160][ 49]LogBlueprintUserMessages: X=0.000 Y=0.000 Z=0.000
[2014.08.22-22.45.45:164][ 50]LogBlueprintUserMessages: X=0.000 Y=0.000 Z=0.000
[2014.08.22-22.45.45:164][ 50]LogBlueprintUserMessages: X=0.000 Y=0.000 Z=0.000
[2014.08.22-22.45.45:175][ 51]LogBlueprintUserMessages: X=0.000 Y=0.000 Z=0.000
[2014.08.22-22.45.45:176][ 51]LogBlueprintUserMessages: X=0.000 Y=0.000 Z=0.000
[2014.08.22-22.45.45:179][ 52]LogBlueprintUserMessages: X=0.000 Y=0.000 Z=0.000
[2014.08.22-22.45.45:180][ 52]LogBlueprintUserMessages: X=0.000 Y=0.000 Z=0.000
[2014.08.22-22.45.45:190][ 53]LogBlueprintUserMessages: X=0.000 Y=0.000 Z=0.000
[2014.08.22-22.45.45:191][ 53]LogBlueprintUserMessages: X=0.000 Y=0.000 Z=0.000
[2014.08.22-22.45.45:194][ 54]LogBlueprintUserMessages: X=0.000 Y=0.000 Z=0.000
[2014.08.22-22.45.45:194][ 54]LogBlueprintUserMessages: X=0.000 Y=0.000 Z=0.000
[2014.08.22-22.45.45:206][ 55]LogBlueprintUserMessages: X=0.000 Y=0.000 Z=0.000
[2014.08.22-22.45.45:206][ 55]LogBlueprintUserMessages: X=0.000 Y=0.000 Z=0.000
[2014.08.22-22.45.45:210][ 56]LogBlueprintUserMessages: X=0.000 Y=0.000 Z=0.000
[2014.08.22-22.45.45:210][ 56]LogBlueprintUserMessages: X=0.000 Y=0.000 Z=0.000
[2014.08.22-22.45.45:221][ 57]LogBlueprintUserMessages: X=0.000 Y=0.000 Z=0.000
[2014.08.22-22.45.45:221][ 57]LogBlueprintUserMessages: X=0.000 Y=0.000 Z=0.000
[2014.08.22-22.45.45:225][ 58]LogBlueprintUserMessages: X=0.000 Y=0.000 Z=0.000
[2014.08.22-22.45.45:225][ 58]LogBlueprintUserMessages: X=0.000 Y=0.000 Z=0.000
[2014.08.22-22.45.45:236][ 59]LogBlueprintUserMessages: X=0.000 Y=0.000 Z=0.000
[2014.08.22-22.45.45:236][ 59]LogBlueprintUserMessages: X=0.000 Y=0.000 Z=0.000
[2014.08.22-22.45.45:240][ 60]LogBlueprintUserMessages: X=0.000 Y=0.000 Z=0.000
[2014.08.22-22.45.45:240][ 60]LogBlueprintUserMessages: X=0.000 Y=0.000 Z=0.000
[2014.08.22-22.45.45:251][ 61]LogBlueprintUserMessages: X=0.000 Y=0.000 Z=0.000
[2014.08.22-22.45.45:251][ 61]LogBlueprintUserMessages: X=0.000 Y=0.000 Z=0.000
[2014.08.22-22.45.45:255][ 62]LogBlueprintUserMessages: X=0.000 Y=0.000 Z=0.000
[2014.08.22-22.45.45:256][ 62]LogBlueprintUserMessages: X=0.000 Y=0.000 Z=0.000
[2014.08.22-22.45.45:266][ 63]LogBlueprintUserMessages: X=0.000 Y=0.000 Z=0.000
[2014.08.22-22.45.45:266][ 63]LogBlueprintUserMessages: X=0.000 Y=0.000 Z=0.000
[2014.08.22-22.45.45:270][ 64]LogBlueprintUserMessages: X=0.000 Y=0.000 Z=0.000
[2014.08.22-22.45.45:270][ 64]LogBlueprintUserMessages: X=0.000 Y=0.000 Z=0.000
[2014.08.22-22.45.45:281][ 65]LogBlueprintUserMessages: X=0.000 Y=0.000 Z=0.000
[2014.08.22-22.45.45:282][ 65]LogBlueprintUserMessages: X=0.000 Y=0.000 Z=0.000
[2014.08.22-22.45.45:285][ 66]LogBlueprintUserMessages: X=0.000 Y=0.000 Z=0.000
[2014.08.22-22.45.45:285][ 66]LogBlueprintUserMessages: X=0.000 Y=0.000 Z=0.000
[2014.08.22-22.45.45:296][ 67]LogBlueprintUserMessages: X=0.000 Y=0.000 Z=0.000
[2014.08.22-22.45.45:296][ 67]LogBlueprintUserMessages: X=0.000 Y=0.000 Z=0.000
[2014.08.22-22.45.45:300][ 68]LogBlueprintUserMessages: X=0.000 Y=0.000 Z=0.000
[2014.08.22-22.45.45:301][ 68]LogBlueprintUserMessages: X=0.000 Y=0.000 Z=0.000
[2014.08.22-22.45.45:311][ 69]LogBlueprintUserMessages: X=0.000 Y=0.000 Z=0.000
[2014.08.22-22.45.45:312][ 69]LogBlueprintUserMessages: X=0.000 Y=0.000 Z=0.000
[2014.08.22-22.45.45:316][ 70]LogBlueprintUserMessages: X=0.000 Y=0.000 Z=0.000
[2014.08.22-22.45.45:316][ 70]LogBlueprintUserMessages: X=0.000 Y=0.000 Z=0.000
[2014.08.22-22.45.45:327][ 71]LogBlueprintUserMessages: X=0.000 Y=0.000 Z=0.000
[2014.08.22-22.45.45:327][ 71]LogBlueprintUserMessages: X=0.000 Y=0.000 Z=0.000
[2014.08.22-22.45.45:331][ 72]LogBlueprintUserMessages: X=0.000 Y=0.000 Z=0.000
[2014.08.22-22.45.45:331][ 72]LogBlueprintUserMessages: X=0.000 Y=0.000 Z=0.000
[2014.08.22-22.45.45:341][ 73]LogBlueprintUserMessages: X=0.000 Y=0.000 Z=0.000
[2014.08.22-22.45.45:341][ 73]LogBlueprintUserMessages: X=0.000 Y=0.000 Z=0.000
[2014.08.22-22.45.45:345][ 74]LogBlueprintUserMessages: X=0.000 Y=0.000 Z=0.000
[2014.08.22-22.45.45:346][ 74]LogBlueprintUserMessages: X=0.000 Y=0.000 Z=0.000
[2014.08.22-22.45.45:356][ 75]LogBlueprintUserMessages: X=0.000 Y=0.000 Z=0.000
[2014.08.22-22.45.45:357][ 75]LogBlueprintUserMessages: X=0.000 Y=0.000 Z=0.000
[2014.08.22-22.45.45:361][ 76]LogBlueprintUserMessages: X=0.000 Y=0.000 Z=0.000
[2014.08.22-22.45.45:361][ 76]LogBlueprintUserMessages: X=0.000 Y=0.000 Z=0.000
[2014.08.22-22.45.45:372][ 77]LogBlueprintUserMessages: X=0.000 Y=0.000 Z=0.000
[2014.08.22-22.45.45:372][ 77]LogBlueprintUserMessages: X=0.000 Y=0.000 Z=0.000
[2014.08.22-22.45.45:375][ 78]LogBlueprintUserMessages: X=0.000 Y=0.000 Z=0.000
[2014.08.22-22.45.45:376][ 78]LogBlueprintUserMessages: X=0.000 Y=0.000 Z=0.000
[2014.08.22-22.45.45:387][ 79]LogBlueprintUserMessages: X=0.000 Y=0.000 Z=0.000
[2014.08.22-22.45.45:387][ 79]LogBlueprintUserMessages: X=0.000 Y=0.000 Z=0.000
[2014.08.22-22.45.45:391][ 80]LogBlueprintUserMessages: X=0.000 Y=0.000 Z=0.000
[2014.08.22-22.45.45:391][ 80]LogBlueprintUserMessages: X=0.000 Y=0.000 Z=0.000
[2014.08.22-22.45.45:402][ 81]LogBlueprintUserMessages: X=0.000 Y=0.000 Z=0.000
[2014.08.22-22.45.45:402][ 81]LogBlueprintUserMessages: X=0.000 Y=0.000 Z=0.000
[2014.08.22-22.45.45:406][ 82]LogBlueprintUserMessages: X=0.000 Y=0.000 Z=0.000
[2014.08.22-22.45.45:406][ 82]LogBlueprintUserMessages: X=0.000 Y=0.000 Z=0.000
[2014.08.22-22.45.45:417][ 83]LogBlueprintUserMessages: X=0.000 Y=0.000 Z=0.000
[2014.08.22-22.45.45:417][ 83]LogBlueprintUserMessages: X=0.000 Y=0.000 Z=0.000
[2014.08.22-22.45.45:421][ 84]LogBlueprintUserMessages: X=0.000 Y=0.000 Z=0.000
[2014.08.22-22.45.45:421][ 84]LogBlueprintUserMessages: X=0.000 Y=0.000 Z=0.000
[2014.08.22-22.45.45:432][ 85]LogBlueprintUserMessages: X=0.000 Y=0.000 Z=0.000
[2014.08.22-22.45.45:434][ 85]LogBlueprintUserMessages: X=0.000 Y=0.000 Z=0.000
[2014.08.22-22.45.45:437][ 86]LogBlueprintUserMessages: X=0.000 Y=0.000 Z=0.000
[2014.08.22-22.45.45:437][ 86]LogBlueprintUserMessages: X=0.000 Y=0.000 Z=0.000
[2014.08.22-22.45.45:448][ 87]LogBlueprintUserMessages: X=0.000 Y=0.000 Z=0.000
[2014.08.22-22.45.45:448][ 87]LogBlueprintUserMessages: X=0.000 Y=0.000 Z=0.000
[2014.08.22-22.45.45:452][ 88]LogBlueprintUserMessages: X=0.000 Y=0.000 Z=0.000
[2014.08.22-22.45.45:453][ 88]LogBlueprintUserMessages: X=0.000 Y=0.000 Z=0.000
[2014.08.22-22.45.45:463][ 89]LogBlueprintUserMessages: X=0.000 Y=0.000 Z=0.000
[2014.08.22-22.45.45:463][ 89]LogBlueprintUserMessages: X=0.000 Y=0.000 Z=0.000
[2014.08.22-22.45.45:467][ 90]LogBlueprintUserMessages: X=0.000 Y=0.000 Z=0.000
[2014.08.22-22.45.45:468][ 90]LogBlueprintUserMessages: X=0.000 Y=0.000 Z=0.000
[2014.08.22-22.45.45:479][ 91]LogBlueprintUserMessages: X=0.000 Y=0.000 Z=0.000
[2014.08.22-22.45.45:479][ 91]LogBlueprintUserMessages: X=0.000 Y=0.000 Z=0.000
[2014.08.22-22.45.45:483][ 92]LogBlueprintUserMessages: X=0.000 Y=0.000 Z=0.000
[2014.08.22-22.45.45:483][ 92]LogBlueprintUserMessages: X=0.000 Y=0.000 Z=0.000
[2014.08.22-22.45.45:494][ 93]LogBlueprintUserMessages: X=0.000 Y=0.000 Z=0.000
[2014.08.22-22.45.45:494][ 93]LogBlueprintUserMessages: X=0.000 Y=0.000 Z=0.000
[2014.08.22-22.45.45:497][ 94]LogBlueprintUserMessages: X=0.000 Y=0.000 Z=0.000
[2014.08.22-22.45.45:498][ 94]LogBlueprintUserMessages: X=0.000 Y=0.000 Z=0.000
[2014.08.22-22.45.45:509][ 95]LogBlueprintUserMessages: X=0.000 Y=0.000 Z=0.000
[2014.08.22-22.45.45:509][ 95]LogBlueprintUserMessages: X=0.000 Y=0.000 Z=0.000
[2014.08.22-22.45.45:513][ 96]LogBlueprintUserMessages: X=0.000 Y=0.000 Z=0.000
[2014.08.22-22.45.45:513][ 96]LogBlueprintUserMessages: X=0.000 Y=0.000 Z=0.000
[2014.08.22-22.45.45:524][ 97]LogBlueprintUserMessages: X=0.000 Y=0.000 Z=0.000
[2014.08.22-22.45.45:524][ 97]LogBlueprintUserMessages: X=0.000 Y=0.000 Z=0.000
[2014.08.22-22.45.45:528][ 98]LogBlueprintUserMessages: X=0.000 Y=0.000 Z=0.000
[2014.08.22-22.45.45:528][ 98]LogBlueprintUserMessages: X=0.000 Y=0.000 Z=0.000
[2014.08.22-22.45.45:539][ 99]LogBlueprintUserMessages: X=0.000 Y=0.000 Z=0.000
[2014.08.22-22.45.45:539][ 99]LogBlueprintUserMessages: X=0.000 Y=0.000 Z=0.000
[2014.08.22-22.45.45:543][100]LogBlueprintUserMessages: X=0.000 Y=0.000 Z=0.000
[2014.08.22-22.45.45:543][100]LogBlueprintUserMessages: X=0.000 Y=0.000 Z=0.000
[2014.08.22-22.45.45:554][101]LogBlueprintUserMessages: X=0.000 Y=0.000 Z=0.000
[2014.08.22-22.45.45:554][101]LogBlueprintUserMessages: X=0.000 Y=0.000 Z=0.000
[2014.08.22-22.45.45:558][102]LogBlueprintUserMessages: X=0.000 Y=0.000 Z=0.000
[2014.08.22-22.45.45:559][102]LogBlueprintUserMessages: X=0.000 Y=0.000 Z=0.000
[2014.08.22-22.45.45:569][103]LogBlueprintUserMessages: X=0.000 Y=0.000 Z=0.000
[2014.08.22-22.45.45:570][103]LogBlueprintUserMessages: X=0.000 Y=0.000 Z=0.000
[2014.08.22-22.45.45:574][104]LogBlueprintUserMessages: X=0.000 Y=0.000 Z=0.000
[2014.08.22-22.45.45:574][104]LogBlueprintUserMessages: X=0.000 Y=0.000 Z=0.000
[2014.08.22-22.45.45:585][105]LogBlueprintUserMessages: X=0.000 Y=0.000 Z=0.000
[2014.08.22-22.45.45:585][105]LogBlueprintUserMessages: X=0.000 Y=0.000 Z=0.000
[2014.08.22-22.45.45:588][106]LogBlueprintUserMessages: X=0.000 Y=0.000 Z=0.000
[2014.08.22-22.45.45:589][106]LogBlueprintUserMessages: X=0.000 Y=0.000 Z=0.000
[2014.08.22-22.45.45:600][107]LogBlueprintUserMessages: X=0.000 Y=0.000 Z=0.000
[2014.08.22-22.45.45:600][107]LogBlueprintUserMessages: X=0.000 Y=0.000 Z=0.000
[2014.08.22-22.45.45:604][108]LogBlueprintUserMessages: X=0.000 Y=0.000 Z=0.000
[2014.08.22-22.45.45:604][108]LogBlueprintUserMessages: X=0.000 Y=0.000 Z=0.000
[2014.08.22-22.45.45:615][109]LogBlueprintUserMessages: X=0.000 Y=0.000 Z=0.000
[2014.08.22-22.45.45:615][109]LogBlueprintUserMessages: X=0.000 Y=0.000 Z=0.000
[2014.08.22-22.45.45:619][110]LogBlueprintUserMessages: X=0.000 Y=0.000 Z=0.000
[2014.08.22-22.45.45:619][110]LogBlueprintUserMessages: X=0.000 Y=0.000 Z=0.000
[2014.08.22-22.45.45:630][111]LogBlueprintUserMessages: X=0.000 Y=0.000 Z=0.000
[2014.08.22-22.45.45:630][111]LogBlueprintUserMessages: X=0.000 Y=0.000 Z=0.000
[2014.08.22-22.45.45:634][112]LogBlueprintUserMessages: X=0.000 Y=0.000 Z=0.000
[2014.08.22-22.45.45:634][112]LogBlueprintUserMessages: X=0.000 Y=0.000 Z=0.000
[2014.08.22-22.45.45:645][113]LogBlueprintUserMessages: X=0.000 Y=0.000 Z=0.000
[2014.08.22-22.45.45:645][113]LogBlueprintUserMessages: X=0.000 Y=0.000 Z=0.000
[2014.08.22-22.45.45:649][114]LogBlueprintUserMessages: X=0.000 Y=0.000 Z=0.000
[2014.08.22-22.45.45:649][114]LogBlueprintUserMessages: X=0.000 Y=0.000 Z=0.000
[2014.08.22-22.45.45:660][115]LogBlueprintUserMessages: X=0.000 Y=0.000 Z=0.000
[2014.08.22-22.45.45:660][115]LogBlueprintUserMessages: X=0.000 Y=0.000 Z=0.000
[2014.08.22-22.45.45:664][116]LogBlueprintUserMessages: X=0.000 Y=0.000 Z=0.000
[2014.08.22-22.45.45:664][116]LogBlueprintUserMessages: X=0.000 Y=0.000 Z=0.000
[2014.08.22-22.45.45:675][117]LogBlueprintUserMessages: X=0.000 Y=0.000 Z=0.000
[2014.08.22-22.45.45:675][117]LogBlueprintUserMessages: X=0.000 Y=0.000 Z=0.000
[2014.08.22-22.45.45:679][118]LogBlueprintUserMessages: X=0.000 Y=0.000 Z=0.000
[2014.08.22-22.45.45:679][118]LogBlueprintUserMessages: X=0.000 Y=0.000 Z=0.000
[2014.08.22-22.45.45:690][119]LogBlueprintUserMessages: X=0.000 Y=0.000 Z=0.000
[2014.08.22-22.45.45:691][119]LogBlueprintUserMessages: X=0.000 Y=0.000 Z=0.000
[2014.08.22-22.45.45:694][120]LogBlueprintUserMessages: X=0.000 Y=0.000 Z=0.000
[2014.08.22-22.45.45:694][120]LogBlueprintUserMessages: X=0.000 Y=0.000 Z=0.000
[2014.08.22-22.45.45:705][121]LogBlueprintUserMessages: X=0.000 Y=0.000 Z=0.000
[2014.08.22-22.45.45:706][121]LogBlueprintUserMessages: X=0.000 Y=0.000 Z=0.000
[2014.08.22-22.45.45:710][122]LogBlueprintUserMessages: X=0.000 Y=0.000 Z=0.000
[2014.08.22-22.45.45:710][122]LogBlueprintUserMessages: X=0.000 Y=0.000 Z=0.000
[2014.08.22-22.45.45:721][123]LogBlueprintUserMessages: X=0.000 Y=0.000 Z=0.000
[2014.08.22-22.45.45:721][123]LogBlueprintUserMessages: X=0.000 Y=0.000 Z=0.000
[2014.08.22-22.45.45:725][124]LogBlueprintUserMessages: X=0.000 Y=0.000 Z=0.000
[2014.08.22-22.45.45:725][124]LogBlueprintUserMessages: X=0.000 Y=0.000 Z=0.000
[2014.08.22-22.45.45:736][125]LogBlueprintUserMessages: X=0.000 Y=0.000 Z=0.000
[2014.08.22-22.45.45:736][125]LogBlueprintUserMessages: X=0.000 Y=0.000 Z=0.000
[2014.08.22-22.45.45:740][126]LogBlueprintUserMessages: X=0.000 Y=0.000 Z=0.000
[2014.08.22-22.45.45:740][126]LogBlueprintUserMessages: X=0.000 Y=0.000 Z=0.000
[2014.08.22-22.45.45:751][127]LogBlueprintUserMessages: X=0.000 Y=0.000 Z=0.000
[2014.08.22-22.45.45:751][127]LogBlueprintUserMessages: X=0.000 Y=0.000 Z=0.000
[2014.08.22-22.45.45:755][128]LogBlueprintUserMessages: X=0.000 Y=0.000 Z=0.000
[2014.08.22-22.45.45:755][128]LogBlueprintUserMessages: X=0.000 Y=0.000 Z=0.000
[2014.08.22-22.45.45:766][129]LogBlueprintUserMessages: X=0.000 Y=0.000 Z=0.000
[2014.08.22-22.45.45:766][129]LogBlueprintUserMessages: X=0.000 Y=0.000 Z=0.000
[2014.08.22-22.45.45:770][130]LogBlueprintUserMessages: X=0.000 Y=0.000 Z=0.000
[2014.08.22-22.45.45:770][130]LogBlueprintUserMessages: X=0.000 Y=0.000 Z=0.000
[2014.08.22-22.45.45:781][131]LogBlueprintUserMessages: X=0.000 Y=0.000 Z=0.000
[2014.08.22-22.45.45:781][131]LogBlueprintUserMessages: X=0.000 Y=0.000 Z=0.000
[2014.08.22-22.45.45:785][132]LogBlueprintUserMessages: X=0.000 Y=0.000 Z=0.000
[2014.08.22-22.45.45:785][132]LogBlueprintUserMessages: X=0.000 Y=0.000 Z=0.000
[2014.08.22-22.45.45:796][133]LogBlueprintUserMessages: X=0.000 Y=0.000 Z=0.000
[2014.08.22-22.45.45:796][133]LogBlueprintUserMessages: X=0.000 Y=0.000 Z=0.000
[2014.08.22-22.45.45:800][134]LogBlueprintUserMessages: X=0.000 Y=0.000 Z=0.000
[2014.08.22-22.45.45:800][134]LogBlueprintUserMessages: X=0.000 Y=0.000 Z=0.000
[2014.08.22-22.45.45:811][135]LogBlueprintUserMessages: X=0.000 Y=0.000 Z=0.000
[2014.08.22-22.45.45:811][135]LogBlueprintUserMessages: X=0.000 Y=0.000 Z=0.000
[2014.08.22-22.45.45:815][136]LogBlueprintUserMessages: X=0.000 Y=0.000 Z=0.000
[2014.08.22-22.45.45:815][136]LogBlueprintUserMessages: X=0.000 Y=0.000 Z=0.000
[2014.08.22-22.45.45:826][137]LogBlueprintUserMessages: X=0.000 Y=0.000 Z=0.000
[2014.08.22-22.45.45:827][137]LogBlueprintUserMessages: X=0.000 Y=0.000 Z=0.000
[2014.08.22-22.45.45:830][138]LogBlueprintUserMessages: X=0.000 Y=0.000 Z=0.000
[2014.08.22-22.45.45:830][138]LogBlueprintUserMessages: X=0.000 Y=0.000 Z=0.000
[2014.08.22-22.45.45:841][139]LogBlueprintUserMessages: X=0.000 Y=0.000 Z=0.000
[2014.08.22-22.45.45:841][139]LogBlueprintUserMessages: X=0.000 Y=0.000 Z=0.000
[2014.08.22-22.45.45:845][140]LogBlueprintUserMessages: X=0.000 Y=0.000 Z=0.000
[2014.08.22-22.45.45:845][140]LogBlueprintUserMessages: X=0.000 Y=0.000 Z=0.000
[2014.08.22-22.45.45:856][141]LogBlueprintUserMessages: X=0.000 Y=0.000 Z=0.000
[2014.08.22-22.45.45:856][141]LogBlueprintUserMessages: X=0.000 Y=0.000 Z=0.000
[2014.08.22-22.45.45:860][142]LogBlueprintUserMessages: X=0.000 Y=0.000 Z=0.000
[2014.08.22-22.45.45:861][142]LogBlueprintUserMessages: X=0.000 Y=0.000 Z=0.000
[2014.08.22-22.45.45:871][143]LogBlueprintUserMessages: X=0.000 Y=0.000 Z=0.000
[2014.08.22-22.45.45:871][143]LogBlueprintUserMessages: X=0.000 Y=0.000 Z=0.000
[2014.08.22-22.45.45:875][144]LogBlueprintUserMessages: X=0.000 Y=0.000 Z=0.000
[2014.08.22-22.45.45:876][144]LogBlueprintUserMessages: X=0.000 Y=0.000 Z=0.000
[2014.08.22-22.45.45:886][145]LogBlueprintUserMessages: X=0.000 Y=0.000 Z=0.000
[2014.08.22-22.45.45:887][145]LogBlueprintUserMessages: X=0.000 Y=0.000 Z=0.000
[2014.08.22-22.45.45:891][146]LogBlueprintUserMessages: X=0.000 Y=0.000 Z=0.000
[2014.08.22-22.45.45:891][146]LogBlueprintUserMessages: X=0.000 Y=0.000 Z=0.000
[2014.08.22-22.45.45:902][147]LogBlueprintUserMessages: X=0.000 Y=0.000 Z=0.000
[2014.08.22-22.45.45:902][147]LogBlueprintUserMessages: X=0.000 Y=0.000 Z=0.000
[2014.08.22-22.45.45:906][148]LogBlueprintUserMessages: X=0.000 Y=0.000 Z=0.000
[2014.08.22-22.45.45:906][148]LogBlueprintUserMessages: X=0.000 Y=0.000 Z=0.000
[2014.08.22-22.45.45:917][149]LogBlueprintUserMessages: X=0.000 Y=0.000 Z=0.000
[2014.08.22-22.45.45:917][149]LogBlueprintUserMessages: X=0.000 Y=0.000 Z=0.000
[2014.08.22-22.45.45:921][150]LogBlueprintUserMessages: X=0.000 Y=0.000 Z=0.000
[2014.08.22-22.45.45:921][150]LogBlueprintUserMessages: X=0.000 Y=0.000 Z=0.000
[2014.08.22-22.45.45:932][151]LogBlueprintUserMessages: X=0.000 Y=0.000 Z=0.000
[2014.08.22-22.45.45:932][151]LogBlueprintUserMessages: X=0.000 Y=0.000 Z=0.000
[2014.08.22-22.45.45:936][152]LogBlueprintUserMessages: X=0.000 Y=0.000 Z=0.000
[2014.08.22-22.45.45:936][152]LogBlueprintUserMessages: X=0.000 Y=0.000 Z=0.000
[2014.08.22-22.45.45:947][153]LogBlueprintUserMessages: X=0.000 Y=0.000 Z=0.000
[2014.08.22-22.45.45:947][153]LogBlueprintUserMessages: X=0.000 Y=0.000 Z=0.000
[2014.08.22-22.45.45:951][154]LogBlueprintUserMessages: X=0.000 Y=0.000 Z=0.000
[2014.08.22-22.45.45:951][154]LogBlueprintUserMessages: X=0.000 Y=0.000 Z=0.000
[2014.08.22-22.45.45:962][155]LogBlueprintUserMessages: X=0.000 Y=0.000 Z=0.000
[2014.08.22-22.45.45:962][155]LogBlueprintUserMessages: X=0.000 Y=0.000 Z=0.000
[2014.08.22-22.45.45:966][156]LogBlueprintUserMessages: X=0.000 Y=0.000 Z=0.000
[2014.08.22-22.45.45:966][156]LogBlueprintUserMessages: X=0.000 Y=0.000 Z=0.000
[2014.08.22-22.45.45:977][157]LogBlueprintUserMessages: X=0.000 Y=0.000 Z=0.000
[2014.08.22-22.45.45:977][157]LogBlueprintUserMessages: X=0.000 Y=0.000 Z=0.000
[2014.08.22-22.45.45:981][158]LogBlueprintUserMessages: X=0.000 Y=0.000 Z=0.000
[2014.08.22-22.45.45:981][158]LogBlueprintUserMessages: X=0.000 Y=0.000 Z=0.000
[2014.08.22-22.45.45:992][159]LogBlueprintUserMessages: X=0.000 Y=0.000 Z=0.000
[2014.08.22-22.45.45:993][159]LogBlueprintUserMessages: X=0.000 Y=0.000 Z=0.000
[2014.08.22-22.45.45:996][160]LogBlueprintUserMessages: X=0.000 Y=0.000 Z=0.000
[2014.08.22-22.45.45:996][160]LogBlueprintUserMessages: X=0.000 Y=0.000 Z=0.000
[2014.08.22-22.45.46:008][161]LogBlueprintUserMessages: X=0.000 Y=0.000 Z=0.000
[2014.08.22-22.45.46:008][161]LogBlueprintUserMessages: X=0.000 Y=0.000 Z=0.000
[2014.08.22-22.45.46:012][162]LogBlueprintUserMessages: X=0.000 Y=0.000 Z=0.000
[2014.08.22-22.45.46:012][162]LogBlueprintUserMessages: X=0.000 Y=0.000 Z=0.000
[2014.08.22-22.45.46:023][163]LogBlueprintUserMessages: X=0.000 Y=0.000 Z=0.000
[2014.08.22-22.45.46:023][163]LogBlueprintUserMessages: X=0.000 Y=0.000 Z=0.000
[2014.08.22-22.45.46:027][164]LogBlueprintUserMessages: X=0.000 Y=0.000 Z=0.000
[2014.08.22-22.45.46:027][164]LogBlueprintUserMessages: X=0.000 Y=0.000 Z=0.000
[2014.08.22-22.45.46:038][165]LogBlueprintUserMessages: X=0.000 Y=0.000 Z=0.000
[2014.08.22-22.45.46:038][165]LogBlueprintUserMessages: X=0.000 Y=0.000 Z=0.000
[2014.08.22-22.45.46:042][166]LogBlueprintUserMessages: X=0.000 Y=0.000 Z=0.000
[2014.08.22-22.45.46:043][166]LogBlueprintUserMessages: X=0.000 Y=0.000 Z=0.000
[2014.08.22-22.45.46:053][167]LogBlueprintUserMessages: X=0.000 Y=0.000 Z=0.000
[2014.08.22-22.45.46:053][167]LogBlueprintUserMessages: X=0.000 Y=0.000 Z=0.000
[2014.08.22-22.45.46:057][168]LogBlueprintUserMessages: X=0.000 Y=0.000 Z=0.000
[2014.08.22-22.45.46:058][168]LogBlueprintUserMessages: X=0.000 Y=0.000 Z=0.000
[2014.08.22-22.45.46:068][169]LogBlueprintUserMessages: X=0.000 Y=0.000 Z=0.000
[2014.08.22-22.45.46:069][169]LogBlueprintUserMessages: X=0.000 Y=0.000 Z=0.000
[2014.08.22-22.45.46:073][170]LogBlueprintUserMessages: X=0.000 Y=0.000 Z=0.000
[2014.08.22-22.45.46:073][170]LogBlueprintUserMessages: X=0.000 Y=0.000 Z=0.000
[2014.08.22-22.45.46:084][171]LogBlueprintUserMessages: X=0.000 Y=0.000 Z=0.000
[2014.08.22-22.45.46:084][171]LogBlueprintUserMessages: X=0.000 Y=0.000 Z=0.000
[2014.08.22-22.45.46:088][172]LogBlueprintUserMessages: X=0.000 Y=0.000 Z=0.000
[2014.08.22-22.45.46:088][172]LogBlueprintUserMessages: X=0.000 Y=0.000 Z=0.000
[2014.08.22-22.45.46:099][173]LogBlueprintUserMessages: X=0.000 Y=0.000 Z=0.000
[2014.08.22-22.45.46:099][173]LogBlueprintUserMessages: X=0.000 Y=0.000 Z=0.000
[2014.08.22-22.45.46:103][174]LogBlueprintUserMessages: X=0.000 Y=0.000 Z=0.000
[2014.08.22-22.45.46:103][174]LogBlueprintUserMessages: X=0.000 Y=0.000 Z=0.000
[2014.08.22-22.45.46:113][175]LogBlueprintUserMessages: X=0.000 Y=0.000 Z=0.000
[2014.08.22-22.45.46:114][175]LogBlueprintUserMessages: X=0.000 Y=0.000 Z=0.000
[2014.08.22-22.45.46:118][176]LogBlueprintUserMessages: X=0.000 Y=0.000 Z=0.000
[2014.08.22-22.45.46:118][176]LogBlueprintUserMessages: X=0.000 Y=0.000 Z=0.000
[2014.08.22-22.45.46:129][177]LogBlueprintUserMessages: X=0.000 Y=0.000 Z=0.000
[2014.08.22-22.45.46:129][177]LogBlueprintUserMessages: X=0.000 Y=0.000 Z=0.000
[2014.08.22-22.45.46:133][178]LogBlueprintUserMessages: X=0.000 Y=0.000 Z=0.000
[2014.08.22-22.45.46:133][178]LogBlueprintUserMessages: X=0.000 Y=0.000 Z=0.000
[2014.08.22-22.45.46:144][179]LogBlueprintUserMessages: X=0.000 Y=0.000 Z=0.000
[2014.08.22-22.45.46:144][179]LogBlueprintUserMessages: X=0.000 Y=0.000 Z=0.000
[2014.08.22-22.45.46:147][180]LogBlueprintUserMessages: X=0.000 Y=0.000 Z=0.000
[2014.08.22-22.45.46:147][180]LogBlueprintUserMessages: X=0.000 Y=0.000 Z=0.000
[2014.08.22-22.45.46:159][181]LogBlueprintUserMessages: X=0.000 Y=0.000 Z=0.000
[2014.08.22-22.45.46:159][181]LogBlueprintUserMessages: X=0.000 Y=0.000 Z=0.000
[2014.08.22-22.45.46:162][182]LogBlueprintUserMessages: X=0.000 Y=0.000 Z=0.000
[2014.08.22-22.45.46:162][182]LogBlueprintUserMessages: X=0.000 Y=0.000 Z=0.000
[2014.08.22-22.45.46:174][183]LogBlueprintUserMessages: X=0.000 Y=0.000 Z=0.000
[2014.08.22-22.45.46:174][183]LogBlueprintUserMessages: X=0.000 Y=0.000 Z=0.000
[2014.08.22-22.45.46:178][184]LogBlueprintUserMessages: X=0.000 Y=0.000 Z=0.000
[2014.08.22-22.45.46:178][184]LogBlueprintUserMessages: X=0.000 Y=0.000 Z=0.000
[2014.08.22-22.45.46:189][185]LogBlueprintUserMessages: X=0.000 Y=0.000 Z=0.000
[2014.08.22-22.45.46:189][185]LogBlueprintUserMessages: X=0.000 Y=0.000 Z=0.000
[2014.08.22-22.45.46:193][186]LogBlueprintUserMessages: X=0.000 Y=0.000 Z=0.000
[2014.08.22-22.45.46:193][186]LogBlueprintUserMessages: X=0.000 Y=0.000 Z=0.000
[2014.08.22-22.45.46:204][187]LogBlueprintUserMessages: X=0.000 Y=0.000 Z=0.000
[2014.08.22-22.45.46:204][187]LogBlueprintUserMessages: X=0.000 Y=0.000 Z=0.000
[2014.08.22-22.45.46:208][188]LogBlueprintUserMessages: X=0.000 Y=0.000 Z=0.000
[2014.08.22-22.45.46:208][188]LogBlueprintUserMessages: X=0.000 Y=0.000 Z=0.000
[2014.08.22-22.45.46:219][189]LogBlueprintUserMessages: X=0.000 Y=0.000 Z=0.000
[2014.08.22-22.45.46:219][189]LogBlueprintUserMessages: X=0.000 Y=0.000 Z=0.000
[2014.08.22-22.45.46:223][190]LogBlueprintUserMessages: X=0.000 Y=0.000 Z=0.000
[2014.08.22-22.45.46:223][190]LogBlueprintUserMessages: X=0.000 Y=0.000 Z=0.000
[2014.08.22-22.45.46:234][191]LogBlueprintUserMessages: X=0.000 Y=0.000 Z=0.000
[2014.08.22-22.45.46:234][191]LogBlueprintUserMessages: X=0.000 Y=0.000 Z=0.000
[2014.08.22-22.45.46:238][192]LogBlueprintUserMessages: X=0.000 Y=0.000 Z=0.000
[2014.08.22-22.45.46:238][192]LogBlueprintUserMessages: X=0.000 Y=0.000 Z=0.000
[2014.08.22-22.45.46:250][193]LogBlueprintUserMessages: X=0.000 Y=0.000 Z=0.000
[2014.08.22-22.45.46:250][193]LogBlueprintUserMessages: X=0.000 Y=0.000 Z=0.000
[2014.08.22-22.45.46:254][194]LogBlueprintUserMessages: X=0.000 Y=0.000 Z=0.000
[2014.08.22-22.45.46:254][194]LogBlueprintUserMessages: X=0.000 Y=0.000 Z=0.000
[2014.08.22-22.45.46:264][195]LogBlueprintUserMessages: X=0.000 Y=0.000 Z=0.000
[2014.08.22-22.45.46:265][195]LogBlueprintUserMessages: X=0.000 Y=0.000 Z=0.000
[2014.08.22-22.45.46:269][196]LogBlueprintUserMessages: X=0.000 Y=0.000 Z=0.000
[2014.08.22-22.45.46:269][196]LogBlueprintUserMessages: X=0.000 Y=0.000 Z=0.000
[2014.08.22-22.45.46:280][197]LogBlueprintUserMessages: X=0.000 Y=0.000 Z=0.000
[2014.08.22-22.45.46:280][197]LogBlueprintUserMessages: X=0.000 Y=0.000 Z=0.000
[2014.08.22-22.45.46:284][198]LogBlueprintUserMessages: X=0.000 Y=0.000 Z=0.000
[2014.08.22-22.45.46:284][198]LogBlueprintUserMessages: X=0.000 Y=0.000 Z=0.000
[2014.08.22-22.45.46:295][199]LogBlueprintUserMessages: X=0.000 Y=0.000 Z=0.000
[2014.08.22-22.45.46:295][199]LogBlueprintUserMessages: X=0.000 Y=0.000 Z=0.000
[2014.08.22-22.45.46:299][200]LogBlueprintUserMessages: X=0.000 Y=0.000 Z=0.000
[2014.08.22-22.45.46:299][200]LogBlueprintUserMessages: X=0.000 Y=0.000 Z=0.000
[2014.08.22-22.45.46:310][201]LogBlueprintUserMessages: X=0.000 Y=0.000 Z=0.000
[2014.08.22-22.45.46:310][201]LogBlueprintUserMessages: X=0.000 Y=0.000 Z=0.000
[2014.08.22-22.45.46:314][202]LogBlueprintUserMessages: X=0.000 Y=0.000 Z=0.000
[2014.08.22-22.45.46:314][202]LogBlueprintUserMessages: X=0.000 Y=0.000 Z=0.000
[2014.08.22-22.45.46:326][203]LogBlueprintUserMessages: X=0.000 Y=0.000 Z=0.000
[2014.08.22-22.45.46:326][203]LogBlueprintUserMessages: X=0.000 Y=0.000 Z=0.000
[2014.08.22-22.45.46:329][204]LogBlueprintUserMessages: X=0.000 Y=0.000 Z=0.000
[2014.08.22-22.45.46:329][204]LogBlueprintUserMessages: X=0.000 Y=0.000 Z=0.000
[2014.08.22-22.45.46:341][205]LogBlueprintUserMessages: X=0.000 Y=0.000 Z=0.000
[2014.08.22-22.45.46:341][205]LogBlueprintUserMessages: X=0.000 Y=0.000 Z=0.000
[2014.08.22-22.45.46:345][206]LogBlueprintUserMessages: X=0.000 Y=0.000 Z=0.000
[2014.08.22-22.45.46:345][206]LogBlueprintUserMessages: X=0.000 Y=0.000 Z=0.000
[2014.08.22-22.45.46:356][207]LogBlueprintUserMessages: X=0.000 Y=0.000 Z=0.000
[2014.08.22-22.45.46:356][207]LogBlueprintUserMessages: X=0.000 Y=0.000 Z=0.000
[2014.08.22-22.45.46:360][208]LogBlueprintUserMessages: X=0.000 Y=0.000 Z=0.000
[2014.08.22-22.45.46:360][208]LogBlueprintUserMessages: X=0.000 Y=0.000 Z=0.000
[2014.08.22-22.45.46:371][209]LogBlueprintUserMessages: X=0.000 Y=0.000 Z=0.000
[2014.08.22-22.45.46:371][209]LogBlueprintUserMessages: X=0.000 Y=0.000 Z=0.000
[2014.08.22-22.45.46:375][210]LogBlueprintUserMessages: X=0.000 Y=0.000 Z=0.000
[2014.08.22-22.45.46:375][210]LogBlueprintUserMessages: X=0.000 Y=0.000 Z=0.000
[2014.08.22-22.45.46:387][211]LogBlueprintUserMessages: X=0.000 Y=0.000 Z=0.000
[2014.08.22-22.45.46:387][211]LogBlueprintUserMessages: X=0.000 Y=0.000 Z=0.000
[2014.08.22-22.45.46:390][212]LogBlueprintUserMessages: X=0.000 Y=0.000 Z=0.000
[2014.08.22-22.45.46:390][212]LogBlueprintUserMessages: X=0.000 Y=0.000 Z=0.000
[2014.08.22-22.45.46:401][213]LogBlueprintUserMessages: X=0.000 Y=0.000 Z=0.000
[2014.08.22-22.45.46:401][213]LogBlueprintUserMessages: X=0.000 Y=0.000 Z=0.000
[2014.08.22-22.45.46:405][214]LogBlueprintUserMessages: X=0.000 Y=0.000 Z=0.000
[2014.08.22-22.45.46:405][214]LogBlueprintUserMessages: X=0.000 Y=0.000 Z=0.000
[2014.08.22-22.45.46:417][215]LogBlueprintUserMessages: X=0.000 Y=0.000 Z=0.000
[2014.08.22-22.45.46:417][215]LogBlueprintUserMessages: X=0.000 Y=0.000 Z=0.000
[2014.08.22-22.45.46:421][216]LogBlueprintUserMessages: X=0.000 Y=0.000 Z=0.000
[2014.08.22-22.45.46:421][216]LogBlueprintUserMessages: X=0.000 Y=0.000 Z=0.000
[2014.08.22-22.45.46:432][217]LogBlueprintUserMessages: X=0.000 Y=0.000 Z=0.000
[2014.08.22-22.45.46:432][217]LogBlueprintUserMessages: X=0.000 Y=0.000 Z=0.000
[2014.08.22-22.45.46:436][218]LogBlueprintUserMessages: X=0.000 Y=0.000 Z=0.000
[2014.08.22-22.45.46:436][218]LogBlueprintUserMessages: X=0.000 Y=0.000 Z=0.000
[2014.08.22-22.45.46:446][219]LogBlueprintUserMessages: X=0.000 Y=0.000 Z=0.000
[2014.08.22-22.45.46:447][219]LogBlueprintUserMessages: X=0.000 Y=0.000 Z=0.000
[2014.08.22-22.45.46:451][220]LogBlueprintUserMessages: X=0.000 Y=0.000 Z=0.000
[2014.08.22-22.45.46:451][220]LogBlueprintUserMessages: X=0.000 Y=0.000 Z=0.000
[2014.08.22-22.45.46:462][221]LogBlueprintUserMessages: X=0.000 Y=0.000 Z=0.000
[2014.08.22-22.45.46:462][221]LogBlueprintUserMessages: X=0.000 Y=0.000 Z=0.000
[2014.08.22-22.45.46:466][222]LogBlueprintUserMessages: X=0.000 Y=0.000 Z=0.000
[2014.08.22-22.45.46:466][222]LogBlueprintUserMessages: X=0.000 Y=0.000 Z=0.000
[2014.08.22-22.45.46:477][223]LogBlueprintUserMessages: X=0.000 Y=0.000 Z=0.000
[2014.08.22-22.45.46:477][223]LogBlueprintUserMessages: X=0.000 Y=0.000 Z=0.000
[2014.08.22-22.45.46:480][224]LogBlueprintUserMessages: X=0.000 Y=0.000 Z=0.000
[2014.08.22-22.45.46:481][224]LogBlueprintUserMessages: X=0.000 Y=0.000 Z=0.000
[2014.08.22-22.45.46:492][225]LogBlueprintUserMessages: X=0.000 Y=0.000 Z=0.000
[2014.08.22-22.45.46:492][225]LogBlueprintUserMessages: X=0.000 Y=0.000 Z=0.000
[2014.08.22-22.45.46:496][226]LogBlueprintUserMessages: X=0.000 Y=0.000 Z=0.000
[2014.08.22-22.45.46:496][226]LogBlueprintUserMessages: X=0.000 Y=0.000 Z=0.000
[2014.08.22-22.45.46:507][227]LogBlueprintUserMessages: X=0.000 Y=0.000 Z=0.000
[2014.08.22-22.45.46:507][227]LogBlueprintUserMessages: X=0.000 Y=0.000 Z=0.000
[2014.08.22-22.45.46:511][228]LogBlueprintUserMessages: X=0.000 Y=0.000 Z=0.000
[2014.08.22-22.45.46:511][228]LogBlueprintUserMessages: X=0.000 Y=0.000 Z=0.000
[2014.08.22-22.45.46:522][229]LogBlueprintUserMessages: X=0.000 Y=0.000 Z=0.000
[2014.08.22-22.45.46:522][229]LogBlueprintUserMessages: X=0.000 Y=0.000 Z=0.000
[2014.08.22-22.45.46:526][230]LogBlueprintUserMessages: X=0.000 Y=0.000 Z=0.000
[2014.08.22-22.45.46:526][230]LogBlueprintUserMessages: X=0.000 Y=0.000 Z=0.000
[2014.08.22-22.45.46:537][231]LogBlueprintUserMessages: X=0.000 Y=0.000 Z=0.000
[2014.08.22-22.45.46:537][231]LogBlueprintUserMessages: X=0.000 Y=0.000 Z=0.000
[2014.08.22-22.45.46:541][232]LogBlueprintUserMessages: X=0.000 Y=0.000 Z=0.000
[2014.08.22-22.45.46:541][232]LogBlueprintUserMessages: X=0.000 Y=0.000 Z=0.000
[2014.08.22-22.45.46:552][233]LogBlueprintUserMessages: X=0.000 Y=0.000 Z=0.000
[2014.08.22-22.45.46:552][233]LogBlueprintUserMessages: X=0.000 Y=0.000 Z=0.000
[2014.08.22-22.45.46:556][234]LogBlueprintUserMessages: X=0.000 Y=0.000 Z=0.000
[2014.08.22-22.45.46:556][234]LogBlueprintUserMessages: X=0.000 Y=0.000 Z=0.000
[2014.08.22-22.45.46:567][235]LogBlueprintUserMessages: X=0.000 Y=0.000 Z=0.000
[2014.08.22-22.45.46:567][235]LogBlueprintUserMessages: X=0.000 Y=0.000 Z=0.000
[2014.08.22-22.45.46:571][236]LogBlueprintUserMessages: X=0.000 Y=0.000 Z=0.000
[2014.08.22-22.45.46:571][236]LogBlueprintUserMessages: X=0.000 Y=0.000 Z=0.000
[2014.08.22-22.45.46:583][237]LogBlueprintUserMessages: X=0.000 Y=0.000 Z=0.000
[2014.08.22-22.45.46:583][237]LogBlueprintUserMessages: X=0.000 Y=0.000 Z=0.000
[2014.08.22-22.45.46:587][238]LogBlueprintUserMessages: X=0.000 Y=0.000 Z=0.000
[2014.08.22-22.45.46:587][238]LogBlueprintUserMessages: X=0.000 Y=0.000 Z=0.000
[2014.08.22-22.45.46:597][239]LogBlueprintUserMessages: X=0.000 Y=0.000 Z=0.000
[2014.08.22-22.45.46:597][239]LogBlueprintUserMessages: X=0.000 Y=0.000 Z=0.000
[2014.08.22-22.45.46:602][240]LogBlueprintUserMessages: X=0.000 Y=0.000 Z=0.000
[2014.08.22-22.45.46:602][240]LogBlueprintUserMessages: X=0.000 Y=0.000 Z=0.000
[2014.08.22-22.45.46:613][241]LogBlueprintUserMessages: X=0.000 Y=0.000 Z=0.000
[2014.08.22-22.45.46:613][241]LogBlueprintUserMessages: X=0.000 Y=0.000 Z=0.000
[2014.08.22-22.45.46:617][242]LogBlueprintUserMessages: X=0.000 Y=0.000 Z=0.000
[2014.08.22-22.45.46:617][242]LogBlueprintUserMessages: X=0.000 Y=0.000 Z=0.000
[2014.08.22-22.45.46:628][243]LogBlueprintUserMessages: X=0.000 Y=0.000 Z=0.000
[2014.08.22-22.45.46:628][243]LogBlueprintUserMessages: X=0.000 Y=0.000 Z=0.000
[2014.08.22-22.45.46:632][244]LogBlueprintUserMessages: X=0.000 Y=0.000 Z=0.000
[2014.08.22-22.45.46:633][244]LogBlueprintUserMessages: X=0.000 Y=0.000 Z=0.000
[2014.08.22-22.45.46:643][245]LogBlueprintUserMessages: X=0.000 Y=0.000 Z=0.000
[2014.08.22-22.45.46:643][245]LogBlueprintUserMessages: X=0.000 Y=0.000 Z=0.000
[2014.08.22-22.45.46:647][246]LogBlueprintUserMessages: X=0.000 Y=0.000 Z=0.000
[2014.08.22-22.45.46:647][246]LogBlueprintUserMessages: X=0.000 Y=0.000 Z=0.000
[2014.08.22-22.45.46:658][247]LogBlueprintUserMessages: X=0.000 Y=0.000 Z=0.000
[2014.08.22-22.45.46:658][247]LogBlueprintUserMessages: X=0.000 Y=0.000 Z=0.000
[2014.08.22-22.45.46:662][248]LogBlueprintUserMessages: X=0.000 Y=0.000 Z=0.000
[2014.08.22-22.45.46:662][248]LogBlueprintUserMessages: X=0.000 Y=0.000 Z=0.000
[2014.08.22-22.45.46:673][249]LogBlueprintUserMessages: X=0.000 Y=0.000 Z=0.000
[2014.08.22-22.45.46:673][249]LogBlueprintUserMessages: X=0.000 Y=0.000 Z=0.000
[2014.08.22-22.45.46:677][250]LogBlueprintUserMessages: X=0.000 Y=0.000 Z=0.000
[2014.08.22-22.45.46:677][250]LogBlueprintUserMessages: X=0.000 Y=0.000 Z=0.000
[2014.08.22-22.45.46:689][251]LogBlueprintUserMessages: X=0.000 Y=0.000 Z=0.000
[2014.08.22-22.45.46:689][251]LogBlueprintUserMessages: X=0.000 Y=0.000 Z=0.000
[2014.08.22-22.45.46:692][252]LogBlueprintUserMessages: X=0.000 Y=0.000 Z=0.000
[2014.08.22-22.45.46:693][252]LogBlueprintUserMessages: X=0.000 Y=0.000 Z=0.000
[2014.08.22-22.45.46:704][253]LogBlueprintUserMessages: X=0.000 Y=0.000 Z=0.000
[2014.08.22-22.45.46:704][253]LogBlueprintUserMessages: X=0.000 Y=0.000 Z=0.000
[2014.08.22-22.45.46:708][254]LogBlueprintUserMessages: X=0.000 Y=0.000 Z=0.000
[2014.08.22-22.45.46:708][254]LogBlueprintUserMessages: X=0.000 Y=0.000 Z=0.000
[2014.08.22-22.45.46:719][255]LogBlueprintUserMessages: X=0.000 Y=0.000 Z=0.000
[2014.08.22-22.45.46:719][255]LogBlueprintUserMessages: X=0.000 Y=0.000 Z=0.000
[2014.08.22-22.45.46:723][256]LogBlueprintUserMessages: X=0.000 Y=0.000 Z=0.000
[2014.08.22-22.45.46:723][256]LogBlueprintUserMessages: X=0.000 Y=0.000 Z=0.000
[2014.08.22-22.45.46:734][257]LogBlueprintUserMessages: X=0.000 Y=0.000 Z=0.000
[2014.08.22-22.45.46:734][257]LogBlueprintUserMessages: X=0.000 Y=0.000 Z=0.000
[2014.08.22-22.45.46:745][258]LogBlueprintUserMessages: X=0.000 Y=0.000 Z=0.000
[2014.08.22-22.45.46:746][258]LogBlueprintUserMessages: X=0.000 Y=0.000 Z=0.000
[2014.08.22-22.45.46:750][259]LogBlueprintUserMessages: X=0.000 Y=0.000 Z=0.000
[2014.08.22-22.45.46:750][259]LogBlueprintUserMessages: X=0.000 Y=0.000 Z=0.000
[2014.08.22-22.45.46:761][260]LogBlueprintUserMessages: X=0.000 Y=0.000 Z=0.000
[2014.08.22-22.45.46:761][260]LogBlueprintUserMessages: X=0.000 Y=0.000 Z=0.000
[2014.08.22-22.45.46:772][261]LogBlueprintUserMessages: X=0.000 Y=0.000 Z=0.000
[2014.08.22-22.45.46:772][261]LogBlueprintUserMessages: X=0.000 Y=0.000 Z=0.000
[2014.08.22-22.45.46:776][262]LogBlueprintUserMessages: X=0.000 Y=0.000 Z=0.000
[2014.08.22-22.45.46:776][262]LogBlueprintUserMessages: X=0.000 Y=0.000 Z=0.000
[2014.08.22-22.45.46:787][263]LogBlueprintUserMessages: X=0.000 Y=0.000 Z=0.000
[2014.08.22-22.45.46:787][263]LogBlueprintUserMessages: X=0.000 Y=0.000 Z=0.000
[2014.08.22-22.45.46:791][264]LogBlueprintUserMessages: X=0.000 Y=0.000 Z=0.000
[2014.08.22-22.45.46:791][264]LogBlueprintUserMessages: X=0.000 Y=0.000 Z=0.000
[2014.08.22-22.45.46:802][265]LogBlueprintUserMessages: X=0.000 Y=0.000 Z=0.000
[2014.08.22-22.45.46:802][265]LogBlueprintUserMessages: X=0.000 Y=0.000 Z=0.000
[2014.08.22-22.45.46:806][266]LogBlueprintUserMessages: X=0.000 Y=0.000 Z=0.000
[2014.08.22-22.45.46:807][266]LogBlueprintUserMessages: X=0.000 Y=0.000 Z=0.000
[2014.08.22-22.45.46:817][267]LogBlueprintUserMessages: X=0.000 Y=0.000 Z=0.000
[2014.08.22-22.45.46:817][267]LogBlueprintUserMessages: X=0.000 Y=0.000 Z=0.000
[2014.08.22-22.45.46:822][268]LogBlueprintUserMessages: X=0.000 Y=0.000 Z=0.000
[2014.08.22-22.45.46:822][268]LogBlueprintUserMessages: X=0.000 Y=0.000 Z=0.000
[2014.08.22-22.45.46:833][269]LogBlueprintUserMessages: X=0.000 Y=0.000 Z=0.000
[2014.08.22-22.45.46:833][269]LogBlueprintUserMessages: X=0.000 Y=0.000 Z=0.000
[2014.08.22-22.45.46:837][270]LogBlueprintUserMessages: X=0.000 Y=0.000 Z=0.000
[2014.08.22-22.45.46:837][270]LogBlueprintUserMessages: X=0.000 Y=0.000 Z=0.000
[2014.08.22-22.45.46:848][271]LogBlueprintUserMessages: X=0.000 Y=0.000 Z=0.000
[2014.08.22-22.45.46:848][271]LogBlueprintUserMessages: X=0.000 Y=0.000 Z=0.000
[2014.08.22-22.45.46:853][272]LogBlueprintUserMessages: X=0.000 Y=0.000 Z=0.000
[2014.08.22-22.45.46:853][272]LogBlueprintUserMessages: X=0.000 Y=0.000 Z=0.000
[2014.08.22-22.45.46:863][273]LogBlueprintUserMessages: X=0.000 Y=0.000 Z=0.000
[2014.08.22-22.45.46:863][273]LogBlueprintUserMessages: X=0.000 Y=0.000 Z=0.000
[2014.08.22-22.45.46:868][274]LogBlueprintUserMessages: X=0.000 Y=0.000 Z=0.000
[2014.08.22-22.45.46:868][274]LogBlueprintUserMessages: X=0.000 Y=0.000 Z=0.000
[2014.08.22-22.45.46:879][275]LogBlueprintUserMessages: X=0.000 Y=0.000 Z=0.000
[2014.08.22-22.45.46:879][275]LogBlueprintUserMessages: X=0.000 Y=0.000 Z=0.000
[2014.08.22-22.45.46:890][276]LogBlueprintUserMessages: X=0.000 Y=0.000 Z=0.000
[2014.08.22-22.45.46:890][276]LogBlueprintUserMessages: X=0.000 Y=0.000 Z=0.000
[2014.08.22-22.45.46:894][277]LogBlueprintUserMessages: X=0.000 Y=0.000 Z=0.000
[2014.08.22-22.45.46:894][277]LogBlueprintUserMessages: X=0.000 Y=0.000 Z=0.000
[2014.08.22-22.45.46:905][278]LogBlueprintUserMessages: X=0.000 Y=0.000 Z=0.000
[2014.08.22-22.45.46:905][278]LogBlueprintUserMessages: X=0.000 Y=0.000 Z=0.000
[2014.08.22-22.45.46:917][279]LogBlueprintUserMessages: X=0.000 Y=0.000 Z=0.000
[2014.08.22-22.45.46:917][279]LogBlueprintUserMessages: X=0.000 Y=0.000 Z=0.000
[2014.08.22-22.45.46:921][280]LogBlueprintUserMessages: X=0.000 Y=0.000 Z=0.000
[2014.08.22-22.45.46:921][280]LogBlueprintUserMessages: X=0.000 Y=0.000 Z=0.000
[2014.08.22-22.45.46:931][281]LogBlueprintUserMessages: X=0.000 Y=0.000 Z=0.000
[2014.08.22-22.45.46:932][281]LogBlueprintUserMessages: X=0.000 Y=0.000 Z=0.000
[2014.08.22-22.45.46:936][282]LogBlueprintUserMessages: X=0.000 Y=0.000 Z=0.000
[2014.08.22-22.45.46:936][282]LogBlueprintUserMessages: X=0.000 Y=0.000 Z=0.000
[2014.08.22-22.45.46:947][283]LogBlueprintUserMessages: X=0.000 Y=0.000 Z=0.000
[2014.08.22-22.45.46:947][283]LogBlueprintUserMessages: X=0.000 Y=0.000 Z=0.000
[2014.08.22-22.45.46:951][284]LogBlueprintUserMessages: X=0.000 Y=0.000 Z=0.000
[2014.08.22-22.45.46:951][284]LogBlueprintUserMessages: X=0.000 Y=0.000 Z=0.000
[2014.08.22-22.45.46:962][285]LogBlueprintUserMessages: X=0.000 Y=0.000 Z=0.000
[2014.08.22-22.45.46:962][285]LogBlueprintUserMessages: X=0.000 Y=0.000 Z=0.000
[2014.08.22-22.45.46:966][286]LogBlueprintUserMessages: X=0.000 Y=0.000 Z=0.000
[2014.08.22-22.45.46:966][286]LogBlueprintUserMessages: X=0.000 Y=0.000 Z=0.000
[2014.08.22-22.45.46:978][287]LogBlueprintUserMessages: X=0.000 Y=0.000 Z=0.000
[2014.08.22-22.45.46:978][287]LogBlueprintUserMessages: X=0.000 Y=0.000 Z=0.000
[2014.08.22-22.45.46:982][288]LogBlueprintUserMessages: X=0.000 Y=0.000 Z=0.000
[2014.08.22-22.45.46:982][288]LogBlueprintUserMessages: X=0.000 Y=0.000 Z=0.000
[2014.08.22-22.45.46:993][289]LogBlueprintUserMessages: X=0.000 Y=0.000 Z=0.000
[2014.08.22-22.45.46:993][289]LogBlueprintUserMessages: X=0.000 Y=0.000 Z=0.000
[2014.08.22-22.45.46:997][290]LogBlueprintUserMessages: X=0.000 Y=0.000 Z=0.000
[2014.08.22-22.45.46:997][290]LogBlueprintUserMessages: X=0.000 Y=0.000 Z=0.000
[2014.08.22-22.45.47:009][291]LogBlueprintUserMessages: X=0.000 Y=0.000 Z=0.000
[2014.08.22-22.45.47:009][291]LogBlueprintUserMessages: X=0.000 Y=0.000 Z=0.000
[2014.08.22-22.45.47:012][292]LogBlueprintUserMessages: X=0.000 Y=0.000 Z=0.000
[2014.08.22-22.45.47:012][292]LogBlueprintUserMessages: X=0.000 Y=0.000 Z=0.000
[2014.08.22-22.45.47:024][293]LogBlueprintUserMessages: X=0.000 Y=0.000 Z=0.000
[2014.08.22-22.45.47:024][293]LogBlueprintUserMessages: X=0.000 Y=0.000 Z=0.000
[2014.08.22-22.45.47:027][294]LogBlueprintUserMessages: X=0.000 Y=0.000 Z=0.000
[2014.08.22-22.45.47:027][294]LogBlueprintUserMessages: X=0.000 Y=0.000 Z=0.000
[2014.08.22-22.45.47:039][295]LogBlueprintUserMessages: X=0.000 Y=0.000 Z=0.000
[2014.08.22-22.45.47:039][295]LogBlueprintUserMessages: X=0.000 Y=0.000 Z=0.000
[2014.08.22-22.45.47:043][296]LogBlueprintUserMessages: X=0.000 Y=0.000 Z=0.000
[2014.08.22-22.45.47:043][296]LogBlueprintUserMessages: X=0.000 Y=0.000 Z=0.000
[2014.08.22-22.45.47:054][297]LogBlueprintUserMessages: X=0.000 Y=0.000 Z=0.000
[2014.08.22-22.45.47:054][297]LogBlueprintUserMessages: X=0.000 Y=0.000 Z=0.000
[2014.08.22-22.45.47:065][298]LogHMD:Warning: Vision Tracking Acquired
[2014.08.22-22.45.47:065][298]LogBlueprintUserMessages: X=0.000 Y=0.000 Z=0.000
[2014.08.22-22.45.47:065][298]LogBlueprintUserMessages: X=0.000 Y=0.000 Z=0.000
[2014.08.22-22.45.47:419][298]LogWindows:Error: appError called: Rendering thread exception:
Fatal error!

Address = 0xa7e61f0  (filename not found) [in C:\Program Files\Unreal Engine\4.4\Engine\Binaries\Win64\UE4Editor-RHI.dll]
Address = 0xf72d04d4 (filename not found) [in C:\Program Files\Unreal Engine\4.4\Engine\Binaries\Win64\UE4Editor-Renderer.dll]
Address = 0xf71d7829 (filename not found) [in C:\Program Files\Unreal Engine\4.4\Engine\Binaries\Win64\UE4Editor-Renderer.dll]
Address = 0xf7086538 (filename not found) [in C:\Program Files\Unreal Engine\4.4\Engine\Binaries\Win64\UE4Editor-Renderer.dll]
Address = 0xf7200834 (filename not found) [in C:\Program Files\Unreal Engine\4.4\Engine\Binaries\Win64\UE4Editor-Renderer.dll]
Address = 0xf71d6972 (filename not found) [in C:\Program Files\Unreal Engine\4.4\Engine\Binaries\Win64\UE4Editor-Renderer.dll]
Address = 0x3c87002  (filename not found) [in C:\Program Files\Unreal Engine\4.4\Engine\Binaries\Win64\UE4Editor-Core.dll]
Address = 0x3c8718d  (filename not found) [in C:\Program Files\Unreal Engine\4.4\Engine\Binaries\Win64\UE4Editor-Core.dll]
Address = 0xb18c353  (filename not found) [in C:\Program Files\Unreal Engine\4.4\Engine\Binaries\Win64\UE4Editor-RenderCore.dll]
Address = 0xb18c7e9  (filename not found) [in C:\Program Files\Unreal Engine\4.4\Engine\Binaries\Win64\UE4Editor-RenderCore.dll]
Address = 0x3ec2ca6  (filename not found) [in C:\Program Files\Unreal Engine\4.4\Engine\Binaries\Win64\UE4Editor-Core.dll]
Address = 0x3ebc26d  (filename not found) [in C:\Program Files\Unreal Engine\4.4\Engine\Binaries\Win64\UE4Editor-Core.dll]
Address = 0x1a7516ad (filename not found) [in C:\WINDOWS\system32\KERNEL32.DLL]
Address = 0x1d7934a5 (filename not found) [in C:\WINDOWS\SYSTEM32\ntdll.dll]
Address = 0x1d7934a5 (filename not found) [in C:\WINDOWS\SYSTEM32\ntdll.dll]

[2014.08.22-22.45.47:419][298]LogWindows:Error: Windows GetLastError: The operation completed successfully. (0)
[2014.08.22-22.45.47:419][298]LogWindows: === Critical error: ===
Unhandled Exception: EXCEPTION_ACCESS_VIOLATION reading address 0x00000040

[2014.08.22-22.45.47:419][298]LogWindows: Rendering thread exception:
Fatal error!

Address = 0xa7e61f0  (filename not found) [in C:\Program Files\Unreal Engine\4.4\Engine\Binaries\Win64\UE4Editor-RHI.dll]
Address = 0xf72d04d4 (filename not found) [in C:\Program Files\Unreal Engine\4.4\Engine\Binaries\Win64\UE4Editor-Renderer.dll]
Address = 0xf71d7829 (filename not found) [in C:\Program Files\Unreal Engine\4.4\Engine\Binaries\Win64\UE4Editor-Renderer.dll]
Address = 0xf7086538 (filename not found) [in C:\Program Files\Unreal Engine\4.4\Engine\Binaries\Win64\UE4Editor-Renderer.dll]
Address = 0xf7200834 (filename not found) [in C:\Program Files\Unreal Engine\4.4\Engine\Binaries\Win64\UE4Editor-Renderer.dll]
Address = 0xf71d6972 (filename not found) [in C:\Program Files\Unreal Engine\4.4\Engine\Binaries\Win64\UE4Editor-Renderer.dll]
Address = 0x3c87002  (filename not found) [in C:\Program Files\Unreal Engine\4.4\Engine\Binaries\Win64\UE4Editor-Core.dll]
Address = 0x3c8718d  (filename not found) [in C:\Program Files\Unreal Engine\4.4\Engine\Binaries\Win64\UE4Editor-Core.dll]
Address = 0xb18c353  (filename not found) [in C:\Program Files\Unreal Engine\4.4\Engine\Binaries\Win64\UE4Editor-RenderCore.dll]
Address = 0xb18c7e9  (filename not found) [in C:\Program Files\Unreal Engine\4.4\Engine\Binaries\Win64\UE4Editor-RenderCore.dll]
Address = 0x3ec2ca6  (filename not found) [in C:\Program Files\Unreal Engine\4.4\Engine\Binaries\Win64\UE4Editor-Core.dll]
Address = 0x3ebc26d  (filename not found) [in C:\Program Files\Unreal Engine\4.4\Engine\Binaries\Win64\UE4Editor-Core.dll]
Address = 0x1a7516ad (filename not found) [in C:\WINDOWS\system32\KERNEL32.DLL]
Address = 0x1d7934a5 (filename not found) [in C:\WINDOWS\SYSTEM32\ntdll.dll]
Address = 0x1d7934a5 (filename not found) [in C:\WINDOWS\SYSTEM32\ntdll.dll]



[2014.08.22-22.45.47:419][298]LogExit: Executing StaticShutdownAfterError
[2014.08.22-22.45.47:450][298]LogWindows: FPlatformMisc::RequestExit(1)
[2014.08.22-22.45.47:450][298]Log file closed, 08/23/14 08:45:47
