Log file open, 08/27/14 11:14:31
LogInit:Display: Running engine for game: TP_BPFirstPersonRift
LogInit: Version: 4.4.1-2270799+++depot+UE4-Releases+4.4
LogInit: API Version: 2255576
LogInit: Compiled (64-bit): Aug 25 2014 14:19:12
LogInit: Build Configuration: Development
LogInit: Branch Name: ++depot+UE4-Releases+4.4
LogInit: Command line: 
LogInit: Base directory: C:/Program Files/Unreal Engine/4.4/Engine/Binaries/Win64/
LogInit: Rocket: 1
[2014.08.27-01.14.31:477][  0]LogTaskGraph: Started task graph with 3 named threads and 4 total threads.
[2014.08.27-01.14.31:505][  0]LogOnline:Warning: No default platform service specified for OnlineSubsystem
[2014.08.27-01.14.31:513][  0]LogInit: Presizing for 0 objects not considered by GC, pre-allocating 0 bytes.
[2014.08.27-01.14.31:518][  0]LogInit: Object subsystem initialized
[2014.08.27-01.14.31:519][  0]LogInit: Selected Device Profile: [Windows]
[2014.08.27-01.14.31:519][  0]LogInit: Applying CVar settings loaded from the selected device profile: [Windows]
[2014.08.27-01.14.31:522][  0]LogInit: Computer: HOME
[2014.08.27-01.14.31:522][  0]LogInit: User: McCaffrey
[2014.08.27-01.14.31:523][  0]LogInit: CPU Page size=4096, Cores=4
[2014.08.27-01.14.31:523][  0]LogInit: High frequency timer resolution =3.410076 MHz
[2014.08.27-01.14.31:524][  0]LogMemory: Memory total: Physical=15.9GB (16GB approx) Virtual=131072.0GB
[2014.08.27-01.14.31:524][  0]LogMemory: Platform Memory Stats for Windows
[2014.08.27-01.14.31:524][  0]LogMemory: Process Physical Memory: 60.20 MB used, 60.34 MB peak
[2014.08.27-01.14.31:524][  0]LogMemory: Process Virtual Memory: 36.16 MB used, 39.48 MB peak
[2014.08.27-01.14.31:524][  0]LogMemory: Physical Memory: 3776.27 MB used, 16268.46 MB total
[2014.08.27-01.14.31:524][  0]LogMemory: Virtual Memory: 268.03 MB used, 134217728.00 MB total
[2014.08.27-01.14.31:573][  0]LogD3D11RHI: Found D3D11 adapter 0: NVIDIA GeForce GTX 770 (Feature Level 11_0)
[2014.08.27-01.14.31:573][  0]LogD3D11RHI: Adapter has 1985MB of dedicated video memory, 0MB of dedicated system memory, and 2048MB of shared system memory, 2 output[s]
[2014.08.27-01.14.31:593][  0]LogD3D11RHI: Found D3D11 adapter 1: Intel(R) HD Graphics 4600 (Feature Level 11_0)
[2014.08.27-01.14.31:593][  0]LogD3D11RHI: Adapter has 32MB of dedicated video memory, 0MB of dedicated system memory, and 1760MB of shared system memory, 0 output[s]
[2014.08.27-01.14.31:596][  0]LogD3D11RHI: Found D3D11 adapter 2: Microsoft Basic Render Driver (Feature Level 11_0)
[2014.08.27-01.14.31:596][  0]LogD3D11RHI: Adapter has 0MB of dedicated video memory, 0MB of dedicated system memory, and 256MB of shared system memory, 0 output[s]
[2014.08.27-01.14.31:596][  0]LogD3D11RHI: Chosen D3D11 Adapter Id = 0
[2014.08.27-01.14.31:613][  0]LogRHI: Texture pool is 1361 MB (70% of 1945 MB)
[2014.08.27-01.14.31:636][  0]LogD3D11RHI: Async texture creation enabled
[2014.08.27-01.14.31:725][  0]LogContentStreaming: Texture pool size is 0.000000MB
[2014.08.27-01.14.33:175][  0]LogTargetPlatformManager:Display: Building Assets For Windows
[2014.08.27-01.14.33:501][  0]LogTargetPlatformManager:Display: Building Assets For Windows
[2014.08.27-01.14.33:534][  0]LogDerivedDataCache:Display: Max Cache Size: 512 MB
[2014.08.27-01.14.33:568][  0]LogDerivedDataCache: Loaded boot cache 0.03s 39MB C:/Users/McCaffrey/AppData/Local/UnrealEngine/4.4/DerivedDataCache/Boot.ddc.
[2014.08.27-01.14.33:568][  0]LogDerivedDataCache:Display: Loaded Boot cache: C:/Users/McCaffrey/AppData/Local/UnrealEngine/4.4/DerivedDataCache/Boot.ddc
[2014.08.27-01.14.33:568][  0]LogDerivedDataCache: FDerivedDataBackendGraph:  Pak pak cache file F:/Unreal/GitHub/TP_BPFirstPersonRift/DerivedDataCache/DDC.ddp not found, will not use a pak cache.
[2014.08.27-01.14.33:568][  0]LogDerivedDataCache: Unable to find inner node Pak for hierarchical cache Hierarchy.
[2014.08.27-01.14.33:582][  0]LogDerivedDataCache:Display: Pak cache opened for reading ../../../Engine/DerivedDataCache/DDC.ddp.
[2014.08.27-01.14.33:594][  0]LogDerivedDataCache: Using Local data cache path C:/Users/McCaffrey/AppData/Local/UnrealEngine/4.4/DerivedDataCache: Writable
[2014.08.27-01.14.33:718][  0]LogMeshUtilities: No automatic mesh reduction module available
[2014.08.27-01.14.33:718][  0]LogMeshUtilities: No automatic mesh merging module available
[2014.08.27-01.14.34:002][  0]LogInit: WinSock: version 1.1 (2.2), MaxSocks=32767, MaxUdp=65467
[2014.08.27-01.14.34:587][  0]LogStats:Warning: MetaData mismatch. Did you assign a stat to two groups? New //STATGROUP_Threads//FMonitoredProcess///Thread_1070_0///////STATCAT_Advanced//// old //STATGROUP_Threads//FMonitoredProcess///Thread_2b74_0///////STATCAT_Advanced////
[2014.08.27-01.14.34:587][  0]UdpMessaging: Initializing bridge on interface 0.0.0.0:0 to multicast group 230.0.0.1:6666.
[2014.08.27-01.14.34:687][  0]SourceControl: Info Source control is disabled
[2014.08.27-01.14.34:688][  0]SourceControl: Info Source control is disabled
[2014.08.27-01.14.34:693][  0]SourceControl: Info Source control is disabled
[2014.08.27-01.14.34:831][  0]BlueprintLog: New page: Editor Load
[2014.08.27-01.14.34:911][  0]LogObj: 21438 objects as part of root set at end of initial load.
[2014.08.27-01.14.34:911][  0]LogUObjectAllocator: 4218656 out of 0 bytes used by permanent object pool.
[2014.08.27-01.14.35:073][  0]LogEngine: Initializing Engine...
[2014.08.27-01.14.35:151][  0]LogInit: XAudio2 using 'Speakers (Realtek High Definition Audio)' : 2 channels at 48 kHz using 32 bits per sample (channel mask 0x3)
[2014.08.27-01.14.35:168][  0]LogInit: FAudioDevice initialized.
[2014.08.27-01.14.35:182][  0]LogAIModule: Creating AISystem for world NewWorld
[2014.08.27-01.14.35:202][  0]LogDerivedDataCache: Saved boot cache 0.02s 39MB C:/Users/McCaffrey/AppData/Local/UnrealEngine/4.4/DerivedDataCache/Boot.ddc.
[2014.08.27-01.14.35:204][  0]LogInit: Texture streaming: Enabled
[2014.08.27-01.14.35:230][  0]LogInit: Transaction tracking system initialized
[2014.08.27-01.14.35:323][  0]LogAssetRegistry: FAssetRegistry took 0.0108 seconds to start up
[2014.08.27-01.14.35:681][  0]LogTargetPlatformManager:Display: Building Assets For Windows
[2014.08.27-01.14.35:918][  0]LogTargetPlatformManager:Display: Building Assets For Windows
[2014.08.27-01.14.36:021][  0]LogConsoleResponse:Display: 
[2014.08.27-01.14.36:159][  0]LogStats:Warning: MetaData mismatch. Did you assign a stat to two groups? New //STATGROUP_Threads//FMonitoredProcess///Thread_26bc_0///////STATCAT_Advanced//// old //STATGROUP_Threads//FMonitoredProcess///Thread_2b74_0///////STATCAT_Advanced////
[2014.08.27-01.14.36:159][  0]LogStats:Warning: MetaData mismatch. Did you assign a stat to two groups? New //STATGROUP_Threads//FMonitoredProcess///Thread_8e8_0///////STATCAT_Advanced//// old //STATGROUP_Threads//FMonitoredProcess///Thread_2b74_0///////STATCAT_Advanced////
[2014.08.27-01.14.36:159][  0]SourceControl: Info Source control is disabled
[2014.08.27-01.14.36:159][  0]Cmd: MAP LOAD FILE="F:/Unreal/GitHub/TP_BPFirstPersonRift/Content/Maps/Example_Map.umap" TEMPLATE=0 SHOWPROGRESS=1
[2014.08.27-01.14.36:159][  0]LightingResults: New page: Lighting Build
[2014.08.27-01.14.36:166][  0]MapCheck: New page: Map Check
[2014.08.27-01.14.36:166][  0]LightingResults: New page: Lighting Build
[2014.08.27-01.14.36:175][  0]LogParticles: Destroying 0 GPU particle simulations for FXSystem 0x000000D775355300
[2014.08.27-01.14.37:253][  0]LogEditorServer: Finished looking for orphan Actors (0.000 secs)
[2014.08.27-01.14.37:253][  0]LogAIModule: Creating AISystem for world Example_Map
[2014.08.27-01.14.37:253][  0]Cmd: MAP CHECKDEP
[2014.08.27-01.14.37:254][  0]MapCheck: New page: Example_Map - 27 Aug 2014 9:14:37 pm
[2014.08.27-01.14.37:335][  0]MapCheck: Info ========== Map Check: 0 Error(s), 0 Warning(s), [81.025ms] ==========
[2014.08.27-01.14.37:335][  0]LogFileHelpers: Loading map 'Example_Map' took 1.176
[2014.08.27-01.14.37:459][  0]LogCollectionManager: Loaded 0 collections in 0.000815 seconds
[2014.08.27-01.14.37:590][  0]LogCrashTracker: Crashtracker disabled due to settings.
[2014.08.27-01.14.37:636][  0]LogLoad: Full Startup: 6.88 seconds (BP compile: 0.60 seconds)
[2014.08.27-01.14.37:647][  0]LogContentBrowser:Verbose: The content browser source was changed by the sources view to '/Game/Character'
[2014.08.27-01.14.37:724][  0]LogRenderer:Warning: Reallocating scene render targets to support 32x32.
[2014.08.27-01.14.37:804][  0]LogRenderer:Warning: Reallocating scene render targets to support 1320x1256.
[2014.08.27-01.14.37:887][  1]LogAssetRegistry: Asset discovery search completed in 2.5753 seconds
[2014.08.27-01.14.41:209][383]MapCheck: New page: Map Check
[2014.08.27-01.14.41:229][383]Cmd: MAP REBUILD ALLVISIBLE
[2014.08.27-01.14.41:229][383]LogEditorServer: Rebuildmap Clear paths rebuilt
[2014.08.27-01.14.41:306][383]LightingResults: New page: Lighting Build - 27 Aug 2014 9:14:41 pm
[2014.08.27-01.14.44:919][383]LogStaticLightingSystem: Running Lightmass w/ ImmediateImport mode ENABLED
[2014.08.27-01.14.44:919][383]LogStaticLightingSystem: Running Lightmass w/ ImmediateProcess mode ENABLED
[2014.08.27-01.14.44:919][383]LogStaticLightingSystem: Running Lightmass w/ Sorting mode ENABLED
[2014.08.27-01.14.44:919][383]LogStaticLightingSystem: Running Lightmass w/ Mapping paddings ENABLED
[2014.08.27-01.14.44:919][383]LogStaticLightingSystem: Running Lightmass w/ Mapping debug paddings DISABLED
[2014.08.27-01.14.45:027][383]LogEditorBuildUtils: Build time 0:00:03
[2014.08.27-01.14.45:030][383]LogMaterial: Missing cached shader map for material FLightmassMaterialRenderer MaterialInstanceDynamic_28, compiling.
[2014.08.27-01.14.45:034][383]LogMaterial: Missing cached shader map for material FLightmassMaterialRenderer MaterialInstanceDynamic_28, compiling.
[2014.08.27-01.14.45:038][383]LogMaterial: Missing cached shader map for material FLightmassMaterialRenderer MaterialInstanceDynamic_28, compiling.
[2014.08.27-01.14.45:086][384]LogMaterial: Missing cached shader map for material FLightmassMaterialRenderer MaterialInstanceDynamic_29, compiling.
[2014.08.27-01.14.45:088][384]LogMaterial: Missing cached shader map for material FLightmassMaterialRenderer MaterialInstanceDynamic_29, compiling.
[2014.08.27-01.14.45:091][384]LogMaterial: Missing cached shader map for material FLightmassMaterialRenderer MaterialInstanceDynamic_29, compiling.
[2014.08.27-01.14.45:115][385]LogMaterial: Incomplete cached shader map for material FLightmassMaterialRenderer MaterialInstanceDynamic_30, compiling.
[2014.08.27-01.14.45:116][385]LogMaterial: Incomplete cached shader map for material FLightmassMaterialRenderer MaterialInstanceDynamic_30, compiling.
[2014.08.27-01.14.45:118][385]LogMaterial: Incomplete cached shader map for material FLightmassMaterialRenderer MaterialInstanceDynamic_30, compiling.
[2014.08.27-01.14.45:120][385]LogMaterial: Missing cached shader map for material FLightmassMaterialRenderer Mirror_Mat, compiling.
[2014.08.27-01.14.45:121][385]LogMaterial: Missing cached shader map for material FLightmassMaterialRenderer Mirror_Mat, compiling.
[2014.08.27-01.14.45:131][386]LogMaterial: Missing cached shader map for material FLightmassMaterialRenderer MI_Template_BaseGray, compiling.
[2014.08.27-01.14.45:132][386]LogMaterial: Missing cached shader map for material FLightmassMaterialRenderer MI_Template_BaseGray, compiling.
[2014.08.27-01.14.45:134][386]LogMaterial: Missing cached shader map for material FLightmassMaterialRenderer MI_Template_BaseGray, compiling.
[2014.08.27-01.14.45:143][387]LogMaterial: Incomplete cached shader map for material FLightmassMaterialRenderer MI_Template_BaseGray_03_Metal, compiling.
[2014.08.27-01.14.45:144][387]LogMaterial: Incomplete cached shader map for material FLightmassMaterialRenderer MI_Template_BaseGray_03_Metal, compiling.
[2014.08.27-01.14.45:145][387]LogMaterial: Incomplete cached shader map for material FLightmassMaterialRenderer MI_Template_BaseGray_03_Metal, compiling.
[2014.08.27-01.14.45:147][387]LogMaterial: Missing cached shader map for material FLightmassMaterialRenderer WorldGridMaterial, compiling.
[2014.08.27-01.14.45:149][387]LogMaterial: Missing cached shader map for material FLightmassMaterialRenderer WorldGridMaterial, compiling.
[2014.08.27-01.14.45:151][387]LogMaterial: Missing cached shader map for material FLightmassMaterialRenderer WorldGridMaterial, compiling.
[2014.08.27-01.14.49:547][612]Job is a success!
[2014.08.27-01.14.49:825][613]LogTexture:Display: Building textures: HQ_Lightmap0_1 (AutoDXT)
[2014.08.27-01.14.49:965][613]LogTexture:Display: Building textures: LQ_Lightmap_1_3 (DXT1)
[2014.08.27-01.14.50:028][613]LogTexture:Display: Building textures: HQ_Lightmap1_3 (AutoDXT)
[2014.08.27-01.14.50:087][613]LogTexture:Display: Building textures: LQ_Lightmap_1_2 (DXT1)
[2014.08.27-01.14.50:093][613]LogTexture:Display: Building textures: HQ_Lightmap1_2 (AutoDXT)
[2014.08.27-01.14.50:101][613]LogTexture:Display: Building textures: LQ_Lightmap_0_1 (DXT1)
[2014.08.27-01.14.50:256][613]LogTexture:Display: Building textures: ShadowMapTexture2D_0 (BGRA8)
[2014.08.27-01.14.50:281][613]LogTexture:Display: Building textures: ShadowMapTexture2D_1 (BGRA8)
[2014.08.27-01.14.50:286][613]LogTexture:Display: Building textures: ShadowMapTexture2D_4 (BGRA8)
[2014.08.27-01.14.50:335][613]Lightmass on HOME: 2.51 sec total, 166 ms importing, 1 ms setup, 421 ms photons, 1.90 sec processing, 0 ms extra exporting [28/28 mappings]. Threads: 16.8 sec total, 2.07 sec processing.
[2014.08.27-01.14.50:361][613]LogStaticLightingSystem:Warning: Illumination: 9.03 sec (555 ms encoding lightmaps)
[2014.08.27-01.14.50:361][613]LogStaticLightingSystem: Lightmap texture memory:  1.3 MB (0.0 MB streaming, 1.3 MB non-streaming), 6 textures
[2014.08.27-01.14.50:361][613]LogStaticLightingSystem: Shadowmap texture memory: 0.0 MB (0.0 MB streaming, 0.0 MB non-streaming), 3 textures
[2014.08.27-01.14.50:905][614]Cmd: MAP CHECK NOTIFYRESULTS
[2014.08.27-01.14.50:905][614]MapCheck: New page: Example_Map - 27 Aug 2014 9:14:50 pm
[2014.08.27-01.14.50:992][614]MapCheck: Info ========== Map Check: 0 Error(s), 0 Warning(s), [87.061ms] ==========
[2014.08.27-01.14.57:433][212]LogContentBrowser:Verbose: The content browser source was changed by the sources view to '/Game/Blueprints'
[2014.08.27-01.15.56:202][907]LogSlate:Warning: GetFontFace failed to load or process 'Roboto-Regular'
[2014.08.27-01.15.56:202][907]LogSlate:Warning: GetFontFace failed to load or process 'Roboto-Regular'
[2014.08.27-01.15.56:204][907]LogSlate:Warning: GetFontFace failed to load or process 'Roboto-Regular'
[2014.08.27-01.15.56:204][907]LogSlate:Warning: GetFontFace failed to load or process 'Roboto-Regular'
[2014.08.27-01.15.56:205][907]LogSlate:Warning: GetFontFace failed to load or process 'Roboto-Regular'
[2014.08.27-01.15.56:205][907]LogSlate:Warning: GetFontFace failed to load or process 'Roboto-Regular'
[2014.08.27-01.15.56:205][907]LogSlate:Warning: GetFontFace failed to load or process 'Roboto-Regular'
[2014.08.27-01.15.56:205][907]LogSlate:Warning: GetFontFace failed to load or process 'Roboto-Regular'
[2014.08.27-01.15.56:205][907]LogSlate:Warning: GetFontFace failed to load or process 'Roboto-Regular'
[2014.08.27-01.15.56:205][907]LogSlate:Warning: GetFontFace failed to load or process 'Roboto-Regular'
[2014.08.27-01.15.56:205][907]LogSlate:Warning: GetFontFace failed to load or process 'Roboto-Regular'
[2014.08.27-01.15.56:205][907]LogSlate:Warning: GetFontFace failed to load or process 'Roboto-Regular'
[2014.08.27-01.15.56:205][907]LogSlate:Warning: GetFontFace failed to load or process 'Roboto-Regular'
[2014.08.27-01.15.56:205][907]LogSlate:Warning: GetFontFace failed to load or process 'Roboto-Regular'
[2014.08.27-01.15.56:205][907]LogSlate:Warning: GetFontFace failed to load or process 'Roboto-Regular'
[2014.08.27-01.15.56:205][907]LogSlate:Warning: GetFontFace failed to load or process 'Roboto-Regular'
[2014.08.27-01.16.02:892][164]Cmd: OBJ SAVEPACKAGE PACKAGE="/Game/Blueprints/VRPlayerController" FILE="F:/Unreal/GitHub/TP_BPFirstPersonRift/Content/Blueprints/VRPlayerController.uasset" SILENT=true
[2014.08.27-01.16.03:013][164]LogSavePackage: Save=117.670105ms
[2014.08.27-01.16.03:013][164]LogSavePackage: Moving 'F:/Unreal/GitHub/TP_BPFirstPersonRift/Saved/VRPlayerControllerBEFC8925496E0B7EF927E3B3458095EC.tmp' to 'F:/Unreal/GitHub/TP_BPFirstPersonRift/Content/Blueprints/VRPlayerController.uasset'
[2014.08.27-01.16.03:458][183]BlueprintLog: New page: Compile VRPlayerController
[2014.08.27-01.16.03:655][183]LogActorComponent: UnregisterComponent: (/Engine/Transient.CharacterMovementComponent_0) Not registered. Aborting.
[2014.08.27-01.16.03:716][183]BlueprintEditorCompileResults: Info [0092.86] Compile of VRPlayerController successful! [in 34 ms]
[2014.08.27-01.16.06:476][229]Cmd: OBJ SAVEPACKAGE PACKAGE="/Game/Blueprints/ContextMenu" FILE="F:/Unreal/GitHub/TP_BPFirstPersonRift/Content/Blueprints/ContextMenu.uasset" SILENT=true
[2014.08.27-01.16.06:923][229]LogSavePackage: Save=442.998047ms
[2014.08.27-01.16.06:923][229]LogSavePackage: Moving 'F:/Unreal/GitHub/TP_BPFirstPersonRift/Saved/ContextMenu4F2CEF954F516B57D7E966823C130314.tmp' to 'F:/Unreal/GitHub/TP_BPFirstPersonRift/Content/Blueprints/ContextMenu.uasset'
[2014.08.27-01.16.06:940][229]Cmd: OBJ SAVEPACKAGE PACKAGE="/Game/Blueprints/ExplorationCharacter" FILE="F:/Unreal/GitHub/TP_BPFirstPersonRift/Content/Blueprints/ExplorationCharacter.uasset" SILENT=true
[2014.08.27-01.16.07:287][229]LogSavePackage: Save=344.917236ms
[2014.08.27-01.16.07:287][229]LogSavePackage: Moving 'F:/Unreal/GitHub/TP_BPFirstPersonRift/Saved/ExplorationCharacter78824D7448BC7C073AAF33B55A47AE41.tmp' to 'F:/Unreal/GitHub/TP_BPFirstPersonRift/Content/Blueprints/ExplorationCharacter.uasset'
[2014.08.27-01.16.07:303][229]Cmd: OBJ SAVEPACKAGE PACKAGE="/Game/Blueprints/HMDWarpChanger" FILE="F:/Unreal/GitHub/TP_BPFirstPersonRift/Content/Blueprints/HMDWarpChanger.uasset" SILENT=true
[2014.08.27-01.16.07:620][229]LogSavePackage: Save=315.886200ms
[2014.08.27-01.16.07:620][229]LogSavePackage: Moving 'F:/Unreal/GitHub/TP_BPFirstPersonRift/Saved/HMDWarpChanger8396800C41DCB6C7EF8DCABABBF6B1AE.tmp' to 'F:/Unreal/GitHub/TP_BPFirstPersonRift/Content/Blueprints/HMDWarpChanger.uasset'
[2014.08.27-01.16.07:635][229]Cmd: OBJ SAVEPACKAGE PACKAGE="/Game/Blueprints/ScreenPercentageChanger" FILE="F:/Unreal/GitHub/TP_BPFirstPersonRift/Content/Blueprints/ScreenPercentageChanger.uasset" SILENT=true
[2014.08.27-01.16.07:958][229]LogSavePackage: Save=320.805450ms
[2014.08.27-01.16.07:958][229]LogSavePackage: Moving 'F:/Unreal/GitHub/TP_BPFirstPersonRift/Saved/ScreenPercentageChanger0D20CEBC4CD1F2DB4879D9AB178CCEB1.tmp' to 'F:/Unreal/GitHub/TP_BPFirstPersonRift/Content/Blueprints/ScreenPercentageChanger.uasset'
[2014.08.27-01.16.07:964][229]LogActorComponent: UnregisterComponent: (/Engine/Transient.CharacterMovementComponent_1) Not registered. Aborting.
[2014.08.27-01.16.08:004][229]Cmd: OBJ SAVEPACKAGE PACKAGE="/Game/Maps/Example_Map" FILE="F:/Unreal/GitHub/TP_BPFirstPersonRift/Saved/Autosaves/Game/Maps/UEDPCExample_Map.umap" SILENT=true AUTOSAVING=true KEEPDIRTY=true
[2014.08.27-01.16.08:161][229]LogSavePackage: Save=149.799881ms
[2014.08.27-01.16.08:161][229]LogSavePackage: Moving 'F:/Unreal/GitHub/TP_BPFirstPersonRift/Saved/UEDPCExample_Map0A234C864B7292D218DD7B90CD8A3418.tmp' to 'F:/Unreal/GitHub/TP_BPFirstPersonRift/Saved/Autosaves/Game/Maps/UEDPCExample_Map.umap'
[2014.08.27-01.17.02:579][254]Cmd: OBJ SAVEPACKAGE PACKAGE="/Game/Blueprints/VRPlayerController" FILE="F:/Unreal/GitHub/TP_BPFirstPersonRift/Content/Blueprints/VRPlayerController.uasset" SILENT=true
[2014.08.27-01.17.02:708][254]LogSavePackage: Save=117.885643ms
[2014.08.27-01.17.02:708][254]LogSavePackage: Moving 'F:/Unreal/GitHub/TP_BPFirstPersonRift/Saved/VRPlayerController347AF5AF41B7E1D0B8D8C3AD924E2538.tmp' to 'F:/Unreal/GitHub/TP_BPFirstPersonRift/Content/Blueprints/VRPlayerController.uasset'
[2014.08.27-01.17.03:097][271]BlueprintLog: New page: Compile VRPlayerController
[2014.08.27-01.17.03:368][271]BlueprintEditorCompileResults: Info [0152.50] Compile of VRPlayerController successful! [in 32 ms]
[2014.08.27-01.17.32:797][670]Cmd: OBJ SAVEPACKAGE PACKAGE="/Game/Maps/Example_Map" FILE="F:/Unreal/GitHub/TP_BPFirstPersonRift/Content/Maps/Example_Map.umap" SILENT=true AUTOSAVING=false KEEPDIRTY=false
[2014.08.27-01.17.32:968][670]LogSavePackage: Save=143.821136ms
[2014.08.27-01.17.32:968][670]LogSavePackage: Moving 'F:/Unreal/GitHub/TP_BPFirstPersonRift/Saved/Example_Map39B4A1B64F79C0A4F2CC2DA8B3DECE8F.tmp' to 'F:/Unreal/GitHub/TP_BPFirstPersonRift/Content/Maps/Example_Map.umap'
[2014.08.27-01.17.32:988][670]LogFileHelpers: Saving map 'Example_Map' took 0.276
[2014.08.27-01.17.32:990][670]Cmd: OBJ SAVEPACKAGE PACKAGE="/Game/Blueprints/HMDWarpChanger" FILE="F:/Unreal/GitHub/TP_BPFirstPersonRift/Content/Blueprints/HMDWarpChanger.uasset" SILENT=true
[2014.08.27-01.17.33:007][670]LogSavePackage: Save=14.870343ms
[2014.08.27-01.17.33:007][670]LogSavePackage: Moving 'F:/Unreal/GitHub/TP_BPFirstPersonRift/Saved/HMDWarpChangerEA0793A84EC28A22C2BFC1ACA7956E72.tmp' to 'F:/Unreal/GitHub/TP_BPFirstPersonRift/Content/Blueprints/HMDWarpChanger.uasset'
[2014.08.27-01.17.33:011][670]Cmd: OBJ SAVEPACKAGE PACKAGE="/Game/Blueprints/ContextMenu" FILE="F:/Unreal/GitHub/TP_BPFirstPersonRift/Content/Blueprints/ContextMenu.uasset" SILENT=true
[2014.08.27-01.17.33:177][670]LogSavePackage: Save=164.518326ms
[2014.08.27-01.17.33:177][670]LogSavePackage: Moving 'F:/Unreal/GitHub/TP_BPFirstPersonRift/Saved/ContextMenu3E9E9CB24B140F4DAE53E5B19F28B6C8.tmp' to 'F:/Unreal/GitHub/TP_BPFirstPersonRift/Content/Blueprints/ContextMenu.uasset'
[2014.08.27-01.17.33:181][670]Cmd: OBJ SAVEPACKAGE PACKAGE="/Game/Blueprints/ExplorationCharacter" FILE="F:/Unreal/GitHub/TP_BPFirstPersonRift/Content/Blueprints/ExplorationCharacter.uasset" SILENT=true
[2014.08.27-01.17.33:236][670]LogSavePackage: Save=53.835163ms
[2014.08.27-01.17.33:236][670]LogSavePackage: Moving 'F:/Unreal/GitHub/TP_BPFirstPersonRift/Saved/ExplorationCharacter8AEC115D42D01E73155E0FAE826EE1DC.tmp' to 'F:/Unreal/GitHub/TP_BPFirstPersonRift/Content/Blueprints/ExplorationCharacter.uasset'
[2014.08.27-01.17.33:241][670]Cmd: OBJ SAVEPACKAGE PACKAGE="/Game/Blueprints/ScreenPercentageChanger" FILE="F:/Unreal/GitHub/TP_BPFirstPersonRift/Content/Blueprints/ScreenPercentageChanger.uasset" SILENT=true
[2014.08.27-01.17.33:257][670]LogSavePackage: Save=14.655099ms
[2014.08.27-01.17.33:257][670]LogSavePackage: Moving 'F:/Unreal/GitHub/TP_BPFirstPersonRift/Saved/ScreenPercentageChanger72A8E1E24E330F963DF5118D50E45804.tmp' to 'F:/Unreal/GitHub/TP_BPFirstPersonRift/Content/Blueprints/ScreenPercentageChanger.uasset'
[2014.08.27-01.17.45:364][613]LogParticles: Destroying 0 GPU particle simulations for FXSystem 0x000000D76E49D800
[2014.08.27-01.17.45:629][614]Cmd: QUIT_EDITOR
[2014.08.27-01.17.45:836][614]LogWindowsTextInputMethodSystem:Error: Terminating failed while unadvising the language notification sink from the TSF source.
[2014.08.27-01.17.45:837][614]LogExit: Preparing to exit.
[2014.08.27-01.17.46:759][614]LogExit: Editor shut down
[2014.08.27-01.17.46:759][614]LogExit: Transaction tracking system shut down
[2014.08.27-01.17.46:761][614]LogParticles: Destroying 0 GPU particle simulations for FXSystem 0x000000D77AF26D40
[2014.08.27-01.17.46:761][614]LogParticles: Destroying 0 GPU particle simulations for FXSystem 0x000000D77C2536A0
[2014.08.27-01.17.46:761][614]LogParticles: Destroying 0 GPU particle simulations for FXSystem 0x000000D77C253920
[2014.08.27-01.17.46:761][614]LogParticles: Destroying 0 GPU particle simulations for FXSystem 0x000000D77C253600
[2014.08.27-01.17.46:784][614]LogParticles: Destroying 0 GPU particle simulations for FXSystem 0x000000D77BF8BEC0
[2014.08.27-01.17.46:784][614]LogParticles: Destroying 0 GPU particle simulations for FXSystem 0x000000D77BF8BB00
[2014.08.27-01.17.46:784][614]LogExit: Object subsystem successfully closed.
[2014.08.27-01.17.46:821][614]LogModuleManager: Shutting down and abandoning module AndroidDeviceDetection (161)
[2014.08.27-01.17.46:821][614]LogModuleManager: Shutting down and abandoning module HTTP (160)
[2014.08.27-01.17.46:821][614]LogModuleManager: Shutting down and abandoning module CrashTracker (159)
[2014.08.27-01.17.46:821][614]LogModuleManager: Shutting down and abandoning module SuperSearch (158)
[2014.08.27-01.17.46:821][614]LogModuleManager: Shutting down and abandoning module SceneOutliner (157)
[2014.08.27-01.17.46:821][614]LogModuleManager: Shutting down and abandoning module EditorWidgets (156)
[2014.08.27-01.17.46:821][614]LogModuleManager: Shutting down and abandoning module CollectionManager (155)
[2014.08.27-01.17.46:821][614]LogModuleManager: Shutting down and abandoning module StatsViewer (154)
[2014.08.27-01.17.46:821][614]LogModuleManager: Shutting down and abandoning module FoliageEdit (153)
[2014.08.27-01.17.46:821][614]LogModuleManager: Shutting down and abandoning module LandscapeEditor (152)
[2014.08.27-01.17.46:821][614]LogModuleManager: Shutting down and abandoning module MeshPaint (151)
[2014.08.27-01.17.46:821][614]LogModuleManager: Shutting down and abandoning module ActorPickerMode (150)
[2014.08.27-01.17.46:821][614]LogModuleManager: Shutting down and abandoning module GeometryMode (149)
[2014.08.27-01.17.46:821][614]LogModuleManager: Shutting down and abandoning module TextureAlignMode (148)
[2014.08.27-01.17.46:821][614]LogModuleManager: Shutting down and abandoning module BspMode (147)
[2014.08.27-01.17.46:821][614]LogModuleManager: Shutting down and abandoning module PlacementMode (146)
[2014.08.27-01.17.46:821][614]LogModuleManager: Shutting down and abandoning module DesktopPlatform (145)
[2014.08.27-01.17.46:821][614]LogModuleManager: Shutting down and abandoning module AutomationWorker (144)
[2014.08.27-01.17.46:821][614]LogModuleManager: Shutting down and abandoning module EditorLiveStreaming (143)
[2014.08.27-01.17.46:821][614]LogModuleManager: Shutting down and abandoning module BehaviorTreeEditor (142)
[2014.08.27-01.17.46:821][614]LogModuleManager: Shutting down and abandoning module DeviceProfileEditor (141)
[2014.08.27-01.17.46:821][614]LogModuleManager: Shutting down and abandoning module UndoHistory (140)
[2014.08.27-01.17.46:821][614]LogModuleManager: Shutting down and abandoning module GameplayTagsEditor (139)
[2014.08.27-01.17.46:821][614]LogModuleManager: Shutting down and abandoning module UserFeedback (138)
[2014.08.27-01.17.46:821][614]LogModuleManager: Shutting down and abandoning module XmlParser (137)
[2014.08.27-01.17.46:821][614]LogModuleManager: Shutting down and abandoning module Blutility (136)
[2014.08.27-01.17.46:821][614]LogModuleManager: Shutting down and abandoning module IOSPlatformEditor (135)
[2014.08.27-01.17.46:821][614]LogModuleManager: Shutting down and abandoning module IOSRuntimeSettings (134)
[2014.08.27-01.17.46:821][614]LogModuleManager: Shutting down and abandoning module AndroidPlatformEditor (133)
[2014.08.27-01.17.46:821][614]LogModuleManager: Shutting down and abandoning module AndroidRuntimeSettings (132)
[2014.08.27-01.17.46:821][614]LogModuleManager: Shutting down and abandoning module ProjectTargetPlatformEditor (131)
[2014.08.27-01.17.46:821][614]LogModuleManager: Shutting down and abandoning module ProjectSettingsViewer (130)
[2014.08.27-01.17.46:821][614]LogModuleManager: Shutting down and abandoning module InputBindingEditor (129)
[2014.08.27-01.17.46:821][614]LogModuleManager: Shutting down and abandoning module EditorSettingsViewer (128)
[2014.08.27-01.17.46:821][614]LogModuleManager: Shutting down and abandoning module SettingsEditor (127)
[2014.08.27-01.17.46:821][614]LogModuleManager: Shutting down and abandoning module SessionLauncher (126)
[2014.08.27-01.17.46:821][614]LogModuleManager: Shutting down and abandoning module SessionFrontend (125)
[2014.08.27-01.17.46:821][614]LogModuleManager: Shutting down and abandoning module ProfilerClient (124)
[2014.08.27-01.17.46:821][614]LogModuleManager: Shutting down and abandoning module TargetDeviceServices (123)
[2014.08.27-01.17.46:821][614]LogModuleManager: Shutting down and abandoning module DeviceManager (122)
[2014.08.27-01.17.46:821][614]LogModuleManager: Shutting down and abandoning module AutomationController (121)
[2014.08.27-01.17.46:821][614]LogModuleManager: Shutting down and abandoning module AutomationWindow (120)
[2014.08.27-01.17.46:821][614]LogModuleManager: Shutting down and abandoning module Layers (119)
[2014.08.27-01.17.46:821][614]LogModuleManager: Shutting down and abandoning module ComponentVisualizers (118)
[2014.08.27-01.17.46:821][614]LogModuleManager: Shutting down and abandoning module DetailCustomizations (117)
[2014.08.27-01.17.46:821][614]LogModuleManager: Shutting down and abandoning module PackagesDialog (116)
[2014.08.27-01.17.46:821][614]LogModuleManager: Shutting down and abandoning module DirectoryWatcher (115)
[2014.08.27-01.17.46:822][614]LogModuleManager: Shutting down and abandoning module AssetRegistry (114)
[2014.08.27-01.17.46:896][614]LogModuleManager: Shutting down and abandoning module Persona (113)
[2014.08.27-01.17.46:896][614]LogModuleManager: Shutting down and abandoning module GraphEditor (112)
[2014.08.27-01.17.46:896][614]LogModuleManager: Shutting down and abandoning module ClassViewer (111)
[2014.08.27-01.17.46:896][614]LogModuleManager: Shutting down and abandoning module Toolbox (110)
[2014.08.27-01.17.46:896][614]LogModuleManager: Shutting down and abandoning module ModuleUI (109)
[2014.08.27-01.17.46:896][614]LogModuleManager: Shutting down and abandoning module Sequencer (108)
[2014.08.27-01.17.46:896][614]LogModuleManager: Shutting down and abandoning module MovieSceneTools (107)
[2014.08.27-01.17.46:896][614]LogModuleManager: Shutting down and abandoning module OutputLog (106)
[2014.08.27-01.17.46:896][614]LogModuleManager: Shutting down and abandoning module GammaUI (105)
[2014.08.27-01.17.46:896][614]LogModuleManager: Shutting down and abandoning module Documentation (104)
[2014.08.27-01.17.46:896][614]LogModuleManager: Shutting down and abandoning module GameLiveStreaming (103)
[2014.08.27-01.17.46:896][614]LogModuleManager: Shutting down and abandoning module StreamingPauseRendering (102)
[2014.08.27-01.17.46:896][614]LogModuleManager: Shutting down and abandoning module AnalyticsET (101)
[2014.08.27-01.17.46:896][614]LogModuleManager: Shutting down and abandoning module Analytics (100)
[2014.08.27-01.17.46:896][614]LogModuleManager: Shutting down and abandoning module GameplayDebugger (99)
[2014.08.27-01.17.46:896][614]LogModuleManager: Shutting down and abandoning module AIModule (98)
[2014.08.27-01.17.46:896][614]LogModuleManager: Shutting down and abandoning module ProfilerService (97)
[2014.08.27-01.17.47:117][614]LogModuleManager: Shutting down and abandoning module TaskGraph (96)
[2014.08.27-01.17.47:117][614]LogModuleManager: Shutting down and abandoning module SlateRemote (95)
[2014.08.27-01.17.47:117][614]LogModuleManager: Shutting down and abandoning module ScriptEditorPlugin (94)
[2014.08.27-01.17.47:117][614]LogModuleManager: Shutting down and abandoning module CustomMeshComponent (93)
[2014.08.27-01.17.47:117][614]LogModuleManager: Shutting down and abandoning module CableComponent (92)
[2014.08.27-01.17.47:117][614]LogModuleManager: Shutting down and abandoning module MessagingDebugger (91)
[2014.08.27-01.17.47:117][614]LogModuleManager: Shutting down and abandoning module ViewportSnapping (90)
[2014.08.27-01.17.47:117][614]LogModuleManager: Shutting down and abandoning module SmartSnapping (89)
[2014.08.27-01.17.47:117][614]LogModuleManager: Shutting down and abandoning module PaperTiledImporter (88)
[2014.08.27-01.17.47:117][614]LogModuleManager: Shutting down and abandoning module PaperJsonImporter (87)
[2014.08.27-01.17.47:117][614]LogModuleManager: Shutting down and abandoning module GameProjectGeneration (86)
[2014.08.27-01.17.47:117][614]LogModuleManager: Shutting down and abandoning module Matinee (85)
[2014.08.27-01.17.47:117][614]LogModuleManager: Shutting down and abandoning module Kismet (84)
[2014.08.27-01.17.47:117][614]LogModuleManager: Shutting down and abandoning module SlateReflector (83)
[2014.08.27-01.17.47:117][614]LogModuleManager: Shutting down and abandoning module LevelEditor (82)
[2014.08.27-01.17.47:118][614]LogModuleManager: Shutting down and abandoning module IntroTutorials (81)
[2014.08.27-01.17.47:118][614]LogModuleManager: Shutting down and abandoning module ContentBrowser (80)
[2014.08.27-01.17.47:118][614]LogModuleManager: Shutting down and abandoning module PropertyEditor (79)
[2014.08.27-01.17.47:118][614]LogModuleManager: Shutting down and abandoning module AssetTools (78)
[2014.08.27-01.17.47:118][614]LogModuleManager: Shutting down and abandoning module Paper2DEditor (77)
[2014.08.27-01.17.47:118][614]LogModuleManager: Shutting down and abandoning module SpeedTreeImporter (76)
[2014.08.27-01.17.47:118][614]LogModuleManager: Shutting down and abandoning module PluginsEditor (75)
[2014.08.27-01.17.47:118][614]LogModuleManager: Shutting down and abandoning module MainFrame (74)
[2014.08.27-01.17.47:118][614]LogModuleManager: Shutting down and abandoning module EpicSurvey (73)
[2014.08.27-01.17.47:118][614]LogModuleManager: Shutting down and abandoning module VisualStudioSourceCodeAccess (72)
[2014.08.27-01.17.47:118][614]LogModuleManager: Shutting down and abandoning module UObjectPlugin (71)
[2014.08.27-01.17.47:118][614]LogModuleManager: Shutting down and abandoning module SubversionSourceControl (70)
[2014.08.27-01.17.47:118][614]LogModuleManager: Shutting down and abandoning module SourceControl (69)
[2014.08.27-01.17.47:118][614]LogModuleManager: Shutting down and abandoning module PerforceSourceControl (68)
[2014.08.27-01.17.47:118][614]LogModuleManager: Shutting down and abandoning module BlankPlugin (67)
[2014.08.27-01.17.47:118][614]LogModuleManager: Shutting down and abandoning module ScriptPlugin (66)
[2014.08.27-01.17.47:118][614]LogModuleManager: Shutting down and abandoning module UdpMessaging (65)
[2014.08.27-01.17.47:219][614]LogModuleManager: Shutting down and abandoning module Paper2D (64)
[2014.08.27-01.17.47:219][614]LogModuleManager: Shutting down and abandoning module WindowsMoviePlayer (63)
[2014.08.27-01.17.47:221][614]LogModuleManager: Shutting down and abandoning module ImageWrapper (62)
[2014.08.27-01.17.47:221][614]LogModuleManager: Shutting down and abandoning module OnlineBlueprintSupport (61)
[2014.08.27-01.17.47:221][614]LogModuleManager: Shutting down and abandoning module FunctionalTesting (60)
[2014.08.27-01.17.47:221][614]LogModuleManager: Shutting down and abandoning module CollisionAnalyzer (59)
[2014.08.27-01.17.47:221][614]LogModuleManager: Shutting down and abandoning module WorkspaceMenuStructure (58)
[2014.08.27-01.17.47:221][614]LogModuleManager: Shutting down and abandoning module MessageLog (57)
[2014.08.27-01.17.47:221][614]LogModuleManager: Shutting down and abandoning module UMGEditor (56)
[2014.08.27-01.17.47:221][614]LogModuleManager: Shutting down and abandoning module UMG (55)
[2014.08.27-01.17.47:221][614]LogModuleManager: Shutting down and abandoning module Slate (54)
[2014.08.27-01.17.47:221][614]LogModuleManager: Shutting down and abandoning module EditorStyle (53)
[2014.08.27-01.17.47:222][614]LogModuleManager: Shutting down and abandoning module SessionServices (52)
[2014.08.27-01.17.47:222][614]LogModuleManager: Shutting down and abandoning module SourceCodeAccess (51)
[2014.08.27-01.17.47:222][614]LogModuleManager: Shutting down and abandoning module HeadMountedDisplay (50)
[2014.08.27-01.17.47:222][614]LogModuleManager: Shutting down and abandoning module XAudio2 (49)
[2014.08.27-01.17.47:222][614]LogModuleManager: Shutting down and abandoning module Networking (47)
[2014.08.27-01.17.47:223][614]LogModuleManager: Shutting down and abandoning module Core (46)
[2014.08.27-01.17.47:223][614]LogModuleManager: Shutting down and abandoning module KismetCompiler (45)
[2014.08.27-01.17.47:223][614]LogModuleManager: Shutting down and abandoning module PhysXFormats (44)
[2014.08.27-01.17.47:223][614]LogModuleManager: Shutting down and abandoning module MeshUtilities (43)
[2014.08.27-01.17.47:223][614]LogModuleManager: Shutting down and abandoning module DerivedDataCache (42)
[2014.08.27-01.17.47:301][614]LogDerivedDataCache: Shutdown
[2014.08.27-01.17.47:301][614]LogModuleManager: Shutting down and abandoning module ShaderFormatOpenGL (41)
[2014.08.27-01.17.47:301][614]LogModuleManager: Shutting down and abandoning module ShaderFormatD3D (40)
[2014.08.27-01.17.47:301][614]LogModuleManager: Shutting down and abandoning module MetalShaderFormat (39)
[2014.08.27-01.17.47:301][614]LogModuleManager: Shutting down and abandoning module TextureFormatUncompressed (38)
[2014.08.27-01.17.47:301][614]LogModuleManager: Shutting down and abandoning module TextureFormatPVR (37)
[2014.08.27-01.17.47:301][614]LogModuleManager: Shutting down and abandoning module TextureFormatDXT (36)
[2014.08.27-01.17.47:301][614]LogModuleManager: Shutting down and abandoning module TextureFormatAndroid (35)
[2014.08.27-01.17.47:301][614]LogModuleManager: Shutting down and abandoning module AudioFormatOpus (34)
[2014.08.27-01.17.47:301][614]LogModuleManager: Shutting down and abandoning module AudioFormatOgg (33)
[2014.08.27-01.17.47:301][614]LogModuleManager: Shutting down and abandoning module AudioFormatADPCM (32)
[2014.08.27-01.17.47:301][614]LogModuleManager: Shutting down and abandoning module Messaging (31)
[2014.08.27-01.17.47:301][614]LogModuleManager: Shutting down and abandoning module IOSTargetPlatform (30)
[2014.08.27-01.17.47:301][614]LogModuleManager: Shutting down and abandoning module Android_PVRTCTargetPlatform (29)
[2014.08.27-01.17.47:301][614]LogModuleManager: Shutting down and abandoning module Android_ETC2TargetPlatform (28)
[2014.08.27-01.17.47:301][614]LogModuleManager: Shutting down and abandoning module Android_ETC1TargetPlatform (27)
[2014.08.27-01.17.47:301][614]LogModuleManager: Shutting down and abandoning module Android_DXTTargetPlatform (26)
[2014.08.27-01.17.47:301][614]LogModuleManager: Shutting down and abandoning module Android_ATCTargetPlatform (25)
[2014.08.27-01.17.47:301][614]LogModuleManager: Shutting down and abandoning module AndroidTargetPlatform (24)
[2014.08.27-01.17.47:301][614]LogModuleManager: Shutting down and abandoning module WindowsTargetPlatform (23)
[2014.08.27-01.17.47:301][614]LogModuleManager: Shutting down and abandoning module WindowsServerTargetPlatform (22)
[2014.08.27-01.17.47:301][614]LogModuleManager: Shutting down and abandoning module WindowsNoEditorTargetPlatform (21)
[2014.08.27-01.17.47:301][614]LogModuleManager: Shutting down and abandoning module WindowsClientTargetPlatform (20)
[2014.08.27-01.17.47:301][614]LogModuleManager: Shutting down and abandoning module TargetPlatform (19)
[2014.08.27-01.17.47:301][614]LogModuleManager: Shutting down and abandoning module InputCore (18)
[2014.08.27-01.17.47:301][614]LogModuleManager: Shutting down and abandoning module Settings (17)
[2014.08.27-01.17.47:301][614]LogModuleManager: Shutting down and abandoning module ExampleDeviceProfileSelector (14)
[2014.08.27-01.17.47:301][614]LogModuleManager: Shutting down and abandoning module OculusRift (13)
[2014.08.27-01.17.47:301][614]LogModuleManager: Shutting down and abandoning module TextureCompressor (12)
[2014.08.27-01.17.47:301][614]LogModuleManager: Shutting down and abandoning module ShaderCore (11)
[2014.08.27-01.17.47:301][614]LogModuleManager: Shutting down and abandoning module OpenGLDrv (10)
[2014.08.27-01.17.47:301][614]LogModuleManager: Shutting down and abandoning module D3D11RHI (9)
[2014.08.27-01.17.47:301][614]LogModuleManager: Shutting down and abandoning module SlateRHIRenderer (8)
[2014.08.27-01.17.47:301][614]LogModuleManager: Shutting down and abandoning module Renderer (7)
[2014.08.27-01.17.47:301][614]LogModuleManager: Shutting down and abandoning module Engine (6)
[2014.08.27-01.17.47:301][614]LogModuleManager: Shutting down and abandoning module CoreUObject (5)
[2014.08.27-01.17.47:301][614]LogModuleManager: Shutting down and abandoning module NetworkFile (4)
[2014.08.27-01.17.47:301][614]LogModuleManager: Shutting down and abandoning module StreamingFile (3)
[2014.08.27-01.17.47:301][614]LogModuleManager: Shutting down and abandoning module SandboxFile (2)
[2014.08.27-01.17.47:301][614]LogModuleManager: Shutting down and abandoning module PakFile (1)
[2014.08.27-01.17.47:301][614]LogExit: Exiting.
[2014.08.27-01.17.47:304][614]Log file closed, 08/27/14 11:17:47
