Log file open, 08/23/14 08:54:21
LogInit:Display: Running engine for game: TP_BPFirstPersonRift
LogInit: Version: 4.4.1-2265359+++depot+UE4-Releases+4.4
LogInit: API Version: 2255576
LogInit: Compiled (64-bit): Aug 20 2014 22:16:55
LogInit: Build Configuration: Development
LogInit: Branch Name: ++depot+UE4-Releases+4.4
LogInit: Command line:  /Temp/Autosaves/Game/Maps/UEDPCExample_Map -game -PIEVIACONSOLE -ResX=1280 -ResY=720  -Multiprocess 
LogInit: Base directory: C:/Program Files/Unreal Engine/4.4/Engine/Binaries/Win64/
LogInit: Rocket: 1
[2014.08.22-22.54.21:747][  0]LogTaskGraph: Started task graph with 3 named threads and 4 total threads.
[2014.08.22-22.54.21:777][  0]LogOnline:Warning: No default platform service specified for OnlineSubsystem
[2014.08.22-22.54.21:786][  0]LogInit: Presizing for 0 objects not considered by GC, pre-allocating 0 bytes.
[2014.08.22-22.54.21:791][  0]LogInit: Object subsystem initialized
[2014.08.22-22.54.21:792][  0]LogInit: Selected Device Profile: [Windows]
[2014.08.22-22.54.21:792][  0]LogInit: Applying CVar settings loaded from the selected device profile: [Windows]
[2014.08.22-22.54.21:797][  0]LogInit: Computer: HOME
[2014.08.22-22.54.21:797][  0]LogInit: User: McCaffrey
[2014.08.22-22.54.21:798][  0]LogInit: CPU Page size=4096, Cores=4
[2014.08.22-22.54.21:798][  0]LogInit: High frequency timer resolution =3.410077 MHz
[2014.08.22-22.54.21:798][  0]LogMemory: Memory total: Physical=15.9GB (16GB approx) Virtual=131072.0GB
[2014.08.22-22.54.21:798][  0]LogMemory: Platform Memory Stats for Windows
[2014.08.22-22.54.21:798][  0]LogMemory: Process Physical Memory: 60.29 MB used, 60.29 MB peak
[2014.08.22-22.54.21:798][  0]LogMemory: Process Virtual Memory: 36.34 MB used, 36.34 MB peak
[2014.08.22-22.54.21:798][  0]LogMemory: Physical Memory: 4325.68 MB used, 16268.46 MB total
[2014.08.22-22.54.21:798][  0]LogMemory: Virtual Memory: 268.03 MB used, 134217728.00 MB total
[2014.08.22-22.54.21:855][  0]LogD3D11RHI: Found D3D11 adapter 0: NVIDIA GeForce GTX 770 (Feature Level 11_0)
[2014.08.22-22.54.21:855][  0]LogD3D11RHI: Adapter has 1985MB of dedicated video memory, 0MB of dedicated system memory, and 2048MB of shared system memory, 2 output[s]
[2014.08.22-22.54.21:876][  0]LogD3D11RHI: Found D3D11 adapter 1: Intel(R) HD Graphics 4600 (Feature Level 11_0)
[2014.08.22-22.54.21:876][  0]LogD3D11RHI: Adapter has 32MB of dedicated video memory, 0MB of dedicated system memory, and 1760MB of shared system memory, 0 output[s]
[2014.08.22-22.54.21:878][  0]LogD3D11RHI: Found D3D11 adapter 2: Microsoft Basic Render Driver (Feature Level 11_0)
[2014.08.22-22.54.21:878][  0]LogD3D11RHI: Adapter has 0MB of dedicated video memory, 0MB of dedicated system memory, and 256MB of shared system memory, 0 output[s]
[2014.08.22-22.54.21:878][  0]LogD3D11RHI: Chosen D3D11 Adapter Id = 0
[2014.08.22-22.54.21:897][  0]LogRHI: Texture pool is 1361 MB (70% of 1945 MB)
[2014.08.22-22.54.21:923][  0]LogD3D11RHI: Async texture creation enabled
[2014.08.22-22.54.22:020][  0]LogContentStreaming: Texture pool size is 1000.000000MB
[2014.08.22-22.54.23:165][  0]LogTargetPlatformManager:Display: Building Assets For Windows
[2014.08.22-22.54.23:526][  0]LogTargetPlatformManager:Display: Building Assets For Windows
[2014.08.22-22.54.23:563][  0]LogDerivedDataCache:Display: Max Cache Size: 512 MB
[2014.08.22-22.54.23:597][  0]LogDerivedDataCache: Loaded boot cache 0.03s 39MB C:/Users/McCaffrey/AppData/Local/UnrealEngine/4.4/DerivedDataCache/Boot.ddc.
[2014.08.22-22.54.23:597][  0]LogDerivedDataCache:Display: Loaded Boot cache: C:/Users/McCaffrey/AppData/Local/UnrealEngine/4.4/DerivedDataCache/Boot.ddc
[2014.08.22-22.54.23:597][  0]LogDerivedDataCache: FDerivedDataBackendGraph:  Pak pak cache file F:/Unreal/GitHub/TP_BPFirstPersonRift/DerivedDataCache/DDC.ddp not found, will not use a pak cache.
[2014.08.22-22.54.23:597][  0]LogDerivedDataCache: Unable to find inner node Pak for hierarchical cache Hierarchy.
[2014.08.22-22.54.23:610][  0]LogDerivedDataCache:Display: Pak cache opened for reading ../../../Engine/DerivedDataCache/DDC.ddp.
[2014.08.22-22.54.23:622][  0]LogDerivedDataCache: Using Local data cache path C:/Users/McCaffrey/AppData/Local/UnrealEngine/4.4/DerivedDataCache: Writable
[2014.08.22-22.54.23:752][  0]LogMeshUtilities: No automatic mesh reduction module available
[2014.08.22-22.54.23:752][  0]LogMeshUtilities: No automatic mesh merging module available
[2014.08.22-22.54.24:033][  0]LogInit: WinSock: version 1.1 (2.2), MaxSocks=32767, MaxUdp=65467
[2014.08.22-22.54.24:738][  0]LogWindowsMoviePlayer: Unable to load movie: F:/Unreal/GitHub/TP_BPFirstPersonRift/Content/Movies/Default_Startup.mp4
[2014.08.22-22.54.24:843][  0]LogStats:Warning: MetaData mismatch. Did you assign a stat to two groups? New //STATGROUP_Threads//FMonitoredProcess///Thread_2030_0///////STATCAT_Advanced//// old //STATGROUP_Threads//FMonitoredProcess///Thread_11ec_0///////STATCAT_Advanced////
[2014.08.22-22.54.24:843][  0]SourceControl: Info Source control is disabled
[2014.08.22-22.54.24:843][  0]SourceControl: Info Source control is disabled
[2014.08.22-22.54.24:849][  0]SourceControl: Info Source control is disabled
[2014.08.22-22.54.24:889][  0]LogObj: 20996 objects as part of root set at end of initial load.
[2014.08.22-22.54.24:889][  0]LogUObjectAllocator: 3965960 out of 0 bytes used by permanent object pool.
[2014.08.22-22.54.25:082][  0]LogAutomationTest:Warning: ERR: Transient text cannot be serialized "Testing Transient serialization detection".
[2014.08.22-22.54.25:083][  0]LogEngine: Initializing Engine...
[2014.08.22-22.54.25:083][  0]LogHMD:Warning: HMD Oculus Rift DK2, Monitor , res = 1920 x 1080, windowPos = {0, 0}
[2014.08.22-22.54.25:083][  0]LogHMD: Oculus initialized.
[2014.08.22-22.54.25:164][  0]LogInit: XAudio2 using 'Speakers (Realtek High Definition Audio)' : 2 channels at 48 kHz using 32 bits per sample (channel mask 0x3)
[2014.08.22-22.54.25:176][  0]LogInit: FAudioDevice initialized.
[2014.08.22-22.54.25:179][  0]LogInit: Texture streaming: Enabled
[2014.08.22-22.54.25:233][  0]LogConsoleResponse:Display: 
[2014.08.22-22.54.25:233][  0]LogNet: Browse: /Temp/Autosaves/Game/Maps/UEDPCExample_Map?Name=Player
[2014.08.22-22.54.25:233][  0]LogLoad: LoadMap: /Temp/Autosaves/Game/Maps/UEDPCExample_Map?Name=Player
[2014.08.22-22.54.25:246][  0]LogMemory: Platform Memory Stats for Windows
[2014.08.22-22.54.25:246][  0]LogMemory: Process Physical Memory: 275.05 MB used, 316.39 MB peak
[2014.08.22-22.54.25:246][  0]LogMemory: Process Virtual Memory: 232.92 MB used, 276.80 MB peak
[2014.08.22-22.54.25:246][  0]LogMemory: Physical Memory: 4518.90 MB used, 16268.46 MB total
[2014.08.22-22.54.25:246][  0]LogMemory: Virtual Memory: 667.07 MB used, 134217728.00 MB total
[2014.08.22-22.54.25:246][  0]LogMemory: 
[2014.08.22-22.54.25:246][  0]Allocator Stats for TBB: (not implemented)
[2014.08.22-22.54.26:321][  0]LogWorld: Game class is 'VRGameMode_C'
[2014.08.22-22.54.26:339][  0]LogAIModule: Creating AISystem for world Example_Map
[2014.08.22-22.54.26:342][  0]LogWorld: Bringing World /Temp/Autosaves/Game/Maps/UEDPCExample_Map.Example_Map up for play (max tick rate 0) at 2014.08.23-08.54.26
[2014.08.22-22.54.26:342][  0]LogWorld: Bringing up level for play took: 0.003557
[2014.08.22-22.54.26:347][  0]LogInit:Display: Game Engine Initialized.
[2014.08.22-22.54.26:556][  0]LogLoad: Full Startup: 5.48 seconds (BP compile: 0.64 seconds)
[2014.08.22-22.54.26:621][  2]LogRenderer:Warning: Reallocating scene render targets to support 1280x720.
[2014.08.22-22.54.29:413][409]LogWindows:Error: appError called: Rendering thread exception:
Fatal error!

Address = 0xa7e61f0  (filename not found) [in C:\Program Files\Unreal Engine\4.4\Engine\Binaries\Win64\UE4Editor-RHI.dll]
Address = 0xf72d04d4 (filename not found) [in C:\Program Files\Unreal Engine\4.4\Engine\Binaries\Win64\UE4Editor-Renderer.dll]
Address = 0xf71d7829 (filename not found) [in C:\Program Files\Unreal Engine\4.4\Engine\Binaries\Win64\UE4Editor-Renderer.dll]
Address = 0xf7086538 (filename not found) [in C:\Program Files\Unreal Engine\4.4\Engine\Binaries\Win64\UE4Editor-Renderer.dll]
Address = 0xf7200834 (filename not found) [in C:\Program Files\Unreal Engine\4.4\Engine\Binaries\Win64\UE4Editor-Renderer.dll]
Address = 0xf71d6972 (filename not found) [in C:\Program Files\Unreal Engine\4.4\Engine\Binaries\Win64\UE4Editor-Renderer.dll]
Address = 0x3c87002  (filename not found) [in C:\Program Files\Unreal Engine\4.4\Engine\Binaries\Win64\UE4Editor-Core.dll]
Address = 0x3c8718d  (filename not found) [in C:\Program Files\Unreal Engine\4.4\Engine\Binaries\Win64\UE4Editor-Core.dll]
Address = 0xb18c353  (filename not found) [in C:\Program Files\Unreal Engine\4.4\Engine\Binaries\Win64\UE4Editor-RenderCore.dll]
Address = 0xb18c7e9  (filename not found) [in C:\Program Files\Unreal Engine\4.4\Engine\Binaries\Win64\UE4Editor-RenderCore.dll]
Address = 0x3ec2ca6  (filename not found) [in C:\Program Files\Unreal Engine\4.4\Engine\Binaries\Win64\UE4Editor-Core.dll]
Address = 0x3ebc26d  (filename not found) [in C:\Program Files\Unreal Engine\4.4\Engine\Binaries\Win64\UE4Editor-Core.dll]
Address = 0x1a7516ad (filename not found) [in C:\WINDOWS\system32\KERNEL32.DLL]
Address = 0x1d7934a5 (filename not found) [in C:\WINDOWS\SYSTEM32\ntdll.dll]
Address = 0x1d7934a5 (filename not found) [in C:\WINDOWS\SYSTEM32\ntdll.dll]

[2014.08.22-22.54.29:413][409]LogWindows:Error: Windows GetLastError: The operation completed successfully. (0)
[2014.08.22-22.54.29:413][409]LogWindows: === Critical error: ===
Unhandled Exception: EXCEPTION_ACCESS_VIOLATION reading address 0x00000040

[2014.08.22-22.54.29:413][409]LogWindows: Rendering thread exception:
Fatal error!

Address = 0xa7e61f0  (filename not found) [in C:\Program Files\Unreal Engine\4.4\Engine\Binaries\Win64\UE4Editor-RHI.dll]
Address = 0xf72d04d4 (filename not found) [in C:\Program Files\Unreal Engine\4.4\Engine\Binaries\Win64\UE4Editor-Renderer.dll]
Address = 0xf71d7829 (filename not found) [in C:\Program Files\Unreal Engine\4.4\Engine\Binaries\Win64\UE4Editor-Renderer.dll]
Address = 0xf7086538 (filename not found) [in C:\Program Files\Unreal Engine\4.4\Engine\Binaries\Win64\UE4Editor-Renderer.dll]
Address = 0xf7200834 (filename not found) [in C:\Program Files\Unreal Engine\4.4\Engine\Binaries\Win64\UE4Editor-Renderer.dll]
Address = 0xf71d6972 (filename not found) [in C:\Program Files\Unreal Engine\4.4\Engine\Binaries\Win64\UE4Editor-Renderer.dll]
Address = 0x3c87002  (filename not found) [in C:\Program Files\Unreal Engine\4.4\Engine\Binaries\Win64\UE4Editor-Core.dll]
Address = 0x3c8718d  (filename not found) [in C:\Program Files\Unreal Engine\4.4\Engine\Binaries\Win64\UE4Editor-Core.dll]
Address = 0xb18c353  (filename not found) [in C:\Program Files\Unreal Engine\4.4\Engine\Binaries\Win64\UE4Editor-RenderCore.dll]
Address = 0xb18c7e9  (filename not found) [in C:\Program Files\Unreal Engine\4.4\Engine\Binaries\Win64\UE4Editor-RenderCore.dll]
Address = 0x3ec2ca6  (filename not found) [in C:\Program Files\Unreal Engine\4.4\Engine\Binaries\Win64\UE4Editor-Core.dll]
Address = 0x3ebc26d  (filename not found) [in C:\Program Files\Unreal Engine\4.4\Engine\Binaries\Win64\UE4Editor-Core.dll]
Address = 0x1a7516ad (filename not found) [in C:\WINDOWS\system32\KERNEL32.DLL]
Address = 0x1d7934a5 (filename not found) [in C:\WINDOWS\SYSTEM32\ntdll.dll]
Address = 0x1d7934a5 (filename not found) [in C:\WINDOWS\SYSTEM32\ntdll.dll]



[2014.08.22-22.54.29:413][409]LogExit: Executing StaticShutdownAfterError
[2014.08.22-22.54.29:437][409]LogWindows: FPlatformMisc::RequestExit(1)
[2014.08.22-22.54.29:437][409]Log file closed, 08/23/14 08:54:29
