Log file open, 08/27/14 11:08:30
LogInit:Display: Running engine for game: TP_BPFirstPersonRift
LogInit: Version: 4.4.1-2270799+++depot+UE4-Releases+4.4
LogInit: API Version: 2255576
LogInit: Compiled (64-bit): Aug 25 2014 14:19:12
LogInit: Build Configuration: Development
LogInit: Branch Name: ++depot+UE4-Releases+4.4
LogInit: Command line:  
LogInit: Base directory: C:/Program Files/Unreal Engine/4.4/Engine/Binaries/Win64/
LogInit: Rocket: 1
[2014.08.27-01.08.30:737][  0]LogTaskGraph: Started task graph with 3 named threads and 4 total threads.
[2014.08.27-01.08.30:767][  0]LogOnline:Warning: No default platform service specified for OnlineSubsystem
[2014.08.27-01.08.30:776][  0]LogInit: Presizing for 0 objects not considered by GC, pre-allocating 0 bytes.
[2014.08.27-01.08.30:782][  0]LogInit: Object subsystem initialized
[2014.08.27-01.08.30:784][  0]LogInit: Selected Device Profile: [Windows]
[2014.08.27-01.08.30:784][  0]LogInit: Applying CVar settings loaded from the selected device profile: [Windows]
[2014.08.27-01.08.30:803][  0]LogInit: Computer: HOME
[2014.08.27-01.08.30:803][  0]LogInit: User: McCaffrey
[2014.08.27-01.08.30:804][  0]LogInit: CPU Page size=4096, Cores=4
[2014.08.27-01.08.30:804][  0]LogInit: High frequency timer resolution =3.410076 MHz
[2014.08.27-01.08.30:804][  0]LogMemory: Memory total: Physical=15.9GB (16GB approx) Virtual=131072.0GB
[2014.08.27-01.08.30:804][  0]LogMemory: Platform Memory Stats for Windows
[2014.08.27-01.08.30:804][  0]LogMemory: Process Physical Memory: 60.29 MB used, 60.29 MB peak
[2014.08.27-01.08.30:804][  0]LogMemory: Process Virtual Memory: 36.30 MB used, 39.47 MB peak
[2014.08.27-01.08.30:804][  0]LogMemory: Physical Memory: 3207.02 MB used, 16268.46 MB total
[2014.08.27-01.08.30:804][  0]LogMemory: Virtual Memory: 268.03 MB used, 134217728.00 MB total
[2014.08.27-01.08.30:859][  0]LogD3D11RHI: Found D3D11 adapter 0: NVIDIA GeForce GTX 770 (Feature Level 11_0)
[2014.08.27-01.08.30:859][  0]LogD3D11RHI: Adapter has 1985MB of dedicated video memory, 0MB of dedicated system memory, and 2048MB of shared system memory, 2 output[s]
[2014.08.27-01.08.30:880][  0]LogD3D11RHI: Found D3D11 adapter 1: Intel(R) HD Graphics 4600 (Feature Level 11_0)
[2014.08.27-01.08.30:880][  0]LogD3D11RHI: Adapter has 32MB of dedicated video memory, 0MB of dedicated system memory, and 1760MB of shared system memory, 0 output[s]
[2014.08.27-01.08.30:883][  0]LogD3D11RHI: Found D3D11 adapter 2: Microsoft Basic Render Driver (Feature Level 11_0)
[2014.08.27-01.08.30:883][  0]LogD3D11RHI: Adapter has 0MB of dedicated video memory, 0MB of dedicated system memory, and 256MB of shared system memory, 0 output[s]
[2014.08.27-01.08.30:883][  0]LogD3D11RHI: Chosen D3D11 Adapter Id = 0
[2014.08.27-01.08.30:901][  0]LogRHI: Texture pool is 1361 MB (70% of 1945 MB)
[2014.08.27-01.08.30:925][  0]LogD3D11RHI: Async texture creation enabled
[2014.08.27-01.08.31:017][  0]LogContentStreaming: Texture pool size is 0.000000MB
[2014.08.27-01.08.32:541][  0]LogTargetPlatformManager:Display: Building Assets For Windows
[2014.08.27-01.08.32:860][  0]LogTargetPlatformManager:Display: Building Assets For Windows
[2014.08.27-01.08.32:894][  0]LogDerivedDataCache:Display: Max Cache Size: 512 MB
[2014.08.27-01.08.32:924][  0]LogDerivedDataCache: Loaded boot cache 0.03s 39MB C:/Users/McCaffrey/AppData/Local/UnrealEngine/4.4/DerivedDataCache/Boot.ddc.
[2014.08.27-01.08.32:924][  0]LogDerivedDataCache:Display: Loaded Boot cache: C:/Users/McCaffrey/AppData/Local/UnrealEngine/4.4/DerivedDataCache/Boot.ddc
[2014.08.27-01.08.32:924][  0]LogDerivedDataCache: FDerivedDataBackendGraph:  Pak pak cache file F:/Unreal/GitHub/TP_BPFirstPersonRift/DerivedDataCache/DDC.ddp not found, will not use a pak cache.
[2014.08.27-01.08.32:924][  0]LogDerivedDataCache: Unable to find inner node Pak for hierarchical cache Hierarchy.
[2014.08.27-01.08.32:936][  0]LogDerivedDataCache:Display: Pak cache opened for reading ../../../Engine/DerivedDataCache/DDC.ddp.
[2014.08.27-01.08.32:949][  0]LogDerivedDataCache: Using Local data cache path C:/Users/McCaffrey/AppData/Local/UnrealEngine/4.4/DerivedDataCache: Writable
[2014.08.27-01.08.33:074][  0]LogMeshUtilities: No automatic mesh reduction module available
[2014.08.27-01.08.33:074][  0]LogMeshUtilities: No automatic mesh merging module available
[2014.08.27-01.08.33:394][  0]LogInit: WinSock: version 1.1 (2.2), MaxSocks=32767, MaxUdp=65467
[2014.08.27-01.08.34:022][  0]LogStats:Warning: MetaData mismatch. Did you assign a stat to two groups? New //STATGROUP_Threads//FMonitoredProcess///Thread_2a04_0///////STATCAT_Advanced//// old //STATGROUP_Threads//FMonitoredProcess///Thread_212c_0///////STATCAT_Advanced////
[2014.08.27-01.08.34:022][  0]UdpMessaging: Initializing bridge on interface 0.0.0.0:0 to multicast group 230.0.0.1:6666.
[2014.08.27-01.08.34:125][  0]SourceControl: Info Source control is disabled
[2014.08.27-01.08.34:126][  0]SourceControl: Info Source control is disabled
[2014.08.27-01.08.34:132][  0]SourceControl: Info Source control is disabled
[2014.08.27-01.08.34:269][  0]BlueprintLog: New page: Editor Load
[2014.08.27-01.08.34:349][  0]LogObj: 21438 objects as part of root set at end of initial load.
[2014.08.27-01.08.34:349][  0]LogUObjectAllocator: 4218656 out of 0 bytes used by permanent object pool.
[2014.08.27-01.08.34:508][  0]LogEngine: Initializing Engine...
[2014.08.27-01.08.34:585][  0]LogInit: XAudio2 using 'Speakers (Realtek High Definition Audio)' : 2 channels at 48 kHz using 32 bits per sample (channel mask 0x3)
[2014.08.27-01.08.34:602][  0]LogInit: FAudioDevice initialized.
[2014.08.27-01.08.34:617][  0]LogAIModule: Creating AISystem for world NewWorld
[2014.08.27-01.08.34:635][  0]LogDerivedDataCache: Saved boot cache 0.02s 39MB C:/Users/McCaffrey/AppData/Local/UnrealEngine/4.4/DerivedDataCache/Boot.ddc.
[2014.08.27-01.08.34:637][  0]LogInit: Texture streaming: Enabled
[2014.08.27-01.08.34:672][  0]LogInit: Transaction tracking system initialized
[2014.08.27-01.08.34:773][  0]LogAssetRegistry: FAssetRegistry took 0.0107 seconds to start up
[2014.08.27-01.08.35:202][  0]LogTargetPlatformManager:Display: Building Assets For Windows
[2014.08.27-01.08.35:445][  0]LogTargetPlatformManager:Display: Building Assets For Windows
[2014.08.27-01.08.35:550][  0]LogConsoleResponse:Display: 
[2014.08.27-01.08.35:697][  0]LogStats:Warning: MetaData mismatch. Did you assign a stat to two groups? New //STATGROUP_Threads//FMonitoredProcess///Thread_1530_0///////STATCAT_Advanced//// old //STATGROUP_Threads//FMonitoredProcess///Thread_212c_0///////STATCAT_Advanced////
[2014.08.27-01.08.35:697][  0]LogStats:Warning: MetaData mismatch. Did you assign a stat to two groups? New //STATGROUP_Threads//FMonitoredProcess///Thread_2870_0///////STATCAT_Advanced//// old //STATGROUP_Threads//FMonitoredProcess///Thread_212c_0///////STATCAT_Advanced////
[2014.08.27-01.08.35:697][  0]SourceControl: Info Source control is disabled
[2014.08.27-01.08.35:697][  0]Cmd: MAP LOAD FILE="F:/Unreal/GitHub/TP_BPFirstPersonRift/Content/Maps/Example_Map.umap" TEMPLATE=0 SHOWPROGRESS=1
[2014.08.27-01.08.35:721][  0]LightingResults: New page: Lighting Build
[2014.08.27-01.08.35:728][  0]MapCheck: New page: Map Check
[2014.08.27-01.08.35:728][  0]LightingResults: New page: Lighting Build
[2014.08.27-01.08.35:738][  0]LogParticles: Destroying 0 GPU particle simulations for FXSystem 0x0000005CE1055300
[2014.08.27-01.08.37:872][  0]LogEditorServer: Finished looking for orphan Actors (0.000 secs)
[2014.08.27-01.08.37:872][  0]LogAIModule: Creating AISystem for world Example_Map
[2014.08.27-01.08.37:872][  0]Cmd: MAP CHECKDEP
[2014.08.27-01.08.37:872][  0]MapCheck: New page: Example_Map - 27 Aug 2014 9:08:37 pm
[2014.08.27-01.08.37:953][  0]MapCheck: Info ========== Map Check: 0 Error(s), 0 Warning(s), [80.248ms] ==========
[2014.08.27-01.08.37:953][  0]LogFileHelpers: Loading map 'Example_Map' took 2.255
[2014.08.27-01.08.38:064][  0]LogCollectionManager: Loaded 0 collections in 0.000821 seconds
[2014.08.27-01.08.38:200][  0]LogCrashTracker: Crashtracker disabled due to settings.
[2014.08.27-01.08.38:250][  0]LogLoad: Full Startup: 9.00 seconds (BP compile: 0.58 seconds)
[2014.08.27-01.08.38:266][  0]LogContentBrowser:Verbose: The content browser source was changed by the sources view to '/Game/Character'
[2014.08.27-01.08.38:357][  0]LogRenderer:Warning: Reallocating scene render targets to support 32x32.
[2014.08.27-01.08.38:435][  0]LogRenderer:Warning: Reallocating scene render targets to support 1320x1256.
[2014.08.27-01.08.38:526][  1]LogAssetRegistry: Asset discovery search completed in 3.7641 seconds
[2014.08.27-01.10.31:501][111]Cmd: QUIT_EDITOR
[2014.08.27-01.10.31:701][111]LogWindowsTextInputMethodSystem:Error: Terminating failed while unadvising the language notification sink from the TSF source.
[2014.08.27-01.10.31:702][111]LogExit: Preparing to exit.
[2014.08.27-01.10.32:128][111]LogExit: Editor shut down
[2014.08.27-01.10.32:128][111]LogExit: Transaction tracking system shut down
[2014.08.27-01.10.32:129][111]LogParticles: Destroying 0 GPU particle simulations for FXSystem 0x0000005CE9A76D40
[2014.08.27-01.10.32:130][111]LogParticles: Destroying 0 GPU particle simulations for FXSystem 0x0000005CF1E231A0
[2014.08.27-01.10.32:130][111]LogParticles: Destroying 0 GPU particle simulations for FXSystem 0x0000005CF1E23100
[2014.08.27-01.10.32:151][111]LogParticles: Destroying 0 GPU particle simulations for FXSystem 0x0000005CF1E22DE0
[2014.08.27-01.10.32:151][111]LogParticles: Destroying 0 GPU particle simulations for FXSystem 0x0000005CEA7DBEC0
[2014.08.27-01.10.32:151][111]LogParticles: Destroying 0 GPU particle simulations for FXSystem 0x0000005CEA7DBB00
[2014.08.27-01.10.32:151][111]LogExit: Object subsystem successfully closed.
[2014.08.27-01.10.32:191][111]LogModuleManager: Shutting down and abandoning module ExternalImagePicker (162)
[2014.08.27-01.10.32:191][111]LogModuleManager: Shutting down and abandoning module AndroidDeviceDetection (161)
[2014.08.27-01.10.32:191][111]LogModuleManager: Shutting down and abandoning module HTTP (160)
[2014.08.27-01.10.32:191][111]LogModuleManager: Shutting down and abandoning module CrashTracker (159)
[2014.08.27-01.10.32:191][111]LogModuleManager: Shutting down and abandoning module SuperSearch (158)
[2014.08.27-01.10.32:191][111]LogModuleManager: Shutting down and abandoning module SceneOutliner (157)
[2014.08.27-01.10.32:191][111]LogModuleManager: Shutting down and abandoning module EditorWidgets (156)
[2014.08.27-01.10.32:191][111]LogModuleManager: Shutting down and abandoning module CollectionManager (155)
[2014.08.27-01.10.32:191][111]LogModuleManager: Shutting down and abandoning module StatsViewer (154)
[2014.08.27-01.10.32:191][111]LogModuleManager: Shutting down and abandoning module FoliageEdit (153)
[2014.08.27-01.10.32:191][111]LogModuleManager: Shutting down and abandoning module LandscapeEditor (152)
[2014.08.27-01.10.32:191][111]LogModuleManager: Shutting down and abandoning module MeshPaint (151)
[2014.08.27-01.10.32:191][111]LogModuleManager: Shutting down and abandoning module ActorPickerMode (150)
[2014.08.27-01.10.32:191][111]LogModuleManager: Shutting down and abandoning module GeometryMode (149)
[2014.08.27-01.10.32:191][111]LogModuleManager: Shutting down and abandoning module TextureAlignMode (148)
[2014.08.27-01.10.32:191][111]LogModuleManager: Shutting down and abandoning module BspMode (147)
[2014.08.27-01.10.32:191][111]LogModuleManager: Shutting down and abandoning module PlacementMode (146)
[2014.08.27-01.10.32:191][111]LogModuleManager: Shutting down and abandoning module AutomationWorker (145)
[2014.08.27-01.10.32:191][111]LogModuleManager: Shutting down and abandoning module EditorLiveStreaming (144)
[2014.08.27-01.10.32:191][111]LogModuleManager: Shutting down and abandoning module BehaviorTreeEditor (143)
[2014.08.27-01.10.32:191][111]LogModuleManager: Shutting down and abandoning module DeviceProfileEditor (142)
[2014.08.27-01.10.32:191][111]LogModuleManager: Shutting down and abandoning module UndoHistory (141)
[2014.08.27-01.10.32:191][111]LogModuleManager: Shutting down and abandoning module GameplayTagsEditor (140)
[2014.08.27-01.10.32:191][111]LogModuleManager: Shutting down and abandoning module UserFeedback (139)
[2014.08.27-01.10.32:191][111]LogModuleManager: Shutting down and abandoning module XmlParser (138)
[2014.08.27-01.10.32:191][111]LogModuleManager: Shutting down and abandoning module Blutility (137)
[2014.08.27-01.10.32:191][111]LogModuleManager: Shutting down and abandoning module IOSPlatformEditor (136)
[2014.08.27-01.10.32:191][111]LogModuleManager: Shutting down and abandoning module IOSRuntimeSettings (135)
[2014.08.27-01.10.32:191][111]LogModuleManager: Shutting down and abandoning module AndroidPlatformEditor (134)
[2014.08.27-01.10.32:191][111]LogModuleManager: Shutting down and abandoning module AndroidRuntimeSettings (133)
[2014.08.27-01.10.32:191][111]LogModuleManager: Shutting down and abandoning module ProjectTargetPlatformEditor (132)
[2014.08.27-01.10.32:191][111]LogModuleManager: Shutting down and abandoning module ProjectSettingsViewer (131)
[2014.08.27-01.10.32:191][111]LogModuleManager: Shutting down and abandoning module InputBindingEditor (130)
[2014.08.27-01.10.32:191][111]LogModuleManager: Shutting down and abandoning module EditorSettingsViewer (129)
[2014.08.27-01.10.32:191][111]LogModuleManager: Shutting down and abandoning module SettingsEditor (128)
[2014.08.27-01.10.32:191][111]LogModuleManager: Shutting down and abandoning module SessionLauncher (127)
[2014.08.27-01.10.32:191][111]LogModuleManager: Shutting down and abandoning module SessionFrontend (126)
[2014.08.27-01.10.32:191][111]LogModuleManager: Shutting down and abandoning module ProfilerClient (125)
[2014.08.27-01.10.32:191][111]LogModuleManager: Shutting down and abandoning module TargetDeviceServices (124)
[2014.08.27-01.10.32:191][111]LogModuleManager: Shutting down and abandoning module DeviceManager (123)
[2014.08.27-01.10.32:191][111]LogModuleManager: Shutting down and abandoning module AutomationController (122)
[2014.08.27-01.10.32:191][111]LogModuleManager: Shutting down and abandoning module AutomationWindow (121)
[2014.08.27-01.10.32:191][111]LogModuleManager: Shutting down and abandoning module Layers (120)
[2014.08.27-01.10.32:191][111]LogModuleManager: Shutting down and abandoning module ComponentVisualizers (119)
[2014.08.27-01.10.32:191][111]LogModuleManager: Shutting down and abandoning module DetailCustomizations (118)
[2014.08.27-01.10.32:191][111]LogModuleManager: Shutting down and abandoning module PackagesDialog (117)
[2014.08.27-01.10.32:191][111]LogModuleManager: Shutting down and abandoning module DirectoryWatcher (116)
[2014.08.27-01.10.32:192][111]LogModuleManager: Shutting down and abandoning module AssetRegistry (115)
[2014.08.27-01.10.32:273][111]LogModuleManager: Shutting down and abandoning module Persona (114)
[2014.08.27-01.10.32:273][111]LogModuleManager: Shutting down and abandoning module GraphEditor (113)
[2014.08.27-01.10.32:273][111]LogModuleManager: Shutting down and abandoning module ClassViewer (112)
[2014.08.27-01.10.32:273][111]LogModuleManager: Shutting down and abandoning module Toolbox (111)
[2014.08.27-01.10.32:273][111]LogModuleManager: Shutting down and abandoning module ModuleUI (110)
[2014.08.27-01.10.32:273][111]LogModuleManager: Shutting down and abandoning module Sequencer (109)
[2014.08.27-01.10.32:273][111]LogModuleManager: Shutting down and abandoning module MovieSceneTools (108)
[2014.08.27-01.10.32:273][111]LogModuleManager: Shutting down and abandoning module OutputLog (107)
[2014.08.27-01.10.32:273][111]LogModuleManager: Shutting down and abandoning module GammaUI (106)
[2014.08.27-01.10.32:273][111]LogModuleManager: Shutting down and abandoning module Documentation (105)
[2014.08.27-01.10.32:273][111]LogModuleManager: Shutting down and abandoning module GameLiveStreaming (104)
[2014.08.27-01.10.32:273][111]LogModuleManager: Shutting down and abandoning module DesktopPlatform (103)
[2014.08.27-01.10.32:273][111]LogModuleManager: Shutting down and abandoning module StreamingPauseRendering (102)
[2014.08.27-01.10.32:273][111]LogModuleManager: Shutting down and abandoning module AnalyticsET (101)
[2014.08.27-01.10.32:273][111]LogModuleManager: Shutting down and abandoning module Analytics (100)
[2014.08.27-01.10.32:273][111]LogModuleManager: Shutting down and abandoning module GameplayDebugger (99)
[2014.08.27-01.10.32:273][111]LogModuleManager: Shutting down and abandoning module AIModule (98)
[2014.08.27-01.10.32:273][111]LogModuleManager: Shutting down and abandoning module ProfilerService (97)
[2014.08.27-01.10.32:300][111]LogModuleManager: Shutting down and abandoning module TaskGraph (96)
[2014.08.27-01.10.32:300][111]LogModuleManager: Shutting down and abandoning module SlateRemote (95)
[2014.08.27-01.10.32:300][111]LogModuleManager: Shutting down and abandoning module ScriptEditorPlugin (94)
[2014.08.27-01.10.32:300][111]LogModuleManager: Shutting down and abandoning module CustomMeshComponent (93)
[2014.08.27-01.10.32:300][111]LogModuleManager: Shutting down and abandoning module CableComponent (92)
[2014.08.27-01.10.32:300][111]LogModuleManager: Shutting down and abandoning module MessagingDebugger (91)
[2014.08.27-01.10.32:300][111]LogModuleManager: Shutting down and abandoning module ViewportSnapping (90)
[2014.08.27-01.10.32:300][111]LogModuleManager: Shutting down and abandoning module SmartSnapping (89)
[2014.08.27-01.10.32:300][111]LogModuleManager: Shutting down and abandoning module PaperTiledImporter (88)
[2014.08.27-01.10.32:300][111]LogModuleManager: Shutting down and abandoning module PaperJsonImporter (87)
[2014.08.27-01.10.32:300][111]LogModuleManager: Shutting down and abandoning module GameProjectGeneration (86)
[2014.08.27-01.10.32:300][111]LogModuleManager: Shutting down and abandoning module Matinee (85)
[2014.08.27-01.10.32:300][111]LogModuleManager: Shutting down and abandoning module Kismet (84)
[2014.08.27-01.10.32:300][111]LogModuleManager: Shutting down and abandoning module SlateReflector (83)
[2014.08.27-01.10.32:300][111]LogModuleManager: Shutting down and abandoning module LevelEditor (82)
[2014.08.27-01.10.32:301][111]LogModuleManager: Shutting down and abandoning module IntroTutorials (81)
[2014.08.27-01.10.32:301][111]LogModuleManager: Shutting down and abandoning module ContentBrowser (80)
[2014.08.27-01.10.32:301][111]LogModuleManager: Shutting down and abandoning module PropertyEditor (79)
[2014.08.27-01.10.32:301][111]LogModuleManager: Shutting down and abandoning module AssetTools (78)
[2014.08.27-01.10.32:301][111]LogModuleManager: Shutting down and abandoning module Paper2DEditor (77)
[2014.08.27-01.10.32:301][111]LogModuleManager: Shutting down and abandoning module SpeedTreeImporter (76)
[2014.08.27-01.10.32:301][111]LogModuleManager: Shutting down and abandoning module PluginsEditor (75)
[2014.08.27-01.10.32:301][111]LogModuleManager: Shutting down and abandoning module MainFrame (74)
[2014.08.27-01.10.32:301][111]LogModuleManager: Shutting down and abandoning module EpicSurvey (73)
[2014.08.27-01.10.32:301][111]LogModuleManager: Shutting down and abandoning module VisualStudioSourceCodeAccess (72)
[2014.08.27-01.10.32:301][111]LogModuleManager: Shutting down and abandoning module UObjectPlugin (71)
[2014.08.27-01.10.32:301][111]LogModuleManager: Shutting down and abandoning module SubversionSourceControl (70)
[2014.08.27-01.10.32:301][111]LogModuleManager: Shutting down and abandoning module SourceControl (69)
[2014.08.27-01.10.32:301][111]LogModuleManager: Shutting down and abandoning module PerforceSourceControl (68)
[2014.08.27-01.10.32:301][111]LogModuleManager: Shutting down and abandoning module BlankPlugin (67)
[2014.08.27-01.10.32:301][111]LogModuleManager: Shutting down and abandoning module ScriptPlugin (66)
[2014.08.27-01.10.32:301][111]LogModuleManager: Shutting down and abandoning module UdpMessaging (65)
[2014.08.27-01.10.32:402][111]LogModuleManager: Shutting down and abandoning module Paper2D (64)
[2014.08.27-01.10.32:402][111]LogModuleManager: Shutting down and abandoning module WindowsMoviePlayer (63)
[2014.08.27-01.10.32:404][111]LogModuleManager: Shutting down and abandoning module ImageWrapper (62)
[2014.08.27-01.10.32:404][111]LogModuleManager: Shutting down and abandoning module OnlineBlueprintSupport (61)
[2014.08.27-01.10.32:404][111]LogModuleManager: Shutting down and abandoning module FunctionalTesting (60)
[2014.08.27-01.10.32:404][111]LogModuleManager: Shutting down and abandoning module CollisionAnalyzer (59)
[2014.08.27-01.10.32:404][111]LogModuleManager: Shutting down and abandoning module WorkspaceMenuStructure (58)
[2014.08.27-01.10.32:404][111]LogModuleManager: Shutting down and abandoning module MessageLog (57)
[2014.08.27-01.10.32:404][111]LogModuleManager: Shutting down and abandoning module UMGEditor (56)
[2014.08.27-01.10.32:404][111]LogModuleManager: Shutting down and abandoning module UMG (55)
[2014.08.27-01.10.32:404][111]LogModuleManager: Shutting down and abandoning module Slate (54)
[2014.08.27-01.10.32:404][111]LogModuleManager: Shutting down and abandoning module EditorStyle (53)
[2014.08.27-01.10.32:406][111]LogModuleManager: Shutting down and abandoning module SessionServices (52)
[2014.08.27-01.10.32:406][111]LogModuleManager: Shutting down and abandoning module SourceCodeAccess (51)
[2014.08.27-01.10.32:406][111]LogModuleManager: Shutting down and abandoning module HeadMountedDisplay (50)
[2014.08.27-01.10.32:406][111]LogModuleManager: Shutting down and abandoning module XAudio2 (49)
[2014.08.27-01.10.32:406][111]LogModuleManager: Shutting down and abandoning module Networking (47)
[2014.08.27-01.10.32:406][111]LogModuleManager: Shutting down and abandoning module Core (46)
[2014.08.27-01.10.32:406][111]LogModuleManager: Shutting down and abandoning module KismetCompiler (45)
[2014.08.27-01.10.32:406][111]LogModuleManager: Shutting down and abandoning module PhysXFormats (44)
[2014.08.27-01.10.32:406][111]LogModuleManager: Shutting down and abandoning module MeshUtilities (43)
[2014.08.27-01.10.32:406][111]LogModuleManager: Shutting down and abandoning module DerivedDataCache (42)
[2014.08.27-01.10.32:568][111]LogDerivedDataCache: Shutdown
[2014.08.27-01.10.32:568][111]LogModuleManager: Shutting down and abandoning module ShaderFormatOpenGL (41)
[2014.08.27-01.10.32:568][111]LogModuleManager: Shutting down and abandoning module ShaderFormatD3D (40)
[2014.08.27-01.10.32:568][111]LogModuleManager: Shutting down and abandoning module MetalShaderFormat (39)
[2014.08.27-01.10.32:568][111]LogModuleManager: Shutting down and abandoning module TextureFormatUncompressed (38)
[2014.08.27-01.10.32:568][111]LogModuleManager: Shutting down and abandoning module TextureFormatPVR (37)
[2014.08.27-01.10.32:568][111]LogModuleManager: Shutting down and abandoning module TextureFormatDXT (36)
[2014.08.27-01.10.32:568][111]LogModuleManager: Shutting down and abandoning module TextureFormatAndroid (35)
[2014.08.27-01.10.32:568][111]LogModuleManager: Shutting down and abandoning module AudioFormatOpus (34)
[2014.08.27-01.10.32:568][111]LogModuleManager: Shutting down and abandoning module AudioFormatOgg (33)
[2014.08.27-01.10.32:568][111]LogModuleManager: Shutting down and abandoning module AudioFormatADPCM (32)
[2014.08.27-01.10.32:568][111]LogModuleManager: Shutting down and abandoning module Messaging (31)
[2014.08.27-01.10.32:568][111]LogModuleManager: Shutting down and abandoning module IOSTargetPlatform (30)
[2014.08.27-01.10.32:568][111]LogModuleManager: Shutting down and abandoning module Android_PVRTCTargetPlatform (29)
[2014.08.27-01.10.32:568][111]LogModuleManager: Shutting down and abandoning module Android_ETC2TargetPlatform (28)
[2014.08.27-01.10.32:568][111]LogModuleManager: Shutting down and abandoning module Android_ETC1TargetPlatform (27)
[2014.08.27-01.10.32:568][111]LogModuleManager: Shutting down and abandoning module Android_DXTTargetPlatform (26)
[2014.08.27-01.10.32:568][111]LogModuleManager: Shutting down and abandoning module Android_ATCTargetPlatform (25)
[2014.08.27-01.10.32:568][111]LogModuleManager: Shutting down and abandoning module AndroidTargetPlatform (24)
[2014.08.27-01.10.32:568][111]LogModuleManager: Shutting down and abandoning module WindowsTargetPlatform (23)
[2014.08.27-01.10.32:569][111]LogModuleManager: Shutting down and abandoning module WindowsServerTargetPlatform (22)
[2014.08.27-01.10.32:569][111]LogModuleManager: Shutting down and abandoning module WindowsNoEditorTargetPlatform (21)
[2014.08.27-01.10.32:569][111]LogModuleManager: Shutting down and abandoning module WindowsClientTargetPlatform (20)
[2014.08.27-01.10.32:569][111]LogModuleManager: Shutting down and abandoning module TargetPlatform (19)
[2014.08.27-01.10.32:569][111]LogModuleManager: Shutting down and abandoning module InputCore (18)
[2014.08.27-01.10.32:569][111]LogModuleManager: Shutting down and abandoning module Settings (17)
[2014.08.27-01.10.32:569][111]LogModuleManager: Shutting down and abandoning module ExampleDeviceProfileSelector (14)
[2014.08.27-01.10.32:569][111]LogModuleManager: Shutting down and abandoning module OculusRift (13)
[2014.08.27-01.10.32:569][111]LogModuleManager: Shutting down and abandoning module TextureCompressor (12)
[2014.08.27-01.10.32:569][111]LogModuleManager: Shutting down and abandoning module ShaderCore (11)
[2014.08.27-01.10.32:569][111]LogModuleManager: Shutting down and abandoning module OpenGLDrv (10)
[2014.08.27-01.10.32:569][111]LogModuleManager: Shutting down and abandoning module D3D11RHI (9)
[2014.08.27-01.10.32:569][111]LogModuleManager: Shutting down and abandoning module SlateRHIRenderer (8)
[2014.08.27-01.10.32:569][111]LogModuleManager: Shutting down and abandoning module Renderer (7)
[2014.08.27-01.10.32:569][111]LogModuleManager: Shutting down and abandoning module Engine (6)
[2014.08.27-01.10.32:569][111]LogModuleManager: Shutting down and abandoning module CoreUObject (5)
[2014.08.27-01.10.32:569][111]LogModuleManager: Shutting down and abandoning module NetworkFile (4)
[2014.08.27-01.10.32:569][111]LogModuleManager: Shutting down and abandoning module StreamingFile (3)
[2014.08.27-01.10.32:569][111]LogModuleManager: Shutting down and abandoning module SandboxFile (2)
[2014.08.27-01.10.32:569][111]LogModuleManager: Shutting down and abandoning module PakFile (1)
[2014.08.27-01.10.32:569][111]LogExit: Exiting.
[2014.08.27-01.10.32:571][111]Log file closed, 08/27/14 11:10:32
