Log file open, 08/23/14 08:43:13
LogInit:Display: Running engine for game: TP_BPFirstPersonRift
LogInit: Version: 4.4.1-2265359+++depot+UE4-Releases+4.4
LogInit: API Version: 2255576
LogInit: Compiled (64-bit): Aug 20 2014 22:16:55
LogInit: Build Configuration: Development
LogInit: Branch Name: ++depot+UE4-Releases+4.4
LogInit: Command line:  /Temp/Autosaves/Game/Maps/UEDPCExample_Map -game -PIEVIACONSOLE -ResX=1280 -ResY=720  -Multiprocess 
LogInit: Base directory: C:/Program Files/Unreal Engine/4.4/Engine/Binaries/Win64/
LogInit: Rocket: 1
[2014.08.22-22.43.13:332][  0]LogTaskGraph: Started task graph with 3 named threads and 4 total threads.
[2014.08.22-22.43.13:362][  0]LogOnline:Warning: No default platform service specified for OnlineSubsystem
[2014.08.22-22.43.13:371][  0]LogInit: Presizing for 0 objects not considered by GC, pre-allocating 0 bytes.
[2014.08.22-22.43.13:376][  0]LogInit: Object subsystem initialized
[2014.08.22-22.43.13:378][  0]LogInit: Selected Device Profile: [Windows]
[2014.08.22-22.43.13:378][  0]LogInit: Applying CVar settings loaded from the selected device profile: [Windows]
[2014.08.22-22.43.13:383][  0]LogInit: Computer: HOME
[2014.08.22-22.43.13:383][  0]LogInit: User: McCaffrey
[2014.08.22-22.43.13:384][  0]LogInit: CPU Page size=4096, Cores=4
[2014.08.22-22.43.13:384][  0]LogInit: High frequency timer resolution =3.410077 MHz
[2014.08.22-22.43.13:384][  0]LogMemory: Memory total: Physical=15.9GB (16GB approx) Virtual=131072.0GB
[2014.08.22-22.43.13:384][  0]LogMemory: Platform Memory Stats for Windows
[2014.08.22-22.43.13:384][  0]LogMemory: Process Physical Memory: 59.98 MB used, 59.98 MB peak
[2014.08.22-22.43.13:384][  0]LogMemory: Process Virtual Memory: 36.21 MB used, 36.21 MB peak
[2014.08.22-22.43.13:384][  0]LogMemory: Physical Memory: 4260.80 MB used, 16268.46 MB total
[2014.08.22-22.43.13:384][  0]LogMemory: Virtual Memory: 265.88 MB used, 134217728.00 MB total
[2014.08.22-22.43.13:421][  0]LogD3D11RHI: Found D3D11 adapter 0: NVIDIA GeForce GTX 770 (Feature Level 11_0)
[2014.08.22-22.43.13:421][  0]LogD3D11RHI: Adapter has 1985MB of dedicated video memory, 0MB of dedicated system memory, and 2048MB of shared system memory, 3 output[s]
[2014.08.22-22.43.13:428][  0]LogD3D11RHI: Found D3D11 adapter 1: Intel(R) HD Graphics 4600 (Feature Level 11_0)
[2014.08.22-22.43.13:428][  0]LogD3D11RHI: Adapter has 32MB of dedicated video memory, 0MB of dedicated system memory, and 1760MB of shared system memory, 0 output[s]
[2014.08.22-22.43.13:429][  0]LogD3D11RHI: Found D3D11 adapter 2: Microsoft Basic Render Driver (Feature Level 11_0)
[2014.08.22-22.43.13:429][  0]LogD3D11RHI: Adapter has 0MB of dedicated video memory, 0MB of dedicated system memory, and 256MB of shared system memory, 0 output[s]
[2014.08.22-22.43.13:429][  0]LogD3D11RHI: Chosen D3D11 Adapter Id = 0
[2014.08.22-22.43.13:434][  0]LogRHI: Texture pool is 1361 MB (70% of 1945 MB)
[2014.08.22-22.43.13:444][  0]LogD3D11RHI: Async texture creation enabled
[2014.08.22-22.43.13:545][  0]LogContentStreaming: Texture pool size is 1000.000000MB
[2014.08.22-22.43.14:786][  0]LogTargetPlatformManager:Display: Building Assets For Windows
[2014.08.22-22.43.15:177][  0]LogTargetPlatformManager:Display: Building Assets For Windows
[2014.08.22-22.43.15:214][  0]LogDerivedDataCache:Display: Max Cache Size: 512 MB
[2014.08.22-22.43.15:253][  0]LogDerivedDataCache: Loaded boot cache 0.04s 57MB C:/Users/McCaffrey/AppData/Local/UnrealEngine/4.4/DerivedDataCache/Boot.ddc.
[2014.08.22-22.43.15:253][  0]LogDerivedDataCache:Display: Loaded Boot cache: C:/Users/McCaffrey/AppData/Local/UnrealEngine/4.4/DerivedDataCache/Boot.ddc
[2014.08.22-22.43.15:253][  0]LogDerivedDataCache: FDerivedDataBackendGraph:  Pak pak cache file F:/Unreal/GitHub/TP_BPFirstPersonRift/DerivedDataCache/DDC.ddp not found, will not use a pak cache.
[2014.08.22-22.43.15:253][  0]LogDerivedDataCache: Unable to find inner node Pak for hierarchical cache Hierarchy.
[2014.08.22-22.43.15:266][  0]LogDerivedDataCache:Display: Pak cache opened for reading ../../../Engine/DerivedDataCache/DDC.ddp.
[2014.08.22-22.43.15:278][  0]LogDerivedDataCache: Using Local data cache path C:/Users/McCaffrey/AppData/Local/UnrealEngine/4.4/DerivedDataCache: Writable
[2014.08.22-22.43.15:417][  0]LogMeshUtilities: No automatic mesh reduction module available
[2014.08.22-22.43.15:417][  0]LogMeshUtilities: No automatic mesh merging module available
[2014.08.22-22.43.15:714][  0]LogInit: WinSock: version 1.1 (2.2), MaxSocks=32767, MaxUdp=65467
[2014.08.22-22.43.16:476][  0]LogWindowsMoviePlayer: Unable to load movie: F:/Unreal/GitHub/TP_BPFirstPersonRift/Content/Movies/Default_Startup.mp4
[2014.08.22-22.43.16:582][  0]LogStats:Warning: MetaData mismatch. Did you assign a stat to two groups? New //STATGROUP_Threads//FMonitoredProcess///Thread_1f3c_0///////STATCAT_Advanced//// old //STATGROUP_Threads//FMonitoredProcess///Thread_ef4_0///////STATCAT_Advanced////
[2014.08.22-22.43.16:582][  0]SourceControl: Info Source control is disabled
[2014.08.22-22.43.16:582][  0]SourceControl: Info Source control is disabled
[2014.08.22-22.43.16:589][  0]SourceControl: Info Source control is disabled
[2014.08.22-22.43.16:632][  0]LogObj: 20996 objects as part of root set at end of initial load.
[2014.08.22-22.43.16:632][  0]LogUObjectAllocator: 3965960 out of 0 bytes used by permanent object pool.
[2014.08.22-22.43.16:818][  0]LogAutomationTest:Warning: ERR: Transient text cannot be serialized "Testing Transient serialization detection".
[2014.08.22-22.43.16:818][  0]LogEngine: Initializing Engine...
[2014.08.22-22.43.16:819][  0]LogHMD:Warning: HMD Oculus Rift DK2, Monitor \\.\DISPLAY3\Monitor0, res = 1920 x 1080, windowPos = {-1920, 0}
[2014.08.22-22.43.16:819][  0]LogHMD: Oculus initialized.
[2014.08.22-22.43.16:899][  0]LogInit: XAudio2 using 'Speakers (Realtek High Definition Audio)' : 2 channels at 48 kHz using 32 bits per sample (channel mask 0x3)
[2014.08.22-22.43.16:908][  0]LogInit: FAudioDevice initialized.
[2014.08.22-22.43.16:912][  0]LogInit: Texture streaming: Enabled
[2014.08.22-22.43.16:971][  0]LogConsoleResponse:Display: 
[2014.08.22-22.43.16:972][  0]LogNet: Browse: /Temp/Autosaves/Game/Maps/UEDPCExample_Map?Name=Player
[2014.08.22-22.43.16:972][  0]LogLoad: LoadMap: /Temp/Autosaves/Game/Maps/UEDPCExample_Map?Name=Player
[2014.08.22-22.43.16:992][  0]LogMemory: Platform Memory Stats for Windows
[2014.08.22-22.43.16:992][  0]LogMemory: Process Physical Memory: 273.73 MB used, 313.39 MB peak
[2014.08.22-22.43.16:992][  0]LogMemory: Process Virtual Memory: 222.89 MB used, 267.37 MB peak
[2014.08.22-22.43.16:992][  0]LogMemory: Physical Memory: 4435.57 MB used, 16268.46 MB total
[2014.08.22-22.43.16:992][  0]LogMemory: Virtual Memory: 635.19 MB used, 134217728.00 MB total
[2014.08.22-22.43.16:992][  0]LogMemory: 
[2014.08.22-22.43.16:992][  0]Allocator Stats for TBB: (not implemented)
[2014.08.22-22.43.17:597][  0]LogBlueprint:Warning: [compiler] Warning Unable to find function with name 'GetControlledPawn' for  GetControlledPawn 
[2014.08.22-22.43.17:597][  0]LogBlueprint:Warning: [compiler] Warning Unable to find function with name 'GetControlledPawn' for  GetControlledPawn 
[2014.08.22-22.43.17:616][  0]LogBlueprint:Warning: [compiler] Warning Could not find the function 'GetControlledPawn' called from  GetControlledPawn 
[2014.08.22-22.43.17:616][  0]LogBlueprint:Warning: [compiler] Warning Could not find the function 'GetControlledPawn' called from  GetControlledPawn 
[2014.08.22-22.43.17:619][  0]LogBlueprint:Warning: [compiler] Warning [0005.01] Compile of VRPlayerController successful, but with 4 Warning(s) [in 32 ms]
[2014.08.22-22.43.17:675][  0]LogBlueprint:Warning: [compiler] Warning Unable to find function with name 'GetControlledPawn' for  GetControlledPawn 
[2014.08.22-22.43.17:675][  0]LogBlueprint:Warning: [compiler] Warning Unable to find function with name 'GetControlledPawn' for  GetControlledPawn 
[2014.08.22-22.43.17:691][  0]LogBlueprint:Warning: [compiler] Warning Could not find the function 'GetControlledPawn' called from  GetControlledPawn 
[2014.08.22-22.43.17:691][  0]LogBlueprint:Warning: [compiler] Warning Could not find the function 'GetControlledPawn' called from  GetControlledPawn 
[2014.08.22-22.43.17:695][  0]LogBlueprint:Warning: [compiler] Warning [0005.08] Compile of VRPlayerController successful, but with 4 Warning(s) [in 29 ms]
[2014.08.22-22.43.18:072][  0]LogWorld: Game class is 'VRGameMode_C'
[2014.08.22-22.43.18:091][  0]LogAIModule: Creating AISystem for world Example_Map
[2014.08.22-22.43.18:095][  0]LogWorld: Bringing World /Temp/Autosaves/Game/Maps/UEDPCExample_Map.Example_Map up for play (max tick rate 0) at 2014.08.23-08.43.18
[2014.08.22-22.43.18:096][  0]LogWorld: Bringing up level for play took: 0.005490
[2014.08.22-22.43.18:099][  0]LogInit:Display: Game Engine Initialized.
[2014.08.22-22.43.18:309][  0]LogLoad: Full Startup: 5.70 seconds (BP compile: 0.66 seconds)
[2014.08.22-22.43.18:463][  0]LogRenderer:Warning: Reallocating scene render targets to support 1280x720.
[2014.08.22-22.43.21:219][343]LogHMD:Warning: Vision Tracking Acquired
[2014.08.22-22.43.57:044][489]Closing by request
[2014.08.22-22.43.57:044][489]LogWindows: FPlatformMisc::RequestExit(0)
[2014.08.22-22.43.57:112][490]LogWindowsTextInputMethodSystem:Error: Terminating failed while unadvising the language notification sink from the TSF source.
[2014.08.22-22.43.57:131][490]LogExit: Preparing to exit.
[2014.08.22-22.43.57:260][490]LogExit: Game engine shut down
[2014.08.22-22.43.57:260][490]LogParticles: Destroying 0 GPU particle simulations for FXSystem 0x0000000110249EE0
[2014.08.22-22.43.57:281][490]LogHMD: Oculus shutdown.
[2014.08.22-22.43.57:306][490]LogExit: Object subsystem successfully closed.
[2014.08.22-22.43.57:332][490]LogModuleManager: Shutting down and abandoning module HTTP (86)
[2014.08.22-22.43.57:332][490]LogModuleManager: Shutting down and abandoning module AndroidDeviceDetection (85)
[2014.08.22-22.43.57:332][490]LogModuleManager: Shutting down and abandoning module AutomationWorker (84)
[2014.08.22-22.43.57:332][490]LogModuleManager: Shutting down and abandoning module GameplayDebugger (83)
[2014.08.22-22.43.57:332][490]LogModuleManager: Shutting down and abandoning module AIModule (82)
[2014.08.22-22.43.57:332][490]LogModuleManager: Shutting down and abandoning module GameLiveStreaming (81)
[2014.08.22-22.43.57:332][490]LogModuleManager: Shutting down and abandoning module StreamingPauseRendering (80)
[2014.08.22-22.43.57:332][490]LogModuleManager: Shutting down and abandoning module AnalyticsET (79)
[2014.08.22-22.43.57:332][490]LogModuleManager: Shutting down and abandoning module Analytics (78)
[2014.08.22-22.43.57:332][490]LogModuleManager: Shutting down and abandoning module ProfilerService (77)
[2014.08.22-22.43.57:430][490]LogModuleManager: Shutting down and abandoning module TaskGraph (76)
[2014.08.22-22.43.57:430][490]LogModuleManager: Shutting down and abandoning module SlateRemote (75)
[2014.08.22-22.43.57:430][490]LogModuleManager: Shutting down and abandoning module CustomMeshComponent (74)
[2014.08.22-22.43.57:430][490]LogModuleManager: Shutting down and abandoning module CableComponent (73)
[2014.08.22-22.43.57:430][490]LogModuleManager: Shutting down and abandoning module VisualStudioSourceCodeAccess (72)
[2014.08.22-22.43.57:430][490]LogModuleManager: Shutting down and abandoning module UObjectPlugin (71)
[2014.08.22-22.43.57:430][490]LogModuleManager: Shutting down and abandoning module SubversionSourceControl (70)
[2014.08.22-22.43.57:430][490]LogModuleManager: Shutting down and abandoning module SourceControl (69)
[2014.08.22-22.43.57:430][490]LogModuleManager: Shutting down and abandoning module PerforceSourceControl (68)
[2014.08.22-22.43.57:430][490]LogModuleManager: Shutting down and abandoning module BlankPlugin (67)
[2014.08.22-22.43.57:430][490]LogModuleManager: Shutting down and abandoning module ScriptPlugin (66)
[2014.08.22-22.43.57:430][490]LogModuleManager: Shutting down and abandoning module UdpMessaging (65)
[2014.08.22-22.43.57:430][490]LogModuleManager: Shutting down and abandoning module Paper2D (64)
[2014.08.22-22.43.57:430][490]LogModuleManager: Shutting down and abandoning module WindowsMoviePlayer (63)
[2014.08.22-22.43.57:430][490]LogModuleManager: Shutting down and abandoning module ImageWrapper (62)
[2014.08.22-22.43.57:430][490]LogModuleManager: Shutting down and abandoning module OnlineBlueprintSupport (61)
[2014.08.22-22.43.57:430][490]LogModuleManager: Shutting down and abandoning module FunctionalTesting (60)
[2014.08.22-22.43.57:430][490]LogModuleManager: Shutting down and abandoning module CollisionAnalyzer (59)
[2014.08.22-22.43.57:430][490]LogModuleManager: Shutting down and abandoning module WorkspaceMenuStructure (58)
[2014.08.22-22.43.57:430][490]LogModuleManager: Shutting down and abandoning module MessageLog (57)
[2014.08.22-22.43.57:430][490]LogModuleManager: Shutting down and abandoning module UMGEditor (56)
[2014.08.22-22.43.57:430][490]LogModuleManager: Shutting down and abandoning module UMG (55)
[2014.08.22-22.43.57:430][490]LogModuleManager: Shutting down and abandoning module Slate (54)
[2014.08.22-22.43.57:430][490]LogModuleManager: Shutting down and abandoning module EditorStyle (53)
[2014.08.22-22.43.57:432][490]LogModuleManager: Shutting down and abandoning module SessionServices (52)
[2014.08.22-22.43.57:432][490]LogModuleManager: Shutting down and abandoning module SourceCodeAccess (51)
[2014.08.22-22.43.57:432][490]LogModuleManager: Shutting down and abandoning module HeadMountedDisplay (50)
[2014.08.22-22.43.57:432][490]LogModuleManager: Shutting down and abandoning module XAudio2 (49)
[2014.08.22-22.43.57:432][490]LogModuleManager: Shutting down and abandoning module Networking (47)
[2014.08.22-22.43.57:432][490]LogModuleManager: Shutting down and abandoning module Core (46)
[2014.08.22-22.43.57:432][490]LogModuleManager: Shutting down and abandoning module KismetCompiler (45)
[2014.08.22-22.43.57:432][490]LogModuleManager: Shutting down and abandoning module PhysXFormats (44)
[2014.08.22-22.43.57:432][490]LogModuleManager: Shutting down and abandoning module MeshUtilities (43)
[2014.08.22-22.43.57:432][490]LogModuleManager: Shutting down and abandoning module DerivedDataCache (42)
[2014.08.22-22.43.57:801][490]LogDerivedDataCache: Shutdown
[2014.08.22-22.43.57:801][490]LogModuleManager: Shutting down and abandoning module ShaderFormatOpenGL (41)
[2014.08.22-22.43.57:801][490]LogModuleManager: Shutting down and abandoning module ShaderFormatD3D (40)
[2014.08.22-22.43.57:801][490]LogModuleManager: Shutting down and abandoning module MetalShaderFormat (39)
[2014.08.22-22.43.57:801][490]LogModuleManager: Shutting down and abandoning module TextureFormatUncompressed (38)
[2014.08.22-22.43.57:801][490]LogModuleManager: Shutting down and abandoning module TextureFormatPVR (37)
[2014.08.22-22.43.57:801][490]LogModuleManager: Shutting down and abandoning module TextureFormatDXT (36)
[2014.08.22-22.43.57:801][490]LogModuleManager: Shutting down and abandoning module TextureFormatAndroid (35)
[2014.08.22-22.43.57:801][490]LogModuleManager: Shutting down and abandoning module AudioFormatOpus (34)
[2014.08.22-22.43.57:801][490]LogModuleManager: Shutting down and abandoning module AudioFormatOgg (33)
[2014.08.22-22.43.57:801][490]LogModuleManager: Shutting down and abandoning module AudioFormatADPCM (32)
[2014.08.22-22.43.57:801][490]LogModuleManager: Shutting down and abandoning module Messaging (31)
[2014.08.22-22.43.57:801][490]LogModuleManager: Shutting down and abandoning module IOSTargetPlatform (30)
[2014.08.22-22.43.57:801][490]LogModuleManager: Shutting down and abandoning module Android_PVRTCTargetPlatform (29)
[2014.08.22-22.43.57:801][490]LogModuleManager: Shutting down and abandoning module Android_ETC2TargetPlatform (28)
[2014.08.22-22.43.57:801][490]LogModuleManager: Shutting down and abandoning module Android_ETC1TargetPlatform (27)
[2014.08.22-22.43.57:801][490]LogModuleManager: Shutting down and abandoning module Android_DXTTargetPlatform (26)
[2014.08.22-22.43.57:801][490]LogModuleManager: Shutting down and abandoning module Android_ATCTargetPlatform (25)
[2014.08.22-22.43.57:802][490]LogModuleManager: Shutting down and abandoning module AndroidTargetPlatform (24)
[2014.08.22-22.43.57:802][490]LogModuleManager: Shutting down and abandoning module WindowsTargetPlatform (23)
[2014.08.22-22.43.57:802][490]LogModuleManager: Shutting down and abandoning module WindowsServerTargetPlatform (22)
[2014.08.22-22.43.57:802][490]LogModuleManager: Shutting down and abandoning module WindowsNoEditorTargetPlatform (21)
[2014.08.22-22.43.57:802][490]LogModuleManager: Shutting down and abandoning module WindowsClientTargetPlatform (20)
[2014.08.22-22.43.57:802][490]LogModuleManager: Shutting down and abandoning module TargetPlatform (19)
[2014.08.22-22.43.57:802][490]LogModuleManager: Shutting down and abandoning module InputCore (18)
[2014.08.22-22.43.57:802][490]LogModuleManager: Shutting down and abandoning module Settings (17)
[2014.08.22-22.43.57:802][490]LogModuleManager: Shutting down and abandoning module ExampleDeviceProfileSelector (14)
[2014.08.22-22.43.57:802][490]LogModuleManager: Shutting down and abandoning module OculusRift (13)
[2014.08.22-22.43.57:802][490]LogModuleManager: Shutting down and abandoning module TextureCompressor (12)
[2014.08.22-22.43.57:802][490]LogModuleManager: Shutting down and abandoning module ShaderCore (11)
[2014.08.22-22.43.57:802][490]LogModuleManager: Shutting down and abandoning module OpenGLDrv (10)
[2014.08.22-22.43.57:802][490]LogModuleManager: Shutting down and abandoning module D3D11RHI (9)
[2014.08.22-22.43.57:802][490]LogModuleManager: Shutting down and abandoning module SlateRHIRenderer (8)
[2014.08.22-22.43.57:802][490]LogModuleManager: Shutting down and abandoning module Renderer (7)
[2014.08.22-22.43.57:802][490]LogModuleManager: Shutting down and abandoning module Engine (6)
[2014.08.22-22.43.57:802][490]LogModuleManager: Shutting down and abandoning module CoreUObject (5)
[2014.08.22-22.43.57:802][490]LogModuleManager: Shutting down and abandoning module NetworkFile (4)
[2014.08.22-22.43.57:802][490]LogModuleManager: Shutting down and abandoning module StreamingFile (3)
[2014.08.22-22.43.57:802][490]LogModuleManager: Shutting down and abandoning module SandboxFile (2)
[2014.08.22-22.43.57:802][490]LogModuleManager: Shutting down and abandoning module PakFile (1)
[2014.08.22-22.43.57:802][490]LogExit: Exiting.
[2014.08.22-22.43.57:803][490]Log file closed, 08/23/14 08:43:57
